#! /c/Source/iverilog-install/bin/vvp
:ivl_version "12.0 (devel)" "(s20150603-1539-g2693dd32b)";
:ivl_delay_selection "TYPICAL";
:vpi_time_precision - 12;
:vpi_module "C:\iverilog\lib\ivl\system.vpi";
:vpi_module "C:\iverilog\lib\ivl\vhdl_sys.vpi";
:vpi_module "C:\iverilog\lib\ivl\vhdl_textio.vpi";
:vpi_module "C:\iverilog\lib\ivl\v2005_math.vpi";
:vpi_module "C:\iverilog\lib\ivl\va_math.vpi";
S_00000218a5c1e320 .scope module, "tb_aho_corasick" "tb_aho_corasick" 2 3;
 .timescale -9 -12;
v00000218a5c9eaa0_0 .var "byte_in", 7 0;
v00000218a5c9f5e0_0 .var "byte_valid", 0 0;
v00000218a5ca0800_0 .var "clk", 0 0;
v00000218a5c9ff40_0 .var "frame_end", 0 0;
v00000218a5c9ffe0_0 .var "frame_start", 0 0;
v00000218a5c9ef00 .array "goto_flat", 65279 0, 9 0;
v00000218a5c9f860_0 .var/i "i", 31 0;
v00000218a5c9fe00_0 .var/i "j", 31 0;
v00000218a5ca0120_0 .net "match_found", 0 0, v00000218a5c23ba0_0;  1 drivers
v00000218a5c9f2c0_0 .net "match_offset", 15 0, v00000218a5c23f60_0;  1 drivers
v00000218a5c9fae0_0 .net "match_pattern_id", 9 0, v00000218a5c24960_0;  1 drivers
v00000218a5c9fea0_0 .var "rst_n", 0 0;
v00000218a5ca01c0_0 .net "sram_addr", 17 0, v00000218a5c24a00_0;  1 drivers
v00000218a5ca03a0_0 .net "sram_ce_n", 0 0, v00000218a5c23e20_0;  1 drivers
v00000218a5c9eb40_0 .net "sram_data", 15 0, L_00000218a5c9f900;  1 drivers
v00000218a5ca0440_0 .net "sram_oe_n", 0 0, v00000218a5c241e0_0;  1 drivers
v00000218a5c9f360_0 .net "sram_we_n", 0 0, v00000218a5ca0080_0;  1 drivers
S_00000218a5c1e8f0 .scope task, "send_byte" "send_byte" 2 60, 2 60 0, S_00000218a5c1e320;
 .timescale -9 -12;
v00000218a5c248c0_0 .var "b", 7 0;
E_00000218a5c49020 .event posedge, v00000218a5c24500_0;
TD_tb_aho_corasick.send_byte ;
    %wait E_00000218a5c49020;
    %load/vec4 v00000218a5c248c0_0;
    %assign/vec4 v00000218a5c9eaa0_0, 0;
    %pushi/vec4 1, 0, 1;
    %assign/vec4 v00000218a5c9f5e0_0, 0;
    %wait E_00000218a5c49020;
    %pushi/vec4 0, 0, 1;
    %assign/vec4 v00000218a5c9f5e0_0, 0;
    %end;
S_00000218a5c1ea80 .scope task, "send_string" "send_string" 2 71, 2 71 0, S_00000218a5c1e320;
 .timescale -9 -12;
v00000218a5c24780_0 .var/i "k", 31 0;
v00000218a5c24460_0 .var/i "len", 31 0;
v00000218a5c24820_0 .var "str", 255 0;
TD_tb_aho_corasick.send_string ;
    %pushi/vec4 0, 0, 32;
    %store/vec4 v00000218a5c24780_0, 0, 32;
T_1.0 ;
    %load/vec4 v00000218a5c24780_0;
    %load/vec4 v00000218a5c24460_0;
    %cmp/s;
    %jmp/0xz T_1.1, 5;
    %load/vec4 v00000218a5c24820_0;
    %load/vec4 v00000218a5c24460_0;
    %subi 1, 0, 32;
    %load/vec4 v00000218a5c24780_0;
    %sub;
    %muli 8, 0, 32;
    %part/s 8;
    %store/vec4 v00000218a5c248c0_0, 0, 8;
    %fork TD_tb_aho_corasick.send_byte, S_00000218a5c1e8f0;
    %join;
    %load/vec4 v00000218a5c24780_0;
    %addi 1, 0, 32;
    %store/vec4 v00000218a5c24780_0, 0, 32;
    %jmp T_1.0;
T_1.1 ;
    %end;
S_00000218a5c1ef90 .scope module, "u_dut" "aho_corasick" 2 21, 3 6 0, S_00000218a5c1e320;
 .timescale 0 0;
    .port_info 0 /INPUT 1 "clk";
    .port_info 1 /INPUT 1 "rst_n";
    .port_info 2 /INPUT 8 "byte_in";
    .port_info 3 /INPUT 1 "byte_valid";
    .port_info 4 /INPUT 1 "frame_start";
    .port_info 5 /INPUT 1 "frame_end";
    .port_info 6 /OUTPUT 1 "match_found";
    .port_info 7 /OUTPUT 10 "match_pattern_id";
    .port_info 8 /OUTPUT 16 "match_offset";
    .port_info 9 /OUTPUT 18 "sram_addr";
    .port_info 10 /INOUT 16 "sram_data";
    .port_info 11 /OUTPUT 1 "sram_we_n";
    .port_info 12 /OUTPUT 1 "sram_oe_n";
    .port_info 13 /OUTPUT 1 "sram_ce_n";
P_00000218a5c44230 .param/l "ALPHABET_SIZE" 0 3 8, +C4<00000000000000000000000100000000>;
P_00000218a5c44268 .param/l "NUM_STATES" 0 3 7, +C4<00000000000000000000010000000000>;
P_00000218a5c442a0 .param/l "PATTERN_COUNT" 0 3 9, +C4<00000000000000000000001000000000>;
P_00000218a5c442d8 .param/l "STATE_WIDTH" 0 3 10, +C4<00000000000000000000000000001010>;
o00000218a5c4d8d8 .functor BUFZ 16, C4<zzzzzzzzzzzzzzzz>; HiZ drive
; Elide local net with no drivers, v00000218a5c24aa0_0 name=_ivl_0
v00000218a5c24320_0 .net "byte_in", 7 0, v00000218a5c9eaa0_0;  1 drivers
v00000218a5c243c0_0 .var "byte_offset", 15 0;
v00000218a5c23ce0_0 .net "byte_valid", 0 0, v00000218a5c9f5e0_0;  1 drivers
v00000218a5c24500_0 .net "clk", 0 0, v00000218a5ca0800_0;  1 drivers
v00000218a5c24280_0 .var "current_state", 9 0;
v00000218a5c24640_0 .net "frame_end", 0 0, v00000218a5c9ff40_0;  1 drivers
v00000218a5c23ec0_0 .net "frame_start", 0 0, v00000218a5c9ffe0_0;  1 drivers
v00000218a5c23d80 .array "goto_bram", 65535 0, 9 0;
v00000218a5c23ba0_0 .var "match_found", 0 0;
v00000218a5c23f60_0 .var "match_offset", 15 0;
v00000218a5c24960_0 .var "match_pattern_id", 9 0;
v00000218a5c245a0 .array "output_id", 255 0, 9 0;
v00000218a5c23c40 .array "output_table", 255 0, 0 0;
v00000218a5c246e0_0 .net "rst_n", 0 0, v00000218a5c9fea0_0;  1 drivers
v00000218a5c24a00_0 .var "sram_addr", 17 0;
v00000218a5c23e20_0 .var "sram_ce_n", 0 0;
v00000218a5c24000_0 .net "sram_data", 15 0, L_00000218a5c9f900;  alias, 1 drivers
v00000218a5c240a0_0 .var "sram_data_out", 15 0;
v00000218a5c24140_0 .var "sram_drive", 0 0;
v00000218a5c241e0_0 .var "sram_oe_n", 0 0;
v00000218a5ca0080_0 .var "sram_we_n", 0 0;
E_00000218a5c498a0/0 .event negedge, v00000218a5c246e0_0;
E_00000218a5c498a0/1 .event posedge, v00000218a5c24500_0;
E_00000218a5c498a0 .event/or E_00000218a5c498a0/0, E_00000218a5c498a0/1;
L_00000218a5c9f900 .functor MUXZ 16, o00000218a5c4d8d8, v00000218a5c240a0_0, v00000218a5c24140_0, C4<>;
    .scope S_00000218a5c1ef90;
T_2 ;
    %wait E_00000218a5c498a0;
    %load/vec4 v00000218a5c246e0_0;
    %nor/r;
    %flag_set/vec4 8;
    %jmp/0xz  T_2.0, 8;
    %pushi/vec4 0, 0, 10;
    %assign/vec4 v00000218a5c24280_0, 0;
    %pushi/vec4 0, 0, 16;
    %assign/vec4 v00000218a5c243c0_0, 0;
    %pushi/vec4 0, 0, 1;
    %assign/vec4 v00000218a5c23ba0_0, 0;
    %pushi/vec4 0, 0, 10;
    %assign/vec4 v00000218a5c24960_0, 0;
    %pushi/vec4 0, 0, 16;
    %assign/vec4 v00000218a5c23f60_0, 0;
    %pushi/vec4 1, 0, 1;
    %assign/vec4 v00000218a5ca0080_0, 0;
    %pushi/vec4 1, 0, 1;
    %assign/vec4 v00000218a5c241e0_0, 0;
    %pushi/vec4 1, 0, 1;
    %assign/vec4 v00000218a5c23e20_0, 0;
    %pushi/vec4 0, 0, 1;
    %assign/vec4 v00000218a5c24140_0, 0;
    %jmp T_2.1;
T_2.0 ;
    %pushi/vec4 0, 0, 1;
    %assign/vec4 v00000218a5c23ba0_0, 0;
    %load/vec4 v00000218a5c23ec0_0;
    %flag_set/vec4 8;
    %jmp/0xz  T_2.2, 8;
    %pushi/vec4 0, 0, 10;
    %assign/vec4 v00000218a5c24280_0, 0;
    %pushi/vec4 0, 0, 16;
    %assign/vec4 v00000218a5c243c0_0, 0;
    %jmp T_2.3;
T_2.2 ;
    %load/vec4 v00000218a5c23ce0_0;
    %flag_set/vec4 8;
    %jmp/0xz  T_2.4, 8;
    %load/vec4 v00000218a5c24280_0;
    %pad/u 19;
    %pad/u 27;
    %muli 256, 0, 27;
    %pad/u 28;
    %load/vec4 v00000218a5c24320_0;
    %pad/u 10;
    %pad/u 28;
    %add;
    %ix/vec4 4;
    %load/vec4a v00000218a5c23d80, 4;
    %assign/vec4 v00000218a5c24280_0, 0;
    %load/vec4 v00000218a5c243c0_0;
    %addi 1, 0, 16;
    %assign/vec4 v00000218a5c243c0_0, 0;
    %load/vec4 v00000218a5c24280_0;
    %pad/u 19;
    %pad/u 27;
    %muli 256, 0, 27;
    %pad/u 28;
    %load/vec4 v00000218a5c24320_0;
    %pad/u 10;
    %pad/u 28;
    %add;
    %ix/vec4 5;
    %load/vec4a v00000218a5c23d80, 5;
    %ix/vec4 4;
    %load/vec4a v00000218a5c23c40, 4;
    %flag_set/vec4 8;
    %jmp/0xz  T_2.6, 8;
    %pushi/vec4 1, 0, 1;
    %assign/vec4 v00000218a5c23ba0_0, 0;
    %load/vec4 v00000218a5c24280_0;
    %pad/u 19;
    %pad/u 27;
    %muli 256, 0, 27;
    %pad/u 28;
    %load/vec4 v00000218a5c24320_0;
    %pad/u 10;
    %pad/u 28;
    %add;
    %ix/vec4 5;
    %load/vec4a v00000218a5c23d80, 5;
    %ix/vec4 4;
    %load/vec4a v00000218a5c245a0, 4;
    %assign/vec4 v00000218a5c24960_0, 0;
    %load/vec4 v00000218a5c243c0_0;
    %assign/vec4 v00000218a5c23f60_0, 0;
T_2.6 ;
T_2.4 ;
T_2.3 ;
T_2.1 ;
    %jmp T_2;
    .thread T_2;
    .scope S_00000218a5c1e320;
T_3 ;
    %pushi/vec4 0, 0, 1;
    %store/vec4 v00000218a5ca0800_0, 0, 1;
    %pushi/vec4 0, 0, 1;
    %store/vec4 v00000218a5c9fea0_0, 0, 1;
    %pushi/vec4 0, 0, 8;
    %store/vec4 v00000218a5c9eaa0_0, 0, 8;
    %pushi/vec4 0, 0, 1;
    %store/vec4 v00000218a5c9f5e0_0, 0, 1;
    %pushi/vec4 0, 0, 1;
    %store/vec4 v00000218a5c9ffe0_0, 0, 1;
    %pushi/vec4 0, 0, 1;
    %store/vec4 v00000218a5c9ff40_0, 0, 1;
    %end;
    .thread T_3;
    .scope S_00000218a5c1e320;
T_4 ;
    %delay 4000, 0;
    %load/vec4 v00000218a5ca0800_0;
    %inv;
    %store/vec4 v00000218a5ca0800_0, 0, 1;
    %jmp T_4;
    .thread T_4;
    .scope S_00000218a5c1e320;
T_5 ;
    %vpi_call 2 41 "$dumpfile", "tb_aho_corasick.vcd" {0 0 0};
    %vpi_call 2 42 "$dumpvars", 32'sb00000000000000000000000000000000, S_00000218a5c1e320 {0 0 0};
    %end;
    .thread T_5;
    .scope S_00000218a5c1e320;
T_6 ;
    %vpi_call 2 49 "$readmemh", "goto_table.hex", v00000218a5c9ef00 {0 0 0};
    %pushi/vec4 0, 0, 32;
    %store/vec4 v00000218a5c9f860_0, 0, 32;
T_6.0 ;
    %load/vec4 v00000218a5c9f860_0;
    %cmpi/s 256, 0, 32;
    %jmp/0xz T_6.1, 5;
    %pushi/vec4 0, 0, 32;
    %store/vec4 v00000218a5c9fe00_0, 0, 32;
T_6.2 ;
    %load/vec4 v00000218a5c9fe00_0;
    %cmpi/s 256, 0, 32;
    %jmp/0xz T_6.3, 5;
    %load/vec4 v00000218a5c9f860_0;
    %muli 256, 0, 32;
    %load/vec4 v00000218a5c9fe00_0;
    %add;
    %ix/vec4/s 4;
    %load/vec4a v00000218a5c9ef00, 4;
    %load/vec4 v00000218a5c9f860_0;
    %pad/s 41;
    %pad/s 49;
    %muli 256, 0, 49;
    %pad/s 50;
    %load/vec4 v00000218a5c9fe00_0;
    %pad/s 50;
    %add;
    %ix/vec4/s 4;
    %store/vec4a v00000218a5c23d80, 4, 0;
    %load/vec4 v00000218a5c9fe00_0;
    %addi 1, 0, 32;
    %store/vec4 v00000218a5c9fe00_0, 0, 32;
    %jmp T_6.2;
T_6.3 ;
    %load/vec4 v00000218a5c9f860_0;
    %addi 1, 0, 32;
    %store/vec4 v00000218a5c9f860_0, 0, 32;
    %jmp T_6.0;
T_6.1 ;
    %vpi_call 2 55 "$readmemh", "output_table.hex", v00000218a5c23c40 {0 0 0};
    %vpi_call 2 56 "$readmemh", "output_id.hex", v00000218a5c245a0 {0 0 0};
    %vpi_call 2 57 "$display", "DEBUG: Table Load Complete" {0 0 0};
    %end;
    .thread T_6;
    .scope S_00000218a5c1e320;
T_7 ;
    %vpi_call 2 83 "$display", "DEBUG: stimulus block started" {0 0 0};
    %pushi/vec4 0, 0, 1;
    %store/vec4 v00000218a5c9fea0_0, 0, 1;
    %pushi/vec4 4, 0, 32;
T_7.0 %dup/vec4;
    %pushi/vec4 0, 0, 32;
    %cmp/s;
    %jmp/1xz T_7.1, 5;
    %jmp/1 T_7.1, 4;
    %pushi/vec4 1, 0, 32;
    %sub;
    %wait E_00000218a5c49020;
    %jmp T_7.0;
T_7.1 ;
    %pop/vec4 1;
    %pushi/vec4 1, 0, 1;
    %store/vec4 v00000218a5c9fea0_0, 0, 1;
    %pushi/vec4 2, 0, 32;
T_7.2 %dup/vec4;
    %pushi/vec4 0, 0, 32;
    %cmp/s;
    %jmp/1xz T_7.3, 5;
    %jmp/1 T_7.3, 4;
    %pushi/vec4 1, 0, 32;
    %sub;
    %wait E_00000218a5c49020;
    %jmp T_7.2;
T_7.3 ;
    %pop/vec4 1;
    %vpi_call 2 92 "$display", "--- TEST 1: \042evil\042 ---" {0 0 0};
    %wait E_00000218a5c49020;
    %pushi/vec4 1, 0, 1;
    %assign/vec4 v00000218a5c9ffe0_0, 0;
    %wait E_00000218a5c49020;
    %pushi/vec4 0, 0, 1;
    %assign/vec4 v00000218a5c9ffe0_0, 0;
    %pushi/vec4 0, 0, 32; draw_string_vec4
    %pushi/vec4 0, 0, 32; draw_string_vec4
    %concat/vec4; draw_string_vec4
    %pushi/vec4 0, 0, 32; draw_string_vec4
    %concat/vec4; draw_string_vec4
    %pushi/vec4 0, 0, 32; draw_string_vec4
    %concat/vec4; draw_string_vec4
    %pushi/vec4 0, 0, 32; draw_string_vec4
    %concat/vec4; draw_string_vec4
    %pushi/vec4 0, 0, 32; draw_string_vec4
    %concat/vec4; draw_string_vec4
    %pushi/vec4 0, 0, 32; draw_string_vec4
    %concat/vec4; draw_string_vec4
    %pushi/vec4 1702259052, 0, 32; draw_string_vec4
    %concat/vec4; draw_string_vec4
    %store/vec4 v00000218a5c24820_0, 0, 256;
    %pushi/vec4 4, 0, 32;
    %store/vec4 v00000218a5c24460_0, 0, 32;
    %fork TD_tb_aho_corasick.send_string, S_00000218a5c1ea80;
    %join;
    %wait E_00000218a5c49020;
    %pushi/vec4 1, 0, 1;
    %assign/vec4 v00000218a5c9ff40_0, 0;
    %wait E_00000218a5c49020;
    %pushi/vec4 0, 0, 1;
    %assign/vec4 v00000218a5c9ff40_0, 0;
    %pushi/vec4 2, 0, 32;
T_7.4 %dup/vec4;
    %pushi/vec4 0, 0, 32;
    %cmp/s;
    %jmp/1xz T_7.5, 5;
    %jmp/1 T_7.5, 4;
    %pushi/vec4 1, 0, 32;
    %sub;
    %wait E_00000218a5c49020;
    %jmp T_7.4;
T_7.5 ;
    %pop/vec4 1;
    %vpi_call 2 101 "$display", "--- TEST 2: \042xxscamxx\042 ---" {0 0 0};
    %wait E_00000218a5c49020;
    %pushi/vec4 1, 0, 1;
    %assign/vec4 v00000218a5c9ffe0_0, 0;
    %wait E_00000218a5c49020;
    %pushi/vec4 0, 0, 1;
    %assign/vec4 v00000218a5c9ffe0_0, 0;
    %pushi/vec4 0, 0, 32; draw_string_vec4
    %pushi/vec4 0, 0, 32; draw_string_vec4
    %concat/vec4; draw_string_vec4
    %pushi/vec4 0, 0, 32; draw_string_vec4
    %concat/vec4; draw_string_vec4
    %pushi/vec4 0, 0, 32; draw_string_vec4
    %concat/vec4; draw_string_vec4
    %pushi/vec4 0, 0, 32; draw_string_vec4
    %concat/vec4; draw_string_vec4
    %pushi/vec4 0, 0, 32; draw_string_vec4
    %concat/vec4; draw_string_vec4
    %pushi/vec4 2021159779, 0, 32; draw_string_vec4
    %concat/vec4; draw_string_vec4
    %pushi/vec4 1634564216, 0, 32; draw_string_vec4
    %concat/vec4; draw_string_vec4
    %store/vec4 v00000218a5c24820_0, 0, 256;
    %pushi/vec4 8, 0, 32;
    %store/vec4 v00000218a5c24460_0, 0, 32;
    %fork TD_tb_aho_corasick.send_string, S_00000218a5c1ea80;
    %join;
    %wait E_00000218a5c49020;
    %pushi/vec4 1, 0, 1;
    %assign/vec4 v00000218a5c9ff40_0, 0;
    %wait E_00000218a5c49020;
    %pushi/vec4 0, 0, 1;
    %assign/vec4 v00000218a5c9ff40_0, 0;
    %pushi/vec4 2, 0, 32;
T_7.6 %dup/vec4;
    %pushi/vec4 0, 0, 32;
    %cmp/s;
    %jmp/1xz T_7.7, 5;
    %jmp/1 T_7.7, 4;
    %pushi/vec4 1, 0, 32;
    %sub;
    %wait E_00000218a5c49020;
    %jmp T_7.6;
T_7.7 ;
    %pop/vec4 1;
    %vpi_call 2 112 "$display", "--- TEST 3: \042scammer\042 ---" {0 0 0};
    %wait E_00000218a5c49020;
    %pushi/vec4 1, 0, 1;
    %assign/vec4 v00000218a5c9ffe0_0, 0;
    %wait E_00000218a5c49020;
    %pushi/vec4 0, 0, 1;
    %assign/vec4 v00000218a5c9ffe0_0, 0;
    %pushi/vec4 0, 0, 32; draw_string_vec4
    %pushi/vec4 0, 0, 32; draw_string_vec4
    %concat/vec4; draw_string_vec4
    %pushi/vec4 0, 0, 32; draw_string_vec4
    %concat/vec4; draw_string_vec4
    %pushi/vec4 0, 0, 32; draw_string_vec4
    %concat/vec4; draw_string_vec4
    %pushi/vec4 0, 0, 32; draw_string_vec4
    %concat/vec4; draw_string_vec4
    %pushi/vec4 0, 0, 32; draw_string_vec4
    %concat/vec4; draw_string_vec4
    %pushi/vec4 7562081, 0, 32; draw_string_vec4
    %concat/vec4; draw_string_vec4
    %pushi/vec4 1835885938, 0, 32; draw_string_vec4
    %concat/vec4; draw_string_vec4
    %store/vec4 v00000218a5c24820_0, 0, 256;
    %pushi/vec4 7, 0, 32;
    %store/vec4 v00000218a5c24460_0, 0, 32;
    %fork TD_tb_aho_corasick.send_string, S_00000218a5c1ea80;
    %join;
    %wait E_00000218a5c49020;
    %pushi/vec4 1, 0, 1;
    %assign/vec4 v00000218a5c9ff40_0, 0;
    %wait E_00000218a5c49020;
    %pushi/vec4 0, 0, 1;
    %assign/vec4 v00000218a5c9ff40_0, 0;
    %pushi/vec4 2, 0, 32;
T_7.8 %dup/vec4;
    %pushi/vec4 0, 0, 32;
    %cmp/s;
    %jmp/1xz T_7.9, 5;
    %jmp/1 T_7.9, 4;
    %pushi/vec4 1, 0, 32;
    %sub;
    %wait E_00000218a5c49020;
    %jmp T_7.8;
T_7.9 ;
    %pop/vec4 1;
    %vpi_call 2 121 "$display", "--- TEST 4: \042harmless\042 (expect no match) ---" {0 0 0};
    %wait E_00000218a5c49020;
    %pushi/vec4 1, 0, 1;
    %assign/vec4 v00000218a5c9ffe0_0, 0;
    %wait E_00000218a5c49020;
    %pushi/vec4 0, 0, 1;
    %assign/vec4 v00000218a5c9ffe0_0, 0;
    %pushi/vec4 0, 0, 32; draw_string_vec4
    %pushi/vec4 0, 0, 32; draw_string_vec4
    %concat/vec4; draw_string_vec4
    %pushi/vec4 0, 0, 32; draw_string_vec4
    %concat/vec4; draw_string_vec4
    %pushi/vec4 0, 0, 32; draw_string_vec4
    %concat/vec4; draw_string_vec4
    %pushi/vec4 0, 0, 32; draw_string_vec4
    %concat/vec4; draw_string_vec4
    %pushi/vec4 0, 0, 32; draw_string_vec4
    %concat/vec4; draw_string_vec4
    %pushi/vec4 1751216749, 0, 32; draw_string_vec4
    %concat/vec4; draw_string_vec4
    %pushi/vec4 1818588019, 0, 32; draw_string_vec4
    %concat/vec4; draw_string_vec4
    %store/vec4 v00000218a5c24820_0, 0, 256;
    %pushi/vec4 8, 0, 32;
    %store/vec4 v00000218a5c24460_0, 0, 32;
    %fork TD_tb_aho_corasick.send_string, S_00000218a5c1ea80;
    %join;
    %wait E_00000218a5c49020;
    %pushi/vec4 1, 0, 1;
    %assign/vec4 v00000218a5c9ff40_0, 0;
    %wait E_00000218a5c49020;
    %pushi/vec4 0, 0, 1;
    %assign/vec4 v00000218a5c9ff40_0, 0;
    %pushi/vec4 2, 0, 32;
T_7.10 %dup/vec4;
    %pushi/vec4 0, 0, 32;
    %cmp/s;
    %jmp/1xz T_7.11, 5;
    %jmp/1 T_7.11, 4;
    %pushi/vec4 1, 0, 32;
    %sub;
    %wait E_00000218a5c49020;
    %jmp T_7.10;
T_7.11 ;
    %pop/vec4 1;
    %vpi_call 2 127 "$display", "Simulation complete." {0 0 0};
    %vpi_call 2 128 "$finish" {0 0 0};
    %end;
    .thread T_7;
    .scope S_00000218a5c1e320;
T_8 ;
    %wait E_00000218a5c49020;
    %load/vec4 v00000218a5ca0120_0;
    %flag_set/vec4 8;
    %jmp/0xz  T_8.0, 8;
    %load/vec4 v00000218a5c9fae0_0;
    %dup/vec4;
    %pushi/vec4 0, 0, 10;
    %cmp/u;
    %jmp/1 T_8.2, 6;
    %dup/vec4;
    %pushi/vec4 1, 0, 10;
    %cmp/u;
    %jmp/1 T_8.3, 6;
    %dup/vec4;
    %pushi/vec4 2, 0, 10;
    %cmp/u;
    %jmp/1 T_8.4, 6;
    %dup/vec4;
    %pushi/vec4 3, 0, 10;
    %cmp/u;
    %jmp/1 T_8.5, 6;
    %vpi_call 2 139 "$display", "  MATCH: unknown id %0d at offset %0d", v00000218a5c9fae0_0, v00000218a5c9f2c0_0 {0 0 0};
    %jmp T_8.7;
T_8.2 ;
    %vpi_call 2 135 "$display", "  MATCH: \042evil\042 at offset %0d", v00000218a5c9f2c0_0 {0 0 0};
    %jmp T_8.7;
T_8.3 ;
    %vpi_call 2 136 "$display", "  MATCH: \042scam\042 at offset %0d", v00000218a5c9f2c0_0 {0 0 0};
    %jmp T_8.7;
T_8.4 ;
    %vpi_call 2 137 "$display", "  MATCH: \042scammer\042 at offset %0d", v00000218a5c9f2c0_0 {0 0 0};
    %jmp T_8.7;
T_8.5 ;
    %vpi_call 2 138 "$display", "  MATCH: \042bad\042 at offset %0d", v00000218a5c9f2c0_0 {0 0 0};
    %jmp T_8.7;
T_8.7 ;
    %pop/vec4 1;
T_8.0 ;
    %jmp T_8;
    .thread T_8;
# The file index is used to find the file name in the following table.
:file_names 4;
    "N/A";
    "<interactive>";
    "tb_aho_corasick.v";
    "aho_corasick.v";
