#! /c/Source/iverilog-install/bin/vvp
:ivl_version "12.0 (devel)" "(s20150603-1539-g2693dd32b)";
:ivl_delay_selection "TYPICAL";
:vpi_time_precision - 12;
:vpi_module "C:\iverilog\lib\ivl\system.vpi";
:vpi_module "C:\iverilog\lib\ivl\vhdl_sys.vpi";
:vpi_module "C:\iverilog\lib\ivl\vhdl_textio.vpi";
:vpi_module "C:\iverilog\lib\ivl\v2005_math.vpi";
:vpi_module "C:\iverilog\lib\ivl\va_math.vpi";
S_0000018e0de1e6c0 .scope module, "tb_rate_monitor" "tb_rate_monitor" 2 3;
 .timescale -9 -12;
v0000018e0de70f30_0 .net "alert_type", 1 0, v0000018e0ddffaf0_0;  1 drivers
v0000018e0de7b080_0 .var "clk", 0 0;
v0000018e0de7bb20_0 .var "dst_ip", 31 0;
v0000018e0de7a400_0 .var "dst_port", 15 0;
v0000018e0de7a4a0_0 .var "is_arp_reply", 0 0;
v0000018e0de7b440_0 .var "is_syn", 0 0;
v0000018e0de7b6c0_0 .var "is_syn_ack", 0 0;
v0000018e0de7a720_0 .var/i "k", 31 0;
v0000018e0de7ae00_0 .var "pkt_valid", 0 0;
v0000018e0de7bd00_0 .var "protocol", 7 0;
v0000018e0de7b760_0 .net "rate_alert", 0 0, v0000018e0de705d0_0;  1 drivers
v0000018e0de7af40_0 .var "rst_n", 0 0;
v0000018e0de7a860_0 .var "src_ip", 31 0;
v0000018e0de7bbc0_0 .var "src_port", 15 0;
S_0000018e0de1e1a0 .scope task, "send_packet" "send_packet" 2 45, 2 45 0, S_0000018e0de1e6c0;
 .timescale -9 -12;
E_0000018e0de0cf30 .event posedge, v0000018e0de0eeb0_0;
TD_tb_rate_monitor.send_packet ;
    %wait E_0000018e0de0cf30;
    %pushi/vec4 1, 0, 1;
    %assign/vec4 v0000018e0de7ae00_0, 0;
    %wait E_0000018e0de0cf30;
    %pushi/vec4 0, 0, 1;
    %assign/vec4 v0000018e0de7ae00_0, 0;
    %end;
S_0000018e0ddcda60 .scope module, "u_dut" "rate_monitor" 2 20, 3 8 0, S_0000018e0de1e6c0;
 .timescale 0 0;
    .port_info 0 /INPUT 1 "clk";
    .port_info 1 /INPUT 1 "rst_n";
    .port_info 2 /INPUT 32 "src_ip";
    .port_info 3 /INPUT 32 "dst_ip";
    .port_info 4 /INPUT 16 "src_port";
    .port_info 5 /INPUT 16 "dst_port";
    .port_info 6 /INPUT 8 "protocol";
    .port_info 7 /INPUT 1 "pkt_valid";
    .port_info 8 /INPUT 1 "is_syn";
    .port_info 9 /INPUT 1 "is_syn_ack";
    .port_info 10 /INPUT 1 "is_arp_reply";
    .port_info 11 /OUTPUT 1 "rate_alert";
    .port_info 12 /OUTPUT 2 "alert_type";
P_0000018e0ddcdbf0 .param/l "ARP_THRESH" 1 3 57, C4<00010100>;
P_0000018e0ddcdc28 .param/l "BEACON_THRESH" 1 3 59, C4<0000000000110010>;
P_0000018e0ddcdc60 .param/l "FLOW_AGE_MAX" 1 3 60, C4<1111111111111111>;
P_0000018e0ddcdc98 .param/l "FLOW_SLOTS" 1 3 38, +C4<00000000000000000000000001000000>;
P_0000018e0ddcdcd0 .param/l "SLOT_BITS" 1 3 39, +C4<00000000000000000000000000000110>;
P_0000018e0ddcdd08 .param/l "SYN_THRESH" 1 3 58, C4<00011110>;
v0000018e0ddffaf0_0 .var "alert_type", 1 0;
v0000018e0de1e330_0 .var "arp_reply_count", 7 0;
v0000018e0ddcdd50_0 .var "arp_window_timer", 19 0;
v0000018e0de0eeb0_0 .net "clk", 0 0, v0000018e0de7b080_0;  1 drivers
v0000018e0ddf3cd0_0 .net "dst_ip", 31 0, v0000018e0de7bb20_0;  1 drivers
v0000018e0ddf3d70_0 .net "dst_port", 15 0, v0000018e0de7a400_0;  1 drivers
v0000018e0ddf3e10_0 .var "free_found", 0 0;
v0000018e0de71110_0 .var "free_slot", 5 0;
v0000018e0de70710 .array "ft_age", 63 0, 15 0;
v0000018e0de712f0 .array "ft_dst_ip", 63 0, 31 0;
v0000018e0de707b0 .array "ft_dst_port", 63 0, 15 0;
v0000018e0de70850 .array "ft_pkt_count", 63 0, 15 0;
v0000018e0de70b70 .array "ft_src_ip", 63 0, 31 0;
v0000018e0de70530 .array "ft_src_port", 63 0, 15 0;
v0000018e0de70c10 .array "ft_syn_count", 63 0, 7 0;
v0000018e0de711b0 .array "ft_synack", 63 0, 7 0;
v0000018e0de703f0 .array "ft_valid", 63 0, 0 0;
v0000018e0de70e90_0 .var "hash_idx", 5 0;
v0000018e0de70ad0_0 .net "is_arp_reply", 0 0, v0000018e0de7a4a0_0;  1 drivers
v0000018e0de70fd0_0 .net "is_syn", 0 0, v0000018e0de7b440_0;  1 drivers
v0000018e0de70490_0 .net "is_syn_ack", 0 0, v0000018e0de7b6c0_0;  1 drivers
v0000018e0de708f0_0 .var/i "j", 31 0;
v0000018e0de71250_0 .var "matched_slot", 5 0;
v0000018e0de70d50_0 .net "pkt_valid", 0 0, v0000018e0de7ae00_0;  1 drivers
v0000018e0de70cb0_0 .net "protocol", 7 0, v0000018e0de7bd00_0;  1 drivers
v0000018e0de705d0_0 .var "rate_alert", 0 0;
v0000018e0de70670_0 .net "rst_n", 0 0, v0000018e0de7af40_0;  1 drivers
v0000018e0de70990_0 .var/i "s", 31 0;
v0000018e0de71070_0 .var "slot_hit", 0 0;
v0000018e0de70a30_0 .net "src_ip", 31 0, v0000018e0de7a860_0;  1 drivers
v0000018e0de70df0_0 .net "src_port", 15 0, v0000018e0de7bbc0_0;  1 drivers
E_0000018e0de0d270/0 .event negedge, v0000018e0de70670_0;
E_0000018e0de0d270/1 .event posedge, v0000018e0de0eeb0_0;
E_0000018e0de0d270 .event/or E_0000018e0de0d270/0, E_0000018e0de0d270/1;
E_0000018e0de0ccb0/0 .event anyedge, v0000018e0de70a30_0, v0000018e0ddf3cd0_0, v0000018e0de70df0_0, v0000018e0ddf3d70_0;
v0000018e0de703f0_0 .array/port v0000018e0de703f0, 0;
v0000018e0de703f0_1 .array/port v0000018e0de703f0, 1;
v0000018e0de703f0_2 .array/port v0000018e0de703f0, 2;
v0000018e0de703f0_3 .array/port v0000018e0de703f0, 3;
E_0000018e0de0ccb0/1 .event anyedge, v0000018e0de703f0_0, v0000018e0de703f0_1, v0000018e0de703f0_2, v0000018e0de703f0_3;
v0000018e0de703f0_4 .array/port v0000018e0de703f0, 4;
v0000018e0de703f0_5 .array/port v0000018e0de703f0, 5;
v0000018e0de703f0_6 .array/port v0000018e0de703f0, 6;
v0000018e0de703f0_7 .array/port v0000018e0de703f0, 7;
E_0000018e0de0ccb0/2 .event anyedge, v0000018e0de703f0_4, v0000018e0de703f0_5, v0000018e0de703f0_6, v0000018e0de703f0_7;
v0000018e0de703f0_8 .array/port v0000018e0de703f0, 8;
v0000018e0de703f0_9 .array/port v0000018e0de703f0, 9;
v0000018e0de703f0_10 .array/port v0000018e0de703f0, 10;
v0000018e0de703f0_11 .array/port v0000018e0de703f0, 11;
E_0000018e0de0ccb0/3 .event anyedge, v0000018e0de703f0_8, v0000018e0de703f0_9, v0000018e0de703f0_10, v0000018e0de703f0_11;
v0000018e0de703f0_12 .array/port v0000018e0de703f0, 12;
v0000018e0de703f0_13 .array/port v0000018e0de703f0, 13;
v0000018e0de703f0_14 .array/port v0000018e0de703f0, 14;
v0000018e0de703f0_15 .array/port v0000018e0de703f0, 15;
E_0000018e0de0ccb0/4 .event anyedge, v0000018e0de703f0_12, v0000018e0de703f0_13, v0000018e0de703f0_14, v0000018e0de703f0_15;
v0000018e0de703f0_16 .array/port v0000018e0de703f0, 16;
v0000018e0de703f0_17 .array/port v0000018e0de703f0, 17;
v0000018e0de703f0_18 .array/port v0000018e0de703f0, 18;
v0000018e0de703f0_19 .array/port v0000018e0de703f0, 19;
E_0000018e0de0ccb0/5 .event anyedge, v0000018e0de703f0_16, v0000018e0de703f0_17, v0000018e0de703f0_18, v0000018e0de703f0_19;
v0000018e0de703f0_20 .array/port v0000018e0de703f0, 20;
v0000018e0de703f0_21 .array/port v0000018e0de703f0, 21;
v0000018e0de703f0_22 .array/port v0000018e0de703f0, 22;
v0000018e0de703f0_23 .array/port v0000018e0de703f0, 23;
E_0000018e0de0ccb0/6 .event anyedge, v0000018e0de703f0_20, v0000018e0de703f0_21, v0000018e0de703f0_22, v0000018e0de703f0_23;
v0000018e0de703f0_24 .array/port v0000018e0de703f0, 24;
v0000018e0de703f0_25 .array/port v0000018e0de703f0, 25;
v0000018e0de703f0_26 .array/port v0000018e0de703f0, 26;
v0000018e0de703f0_27 .array/port v0000018e0de703f0, 27;
E_0000018e0de0ccb0/7 .event anyedge, v0000018e0de703f0_24, v0000018e0de703f0_25, v0000018e0de703f0_26, v0000018e0de703f0_27;
v0000018e0de703f0_28 .array/port v0000018e0de703f0, 28;
v0000018e0de703f0_29 .array/port v0000018e0de703f0, 29;
v0000018e0de703f0_30 .array/port v0000018e0de703f0, 30;
v0000018e0de703f0_31 .array/port v0000018e0de703f0, 31;
E_0000018e0de0ccb0/8 .event anyedge, v0000018e0de703f0_28, v0000018e0de703f0_29, v0000018e0de703f0_30, v0000018e0de703f0_31;
v0000018e0de703f0_32 .array/port v0000018e0de703f0, 32;
v0000018e0de703f0_33 .array/port v0000018e0de703f0, 33;
v0000018e0de703f0_34 .array/port v0000018e0de703f0, 34;
v0000018e0de703f0_35 .array/port v0000018e0de703f0, 35;
E_0000018e0de0ccb0/9 .event anyedge, v0000018e0de703f0_32, v0000018e0de703f0_33, v0000018e0de703f0_34, v0000018e0de703f0_35;
v0000018e0de703f0_36 .array/port v0000018e0de703f0, 36;
v0000018e0de703f0_37 .array/port v0000018e0de703f0, 37;
v0000018e0de703f0_38 .array/port v0000018e0de703f0, 38;
v0000018e0de703f0_39 .array/port v0000018e0de703f0, 39;
E_0000018e0de0ccb0/10 .event anyedge, v0000018e0de703f0_36, v0000018e0de703f0_37, v0000018e0de703f0_38, v0000018e0de703f0_39;
v0000018e0de703f0_40 .array/port v0000018e0de703f0, 40;
v0000018e0de703f0_41 .array/port v0000018e0de703f0, 41;
v0000018e0de703f0_42 .array/port v0000018e0de703f0, 42;
v0000018e0de703f0_43 .array/port v0000018e0de703f0, 43;
E_0000018e0de0ccb0/11 .event anyedge, v0000018e0de703f0_40, v0000018e0de703f0_41, v0000018e0de703f0_42, v0000018e0de703f0_43;
v0000018e0de703f0_44 .array/port v0000018e0de703f0, 44;
v0000018e0de703f0_45 .array/port v0000018e0de703f0, 45;
v0000018e0de703f0_46 .array/port v0000018e0de703f0, 46;
v0000018e0de703f0_47 .array/port v0000018e0de703f0, 47;
E_0000018e0de0ccb0/12 .event anyedge, v0000018e0de703f0_44, v0000018e0de703f0_45, v0000018e0de703f0_46, v0000018e0de703f0_47;
v0000018e0de703f0_48 .array/port v0000018e0de703f0, 48;
v0000018e0de703f0_49 .array/port v0000018e0de703f0, 49;
v0000018e0de703f0_50 .array/port v0000018e0de703f0, 50;
v0000018e0de703f0_51 .array/port v0000018e0de703f0, 51;
E_0000018e0de0ccb0/13 .event anyedge, v0000018e0de703f0_48, v0000018e0de703f0_49, v0000018e0de703f0_50, v0000018e0de703f0_51;
v0000018e0de703f0_52 .array/port v0000018e0de703f0, 52;
v0000018e0de703f0_53 .array/port v0000018e0de703f0, 53;
v0000018e0de703f0_54 .array/port v0000018e0de703f0, 54;
v0000018e0de703f0_55 .array/port v0000018e0de703f0, 55;
E_0000018e0de0ccb0/14 .event anyedge, v0000018e0de703f0_52, v0000018e0de703f0_53, v0000018e0de703f0_54, v0000018e0de703f0_55;
v0000018e0de703f0_56 .array/port v0000018e0de703f0, 56;
v0000018e0de703f0_57 .array/port v0000018e0de703f0, 57;
v0000018e0de703f0_58 .array/port v0000018e0de703f0, 58;
v0000018e0de703f0_59 .array/port v0000018e0de703f0, 59;
E_0000018e0de0ccb0/15 .event anyedge, v0000018e0de703f0_56, v0000018e0de703f0_57, v0000018e0de703f0_58, v0000018e0de703f0_59;
v0000018e0de703f0_60 .array/port v0000018e0de703f0, 60;
v0000018e0de703f0_61 .array/port v0000018e0de703f0, 61;
v0000018e0de703f0_62 .array/port v0000018e0de703f0, 62;
v0000018e0de703f0_63 .array/port v0000018e0de703f0, 63;
E_0000018e0de0ccb0/16 .event anyedge, v0000018e0de703f0_60, v0000018e0de703f0_61, v0000018e0de703f0_62, v0000018e0de703f0_63;
v0000018e0de70b70_0 .array/port v0000018e0de70b70, 0;
v0000018e0de70b70_1 .array/port v0000018e0de70b70, 1;
v0000018e0de70b70_2 .array/port v0000018e0de70b70, 2;
v0000018e0de70b70_3 .array/port v0000018e0de70b70, 3;
E_0000018e0de0ccb0/17 .event anyedge, v0000018e0de70b70_0, v0000018e0de70b70_1, v0000018e0de70b70_2, v0000018e0de70b70_3;
v0000018e0de70b70_4 .array/port v0000018e0de70b70, 4;
v0000018e0de70b70_5 .array/port v0000018e0de70b70, 5;
v0000018e0de70b70_6 .array/port v0000018e0de70b70, 6;
v0000018e0de70b70_7 .array/port v0000018e0de70b70, 7;
E_0000018e0de0ccb0/18 .event anyedge, v0000018e0de70b70_4, v0000018e0de70b70_5, v0000018e0de70b70_6, v0000018e0de70b70_7;
v0000018e0de70b70_8 .array/port v0000018e0de70b70, 8;
v0000018e0de70b70_9 .array/port v0000018e0de70b70, 9;
v0000018e0de70b70_10 .array/port v0000018e0de70b70, 10;
v0000018e0de70b70_11 .array/port v0000018e0de70b70, 11;
E_0000018e0de0ccb0/19 .event anyedge, v0000018e0de70b70_8, v0000018e0de70b70_9, v0000018e0de70b70_10, v0000018e0de70b70_11;
v0000018e0de70b70_12 .array/port v0000018e0de70b70, 12;
v0000018e0de70b70_13 .array/port v0000018e0de70b70, 13;
v0000018e0de70b70_14 .array/port v0000018e0de70b70, 14;
v0000018e0de70b70_15 .array/port v0000018e0de70b70, 15;
E_0000018e0de0ccb0/20 .event anyedge, v0000018e0de70b70_12, v0000018e0de70b70_13, v0000018e0de70b70_14, v0000018e0de70b70_15;
v0000018e0de70b70_16 .array/port v0000018e0de70b70, 16;
v0000018e0de70b70_17 .array/port v0000018e0de70b70, 17;
v0000018e0de70b70_18 .array/port v0000018e0de70b70, 18;
v0000018e0de70b70_19 .array/port v0000018e0de70b70, 19;
E_0000018e0de0ccb0/21 .event anyedge, v0000018e0de70b70_16, v0000018e0de70b70_17, v0000018e0de70b70_18, v0000018e0de70b70_19;
v0000018e0de70b70_20 .array/port v0000018e0de70b70, 20;
v0000018e0de70b70_21 .array/port v0000018e0de70b70, 21;
v0000018e0de70b70_22 .array/port v0000018e0de70b70, 22;
v0000018e0de70b70_23 .array/port v0000018e0de70b70, 23;
E_0000018e0de0ccb0/22 .event anyedge, v0000018e0de70b70_20, v0000018e0de70b70_21, v0000018e0de70b70_22, v0000018e0de70b70_23;
v0000018e0de70b70_24 .array/port v0000018e0de70b70, 24;
v0000018e0de70b70_25 .array/port v0000018e0de70b70, 25;
v0000018e0de70b70_26 .array/port v0000018e0de70b70, 26;
v0000018e0de70b70_27 .array/port v0000018e0de70b70, 27;
E_0000018e0de0ccb0/23 .event anyedge, v0000018e0de70b70_24, v0000018e0de70b70_25, v0000018e0de70b70_26, v0000018e0de70b70_27;
v0000018e0de70b70_28 .array/port v0000018e0de70b70, 28;
v0000018e0de70b70_29 .array/port v0000018e0de70b70, 29;
v0000018e0de70b70_30 .array/port v0000018e0de70b70, 30;
v0000018e0de70b70_31 .array/port v0000018e0de70b70, 31;
E_0000018e0de0ccb0/24 .event anyedge, v0000018e0de70b70_28, v0000018e0de70b70_29, v0000018e0de70b70_30, v0000018e0de70b70_31;
v0000018e0de70b70_32 .array/port v0000018e0de70b70, 32;
v0000018e0de70b70_33 .array/port v0000018e0de70b70, 33;
v0000018e0de70b70_34 .array/port v0000018e0de70b70, 34;
v0000018e0de70b70_35 .array/port v0000018e0de70b70, 35;
E_0000018e0de0ccb0/25 .event anyedge, v0000018e0de70b70_32, v0000018e0de70b70_33, v0000018e0de70b70_34, v0000018e0de70b70_35;
v0000018e0de70b70_36 .array/port v0000018e0de70b70, 36;
v0000018e0de70b70_37 .array/port v0000018e0de70b70, 37;
v0000018e0de70b70_38 .array/port v0000018e0de70b70, 38;
v0000018e0de70b70_39 .array/port v0000018e0de70b70, 39;
E_0000018e0de0ccb0/26 .event anyedge, v0000018e0de70b70_36, v0000018e0de70b70_37, v0000018e0de70b70_38, v0000018e0de70b70_39;
v0000018e0de70b70_40 .array/port v0000018e0de70b70, 40;
v0000018e0de70b70_41 .array/port v0000018e0de70b70, 41;
v0000018e0de70b70_42 .array/port v0000018e0de70b70, 42;
v0000018e0de70b70_43 .array/port v0000018e0de70b70, 43;
E_0000018e0de0ccb0/27 .event anyedge, v0000018e0de70b70_40, v0000018e0de70b70_41, v0000018e0de70b70_42, v0000018e0de70b70_43;
v0000018e0de70b70_44 .array/port v0000018e0de70b70, 44;
v0000018e0de70b70_45 .array/port v0000018e0de70b70, 45;
v0000018e0de70b70_46 .array/port v0000018e0de70b70, 46;
v0000018e0de70b70_47 .array/port v0000018e0de70b70, 47;
E_0000018e0de0ccb0/28 .event anyedge, v0000018e0de70b70_44, v0000018e0de70b70_45, v0000018e0de70b70_46, v0000018e0de70b70_47;
v0000018e0de70b70_48 .array/port v0000018e0de70b70, 48;
v0000018e0de70b70_49 .array/port v0000018e0de70b70, 49;
v0000018e0de70b70_50 .array/port v0000018e0de70b70, 50;
v0000018e0de70b70_51 .array/port v0000018e0de70b70, 51;
E_0000018e0de0ccb0/29 .event anyedge, v0000018e0de70b70_48, v0000018e0de70b70_49, v0000018e0de70b70_50, v0000018e0de70b70_51;
v0000018e0de70b70_52 .array/port v0000018e0de70b70, 52;
v0000018e0de70b70_53 .array/port v0000018e0de70b70, 53;
v0000018e0de70b70_54 .array/port v0000018e0de70b70, 54;
v0000018e0de70b70_55 .array/port v0000018e0de70b70, 55;
E_0000018e0de0ccb0/30 .event anyedge, v0000018e0de70b70_52, v0000018e0de70b70_53, v0000018e0de70b70_54, v0000018e0de70b70_55;
v0000018e0de70b70_56 .array/port v0000018e0de70b70, 56;
v0000018e0de70b70_57 .array/port v0000018e0de70b70, 57;
v0000018e0de70b70_58 .array/port v0000018e0de70b70, 58;
v0000018e0de70b70_59 .array/port v0000018e0de70b70, 59;
E_0000018e0de0ccb0/31 .event anyedge, v0000018e0de70b70_56, v0000018e0de70b70_57, v0000018e0de70b70_58, v0000018e0de70b70_59;
v0000018e0de70b70_60 .array/port v0000018e0de70b70, 60;
v0000018e0de70b70_61 .array/port v0000018e0de70b70, 61;
v0000018e0de70b70_62 .array/port v0000018e0de70b70, 62;
v0000018e0de70b70_63 .array/port v0000018e0de70b70, 63;
E_0000018e0de0ccb0/32 .event anyedge, v0000018e0de70b70_60, v0000018e0de70b70_61, v0000018e0de70b70_62, v0000018e0de70b70_63;
v0000018e0de712f0_0 .array/port v0000018e0de712f0, 0;
v0000018e0de712f0_1 .array/port v0000018e0de712f0, 1;
v0000018e0de712f0_2 .array/port v0000018e0de712f0, 2;
v0000018e0de712f0_3 .array/port v0000018e0de712f0, 3;
E_0000018e0de0ccb0/33 .event anyedge, v0000018e0de712f0_0, v0000018e0de712f0_1, v0000018e0de712f0_2, v0000018e0de712f0_3;
v0000018e0de712f0_4 .array/port v0000018e0de712f0, 4;
v0000018e0de712f0_5 .array/port v0000018e0de712f0, 5;
v0000018e0de712f0_6 .array/port v0000018e0de712f0, 6;
v0000018e0de712f0_7 .array/port v0000018e0de712f0, 7;
E_0000018e0de0ccb0/34 .event anyedge, v0000018e0de712f0_4, v0000018e0de712f0_5, v0000018e0de712f0_6, v0000018e0de712f0_7;
v0000018e0de712f0_8 .array/port v0000018e0de712f0, 8;
v0000018e0de712f0_9 .array/port v0000018e0de712f0, 9;
v0000018e0de712f0_10 .array/port v0000018e0de712f0, 10;
v0000018e0de712f0_11 .array/port v0000018e0de712f0, 11;
E_0000018e0de0ccb0/35 .event anyedge, v0000018e0de712f0_8, v0000018e0de712f0_9, v0000018e0de712f0_10, v0000018e0de712f0_11;
v0000018e0de712f0_12 .array/port v0000018e0de712f0, 12;
v0000018e0de712f0_13 .array/port v0000018e0de712f0, 13;
v0000018e0de712f0_14 .array/port v0000018e0de712f0, 14;
v0000018e0de712f0_15 .array/port v0000018e0de712f0, 15;
E_0000018e0de0ccb0/36 .event anyedge, v0000018e0de712f0_12, v0000018e0de712f0_13, v0000018e0de712f0_14, v0000018e0de712f0_15;
v0000018e0de712f0_16 .array/port v0000018e0de712f0, 16;
v0000018e0de712f0_17 .array/port v0000018e0de712f0, 17;
v0000018e0de712f0_18 .array/port v0000018e0de712f0, 18;
v0000018e0de712f0_19 .array/port v0000018e0de712f0, 19;
E_0000018e0de0ccb0/37 .event anyedge, v0000018e0de712f0_16, v0000018e0de712f0_17, v0000018e0de712f0_18, v0000018e0de712f0_19;
v0000018e0de712f0_20 .array/port v0000018e0de712f0, 20;
v0000018e0de712f0_21 .array/port v0000018e0de712f0, 21;
v0000018e0de712f0_22 .array/port v0000018e0de712f0, 22;
v0000018e0de712f0_23 .array/port v0000018e0de712f0, 23;
E_0000018e0de0ccb0/38 .event anyedge, v0000018e0de712f0_20, v0000018e0de712f0_21, v0000018e0de712f0_22, v0000018e0de712f0_23;
v0000018e0de712f0_24 .array/port v0000018e0de712f0, 24;
v0000018e0de712f0_25 .array/port v0000018e0de712f0, 25;
v0000018e0de712f0_26 .array/port v0000018e0de712f0, 26;
v0000018e0de712f0_27 .array/port v0000018e0de712f0, 27;
E_0000018e0de0ccb0/39 .event anyedge, v0000018e0de712f0_24, v0000018e0de712f0_25, v0000018e0de712f0_26, v0000018e0de712f0_27;
v0000018e0de712f0_28 .array/port v0000018e0de712f0, 28;
v0000018e0de712f0_29 .array/port v0000018e0de712f0, 29;
v0000018e0de712f0_30 .array/port v0000018e0de712f0, 30;
v0000018e0de712f0_31 .array/port v0000018e0de712f0, 31;
E_0000018e0de0ccb0/40 .event anyedge, v0000018e0de712f0_28, v0000018e0de712f0_29, v0000018e0de712f0_30, v0000018e0de712f0_31;
v0000018e0de712f0_32 .array/port v0000018e0de712f0, 32;
v0000018e0de712f0_33 .array/port v0000018e0de712f0, 33;
v0000018e0de712f0_34 .array/port v0000018e0de712f0, 34;
v0000018e0de712f0_35 .array/port v0000018e0de712f0, 35;
E_0000018e0de0ccb0/41 .event anyedge, v0000018e0de712f0_32, v0000018e0de712f0_33, v0000018e0de712f0_34, v0000018e0de712f0_35;
v0000018e0de712f0_36 .array/port v0000018e0de712f0, 36;
v0000018e0de712f0_37 .array/port v0000018e0de712f0, 37;
v0000018e0de712f0_38 .array/port v0000018e0de712f0, 38;
v0000018e0de712f0_39 .array/port v0000018e0de712f0, 39;
E_0000018e0de0ccb0/42 .event anyedge, v0000018e0de712f0_36, v0000018e0de712f0_37, v0000018e0de712f0_38, v0000018e0de712f0_39;
v0000018e0de712f0_40 .array/port v0000018e0de712f0, 40;
v0000018e0de712f0_41 .array/port v0000018e0de712f0, 41;
v0000018e0de712f0_42 .array/port v0000018e0de712f0, 42;
v0000018e0de712f0_43 .array/port v0000018e0de712f0, 43;
E_0000018e0de0ccb0/43 .event anyedge, v0000018e0de712f0_40, v0000018e0de712f0_41, v0000018e0de712f0_42, v0000018e0de712f0_43;
v0000018e0de712f0_44 .array/port v0000018e0de712f0, 44;
v0000018e0de712f0_45 .array/port v0000018e0de712f0, 45;
v0000018e0de712f0_46 .array/port v0000018e0de712f0, 46;
v0000018e0de712f0_47 .array/port v0000018e0de712f0, 47;
E_0000018e0de0ccb0/44 .event anyedge, v0000018e0de712f0_44, v0000018e0de712f0_45, v0000018e0de712f0_46, v0000018e0de712f0_47;
v0000018e0de712f0_48 .array/port v0000018e0de712f0, 48;
v0000018e0de712f0_49 .array/port v0000018e0de712f0, 49;
v0000018e0de712f0_50 .array/port v0000018e0de712f0, 50;
v0000018e0de712f0_51 .array/port v0000018e0de712f0, 51;
E_0000018e0de0ccb0/45 .event anyedge, v0000018e0de712f0_48, v0000018e0de712f0_49, v0000018e0de712f0_50, v0000018e0de712f0_51;
v0000018e0de712f0_52 .array/port v0000018e0de712f0, 52;
v0000018e0de712f0_53 .array/port v0000018e0de712f0, 53;
v0000018e0de712f0_54 .array/port v0000018e0de712f0, 54;
v0000018e0de712f0_55 .array/port v0000018e0de712f0, 55;
E_0000018e0de0ccb0/46 .event anyedge, v0000018e0de712f0_52, v0000018e0de712f0_53, v0000018e0de712f0_54, v0000018e0de712f0_55;
v0000018e0de712f0_56 .array/port v0000018e0de712f0, 56;
v0000018e0de712f0_57 .array/port v0000018e0de712f0, 57;
v0000018e0de712f0_58 .array/port v0000018e0de712f0, 58;
v0000018e0de712f0_59 .array/port v0000018e0de712f0, 59;
E_0000018e0de0ccb0/47 .event anyedge, v0000018e0de712f0_56, v0000018e0de712f0_57, v0000018e0de712f0_58, v0000018e0de712f0_59;
v0000018e0de712f0_60 .array/port v0000018e0de712f0, 60;
v0000018e0de712f0_61 .array/port v0000018e0de712f0, 61;
v0000018e0de712f0_62 .array/port v0000018e0de712f0, 62;
v0000018e0de712f0_63 .array/port v0000018e0de712f0, 63;
E_0000018e0de0ccb0/48 .event anyedge, v0000018e0de712f0_60, v0000018e0de712f0_61, v0000018e0de712f0_62, v0000018e0de712f0_63;
v0000018e0de70530_0 .array/port v0000018e0de70530, 0;
v0000018e0de70530_1 .array/port v0000018e0de70530, 1;
v0000018e0de70530_2 .array/port v0000018e0de70530, 2;
v0000018e0de70530_3 .array/port v0000018e0de70530, 3;
E_0000018e0de0ccb0/49 .event anyedge, v0000018e0de70530_0, v0000018e0de70530_1, v0000018e0de70530_2, v0000018e0de70530_3;
v0000018e0de70530_4 .array/port v0000018e0de70530, 4;
v0000018e0de70530_5 .array/port v0000018e0de70530, 5;
v0000018e0de70530_6 .array/port v0000018e0de70530, 6;
v0000018e0de70530_7 .array/port v0000018e0de70530, 7;
E_0000018e0de0ccb0/50 .event anyedge, v0000018e0de70530_4, v0000018e0de70530_5, v0000018e0de70530_6, v0000018e0de70530_7;
v0000018e0de70530_8 .array/port v0000018e0de70530, 8;
v0000018e0de70530_9 .array/port v0000018e0de70530, 9;
v0000018e0de70530_10 .array/port v0000018e0de70530, 10;
v0000018e0de70530_11 .array/port v0000018e0de70530, 11;
E_0000018e0de0ccb0/51 .event anyedge, v0000018e0de70530_8, v0000018e0de70530_9, v0000018e0de70530_10, v0000018e0de70530_11;
v0000018e0de70530_12 .array/port v0000018e0de70530, 12;
v0000018e0de70530_13 .array/port v0000018e0de70530, 13;
v0000018e0de70530_14 .array/port v0000018e0de70530, 14;
v0000018e0de70530_15 .array/port v0000018e0de70530, 15;
E_0000018e0de0ccb0/52 .event anyedge, v0000018e0de70530_12, v0000018e0de70530_13, v0000018e0de70530_14, v0000018e0de70530_15;
v0000018e0de70530_16 .array/port v0000018e0de70530, 16;
v0000018e0de70530_17 .array/port v0000018e0de70530, 17;
v0000018e0de70530_18 .array/port v0000018e0de70530, 18;
v0000018e0de70530_19 .array/port v0000018e0de70530, 19;
E_0000018e0de0ccb0/53 .event anyedge, v0000018e0de70530_16, v0000018e0de70530_17, v0000018e0de70530_18, v0000018e0de70530_19;
v0000018e0de70530_20 .array/port v0000018e0de70530, 20;
v0000018e0de70530_21 .array/port v0000018e0de70530, 21;
v0000018e0de70530_22 .array/port v0000018e0de70530, 22;
v0000018e0de70530_23 .array/port v0000018e0de70530, 23;
E_0000018e0de0ccb0/54 .event anyedge, v0000018e0de70530_20, v0000018e0de70530_21, v0000018e0de70530_22, v0000018e0de70530_23;
v0000018e0de70530_24 .array/port v0000018e0de70530, 24;
v0000018e0de70530_25 .array/port v0000018e0de70530, 25;
v0000018e0de70530_26 .array/port v0000018e0de70530, 26;
v0000018e0de70530_27 .array/port v0000018e0de70530, 27;
E_0000018e0de0ccb0/55 .event anyedge, v0000018e0de70530_24, v0000018e0de70530_25, v0000018e0de70530_26, v0000018e0de70530_27;
v0000018e0de70530_28 .array/port v0000018e0de70530, 28;
v0000018e0de70530_29 .array/port v0000018e0de70530, 29;
v0000018e0de70530_30 .array/port v0000018e0de70530, 30;
v0000018e0de70530_31 .array/port v0000018e0de70530, 31;
E_0000018e0de0ccb0/56 .event anyedge, v0000018e0de70530_28, v0000018e0de70530_29, v0000018e0de70530_30, v0000018e0de70530_31;
v0000018e0de70530_32 .array/port v0000018e0de70530, 32;
v0000018e0de70530_33 .array/port v0000018e0de70530, 33;
v0000018e0de70530_34 .array/port v0000018e0de70530, 34;
v0000018e0de70530_35 .array/port v0000018e0de70530, 35;
E_0000018e0de0ccb0/57 .event anyedge, v0000018e0de70530_32, v0000018e0de70530_33, v0000018e0de70530_34, v0000018e0de70530_35;
v0000018e0de70530_36 .array/port v0000018e0de70530, 36;
v0000018e0de70530_37 .array/port v0000018e0de70530, 37;
v0000018e0de70530_38 .array/port v0000018e0de70530, 38;
v0000018e0de70530_39 .array/port v0000018e0de70530, 39;
E_0000018e0de0ccb0/58 .event anyedge, v0000018e0de70530_36, v0000018e0de70530_37, v0000018e0de70530_38, v0000018e0de70530_39;
v0000018e0de70530_40 .array/port v0000018e0de70530, 40;
v0000018e0de70530_41 .array/port v0000018e0de70530, 41;
v0000018e0de70530_42 .array/port v0000018e0de70530, 42;
v0000018e0de70530_43 .array/port v0000018e0de70530, 43;
E_0000018e0de0ccb0/59 .event anyedge, v0000018e0de70530_40, v0000018e0de70530_41, v0000018e0de70530_42, v0000018e0de70530_43;
v0000018e0de70530_44 .array/port v0000018e0de70530, 44;
v0000018e0de70530_45 .array/port v0000018e0de70530, 45;
v0000018e0de70530_46 .array/port v0000018e0de70530, 46;
v0000018e0de70530_47 .array/port v0000018e0de70530, 47;
E_0000018e0de0ccb0/60 .event anyedge, v0000018e0de70530_44, v0000018e0de70530_45, v0000018e0de70530_46, v0000018e0de70530_47;
v0000018e0de70530_48 .array/port v0000018e0de70530, 48;
v0000018e0de70530_49 .array/port v0000018e0de70530, 49;
v0000018e0de70530_50 .array/port v0000018e0de70530, 50;
v0000018e0de70530_51 .array/port v0000018e0de70530, 51;
E_0000018e0de0ccb0/61 .event anyedge, v0000018e0de70530_48, v0000018e0de70530_49, v0000018e0de70530_50, v0000018e0de70530_51;
v0000018e0de70530_52 .array/port v0000018e0de70530, 52;
v0000018e0de70530_53 .array/port v0000018e0de70530, 53;
v0000018e0de70530_54 .array/port v0000018e0de70530, 54;
v0000018e0de70530_55 .array/port v0000018e0de70530, 55;
E_0000018e0de0ccb0/62 .event anyedge, v0000018e0de70530_52, v0000018e0de70530_53, v0000018e0de70530_54, v0000018e0de70530_55;
v0000018e0de70530_56 .array/port v0000018e0de70530, 56;
v0000018e0de70530_57 .array/port v0000018e0de70530, 57;
v0000018e0de70530_58 .array/port v0000018e0de70530, 58;
v0000018e0de70530_59 .array/port v0000018e0de70530, 59;
E_0000018e0de0ccb0/63 .event anyedge, v0000018e0de70530_56, v0000018e0de70530_57, v0000018e0de70530_58, v0000018e0de70530_59;
v0000018e0de70530_60 .array/port v0000018e0de70530, 60;
v0000018e0de70530_61 .array/port v0000018e0de70530, 61;
v0000018e0de70530_62 .array/port v0000018e0de70530, 62;
v0000018e0de70530_63 .array/port v0000018e0de70530, 63;
E_0000018e0de0ccb0/64 .event anyedge, v0000018e0de70530_60, v0000018e0de70530_61, v0000018e0de70530_62, v0000018e0de70530_63;
v0000018e0de707b0_0 .array/port v0000018e0de707b0, 0;
v0000018e0de707b0_1 .array/port v0000018e0de707b0, 1;
v0000018e0de707b0_2 .array/port v0000018e0de707b0, 2;
v0000018e0de707b0_3 .array/port v0000018e0de707b0, 3;
E_0000018e0de0ccb0/65 .event anyedge, v0000018e0de707b0_0, v0000018e0de707b0_1, v0000018e0de707b0_2, v0000018e0de707b0_3;
v0000018e0de707b0_4 .array/port v0000018e0de707b0, 4;
v0000018e0de707b0_5 .array/port v0000018e0de707b0, 5;
v0000018e0de707b0_6 .array/port v0000018e0de707b0, 6;
v0000018e0de707b0_7 .array/port v0000018e0de707b0, 7;
E_0000018e0de0ccb0/66 .event anyedge, v0000018e0de707b0_4, v0000018e0de707b0_5, v0000018e0de707b0_6, v0000018e0de707b0_7;
v0000018e0de707b0_8 .array/port v0000018e0de707b0, 8;
v0000018e0de707b0_9 .array/port v0000018e0de707b0, 9;
v0000018e0de707b0_10 .array/port v0000018e0de707b0, 10;
v0000018e0de707b0_11 .array/port v0000018e0de707b0, 11;
E_0000018e0de0ccb0/67 .event anyedge, v0000018e0de707b0_8, v0000018e0de707b0_9, v0000018e0de707b0_10, v0000018e0de707b0_11;
v0000018e0de707b0_12 .array/port v0000018e0de707b0, 12;
v0000018e0de707b0_13 .array/port v0000018e0de707b0, 13;
v0000018e0de707b0_14 .array/port v0000018e0de707b0, 14;
v0000018e0de707b0_15 .array/port v0000018e0de707b0, 15;
E_0000018e0de0ccb0/68 .event anyedge, v0000018e0de707b0_12, v0000018e0de707b0_13, v0000018e0de707b0_14, v0000018e0de707b0_15;
v0000018e0de707b0_16 .array/port v0000018e0de707b0, 16;
v0000018e0de707b0_17 .array/port v0000018e0de707b0, 17;
v0000018e0de707b0_18 .array/port v0000018e0de707b0, 18;
v0000018e0de707b0_19 .array/port v0000018e0de707b0, 19;
E_0000018e0de0ccb0/69 .event anyedge, v0000018e0de707b0_16, v0000018e0de707b0_17, v0000018e0de707b0_18, v0000018e0de707b0_19;
v0000018e0de707b0_20 .array/port v0000018e0de707b0, 20;
v0000018e0de707b0_21 .array/port v0000018e0de707b0, 21;
v0000018e0de707b0_22 .array/port v0000018e0de707b0, 22;
v0000018e0de707b0_23 .array/port v0000018e0de707b0, 23;
E_0000018e0de0ccb0/70 .event anyedge, v0000018e0de707b0_20, v0000018e0de707b0_21, v0000018e0de707b0_22, v0000018e0de707b0_23;
v0000018e0de707b0_24 .array/port v0000018e0de707b0, 24;
v0000018e0de707b0_25 .array/port v0000018e0de707b0, 25;
v0000018e0de707b0_26 .array/port v0000018e0de707b0, 26;
v0000018e0de707b0_27 .array/port v0000018e0de707b0, 27;
E_0000018e0de0ccb0/71 .event anyedge, v0000018e0de707b0_24, v0000018e0de707b0_25, v0000018e0de707b0_26, v0000018e0de707b0_27;
v0000018e0de707b0_28 .array/port v0000018e0de707b0, 28;
v0000018e0de707b0_29 .array/port v0000018e0de707b0, 29;
v0000018e0de707b0_30 .array/port v0000018e0de707b0, 30;
v0000018e0de707b0_31 .array/port v0000018e0de707b0, 31;
E_0000018e0de0ccb0/72 .event anyedge, v0000018e0de707b0_28, v0000018e0de707b0_29, v0000018e0de707b0_30, v0000018e0de707b0_31;
v0000018e0de707b0_32 .array/port v0000018e0de707b0, 32;
v0000018e0de707b0_33 .array/port v0000018e0de707b0, 33;
v0000018e0de707b0_34 .array/port v0000018e0de707b0, 34;
v0000018e0de707b0_35 .array/port v0000018e0de707b0, 35;
E_0000018e0de0ccb0/73 .event anyedge, v0000018e0de707b0_32, v0000018e0de707b0_33, v0000018e0de707b0_34, v0000018e0de707b0_35;
v0000018e0de707b0_36 .array/port v0000018e0de707b0, 36;
v0000018e0de707b0_37 .array/port v0000018e0de707b0, 37;
v0000018e0de707b0_38 .array/port v0000018e0de707b0, 38;
v0000018e0de707b0_39 .array/port v0000018e0de707b0, 39;
E_0000018e0de0ccb0/74 .event anyedge, v0000018e0de707b0_36, v0000018e0de707b0_37, v0000018e0de707b0_38, v0000018e0de707b0_39;
v0000018e0de707b0_40 .array/port v0000018e0de707b0, 40;
v0000018e0de707b0_41 .array/port v0000018e0de707b0, 41;
v0000018e0de707b0_42 .array/port v0000018e0de707b0, 42;
v0000018e0de707b0_43 .array/port v0000018e0de707b0, 43;
E_0000018e0de0ccb0/75 .event anyedge, v0000018e0de707b0_40, v0000018e0de707b0_41, v0000018e0de707b0_42, v0000018e0de707b0_43;
v0000018e0de707b0_44 .array/port v0000018e0de707b0, 44;
v0000018e0de707b0_45 .array/port v0000018e0de707b0, 45;
v0000018e0de707b0_46 .array/port v0000018e0de707b0, 46;
v0000018e0de707b0_47 .array/port v0000018e0de707b0, 47;
E_0000018e0de0ccb0/76 .event anyedge, v0000018e0de707b0_44, v0000018e0de707b0_45, v0000018e0de707b0_46, v0000018e0de707b0_47;
v0000018e0de707b0_48 .array/port v0000018e0de707b0, 48;
v0000018e0de707b0_49 .array/port v0000018e0de707b0, 49;
v0000018e0de707b0_50 .array/port v0000018e0de707b0, 50;
v0000018e0de707b0_51 .array/port v0000018e0de707b0, 51;
E_0000018e0de0ccb0/77 .event anyedge, v0000018e0de707b0_48, v0000018e0de707b0_49, v0000018e0de707b0_50, v0000018e0de707b0_51;
v0000018e0de707b0_52 .array/port v0000018e0de707b0, 52;
v0000018e0de707b0_53 .array/port v0000018e0de707b0, 53;
v0000018e0de707b0_54 .array/port v0000018e0de707b0, 54;
v0000018e0de707b0_55 .array/port v0000018e0de707b0, 55;
E_0000018e0de0ccb0/78 .event anyedge, v0000018e0de707b0_52, v0000018e0de707b0_53, v0000018e0de707b0_54, v0000018e0de707b0_55;
v0000018e0de707b0_56 .array/port v0000018e0de707b0, 56;
v0000018e0de707b0_57 .array/port v0000018e0de707b0, 57;
v0000018e0de707b0_58 .array/port v0000018e0de707b0, 58;
v0000018e0de707b0_59 .array/port v0000018e0de707b0, 59;
E_0000018e0de0ccb0/79 .event anyedge, v0000018e0de707b0_56, v0000018e0de707b0_57, v0000018e0de707b0_58, v0000018e0de707b0_59;
v0000018e0de707b0_60 .array/port v0000018e0de707b0, 60;
v0000018e0de707b0_61 .array/port v0000018e0de707b0, 61;
v0000018e0de707b0_62 .array/port v0000018e0de707b0, 62;
v0000018e0de707b0_63 .array/port v0000018e0de707b0, 63;
E_0000018e0de0ccb0/80 .event anyedge, v0000018e0de707b0_60, v0000018e0de707b0_61, v0000018e0de707b0_62, v0000018e0de707b0_63;
E_0000018e0de0ccb0/81 .event anyedge, v0000018e0ddf3e10_0;
E_0000018e0de0ccb0 .event/or E_0000018e0de0ccb0/0, E_0000018e0de0ccb0/1, E_0000018e0de0ccb0/2, E_0000018e0de0ccb0/3, E_0000018e0de0ccb0/4, E_0000018e0de0ccb0/5, E_0000018e0de0ccb0/6, E_0000018e0de0ccb0/7, E_0000018e0de0ccb0/8, E_0000018e0de0ccb0/9, E_0000018e0de0ccb0/10, E_0000018e0de0ccb0/11, E_0000018e0de0ccb0/12, E_0000018e0de0ccb0/13, E_0000018e0de0ccb0/14, E_0000018e0de0ccb0/15, E_0000018e0de0ccb0/16, E_0000018e0de0ccb0/17, E_0000018e0de0ccb0/18, E_0000018e0de0ccb0/19, E_0000018e0de0ccb0/20, E_0000018e0de0ccb0/21, E_0000018e0de0ccb0/22, E_0000018e0de0ccb0/23, E_0000018e0de0ccb0/24, E_0000018e0de0ccb0/25, E_0000018e0de0ccb0/26, E_0000018e0de0ccb0/27, E_0000018e0de0ccb0/28, E_0000018e0de0ccb0/29, E_0000018e0de0ccb0/30, E_0000018e0de0ccb0/31, E_0000018e0de0ccb0/32, E_0000018e0de0ccb0/33, E_0000018e0de0ccb0/34, E_0000018e0de0ccb0/35, E_0000018e0de0ccb0/36, E_0000018e0de0ccb0/37, E_0000018e0de0ccb0/38, E_0000018e0de0ccb0/39, E_0000018e0de0ccb0/40, E_0000018e0de0ccb0/41, E_0000018e0de0ccb0/42, E_0000018e0de0ccb0/43, E_0000018e0de0ccb0/44, E_0000018e0de0ccb0/45, E_0000018e0de0ccb0/46, E_0000018e0de0ccb0/47, E_0000018e0de0ccb0/48, E_0000018e0de0ccb0/49, E_0000018e0de0ccb0/50, E_0000018e0de0ccb0/51, E_0000018e0de0ccb0/52, E_0000018e0de0ccb0/53, E_0000018e0de0ccb0/54, E_0000018e0de0ccb0/55, E_0000018e0de0ccb0/56, E_0000018e0de0ccb0/57, E_0000018e0de0ccb0/58, E_0000018e0de0ccb0/59, E_0000018e0de0ccb0/60, E_0000018e0de0ccb0/61, E_0000018e0de0ccb0/62, E_0000018e0de0ccb0/63, E_0000018e0de0ccb0/64, E_0000018e0de0ccb0/65, E_0000018e0de0ccb0/66, E_0000018e0de0ccb0/67, E_0000018e0de0ccb0/68, E_0000018e0de0ccb0/69, E_0000018e0de0ccb0/70, E_0000018e0de0ccb0/71, E_0000018e0de0ccb0/72, E_0000018e0de0ccb0/73, E_0000018e0de0ccb0/74, E_0000018e0de0ccb0/75, E_0000018e0de0ccb0/76, E_0000018e0de0ccb0/77, E_0000018e0de0ccb0/78, E_0000018e0de0ccb0/79, E_0000018e0de0ccb0/80, E_0000018e0de0ccb0/81;
S_0000018e0ddf3b40 .scope function.vec4.s6, "flow_hash" "flow_hash" 3 66, 3 66 0, S_0000018e0ddcda60;
 .timescale 0 0;
v0000018e0ddcc840_0 .var "dip", 31 0;
v0000018e0dda3360_0 .var "dp", 15 0;
; Variable flow_hash is vec4 return value of scope S_0000018e0ddf3b40
v0000018e0dda30e0_0 .var "h", 31 0;
v0000018e0de1e850_0 .var "sip", 31 0;
v0000018e0dd8b980_0 .var "sp", 15 0;
TD_tb_rate_monitor.u_dut.flow_hash ;
    %load/vec4 v0000018e0de1e850_0;
    %load/vec4 v0000018e0ddcc840_0;
    %xor;
    %load/vec4 v0000018e0dd8b980_0;
    %load/vec4 v0000018e0dda3360_0;
    %concat/vec4; draw_concat_vec4
    %xor;
    %store/vec4 v0000018e0dda30e0_0, 0, 32;
    %load/vec4 v0000018e0dda30e0_0;
    %parti/s 6, 0, 2;
    %load/vec4 v0000018e0dda30e0_0;
    %parti/s 6, 6, 4;
    %xor;
    %load/vec4 v0000018e0dda30e0_0;
    %parti/s 6, 12, 5;
    %xor;
    %load/vec4 v0000018e0dda30e0_0;
    %parti/s 6, 18, 6;
    %xor;
    %pushi/vec4 0, 0, 4;
    %load/vec4 v0000018e0dda30e0_0;
    %parti/s 2, 24, 6;
    %concat/vec4; draw_concat_vec4
    %xor;
    %ret/vec4 0, 0, 6;  Assign to flow_hash (store_vec4_to_lval)
    %end;
    .scope S_0000018e0ddcda60;
T_2 ;
    %wait E_0000018e0de0ccb0;
    %load/vec4 v0000018e0de70a30_0;
    %load/vec4 v0000018e0ddf3cd0_0;
    %load/vec4 v0000018e0de70df0_0;
    %load/vec4 v0000018e0ddf3d70_0;
    %store/vec4 v0000018e0dda3360_0, 0, 16;
    %store/vec4 v0000018e0dd8b980_0, 0, 16;
    %store/vec4 v0000018e0ddcc840_0, 0, 32;
    %store/vec4 v0000018e0de1e850_0, 0, 32;
    %callf/vec4 TD_tb_rate_monitor.u_dut.flow_hash, S_0000018e0ddf3b40;
    %store/vec4 v0000018e0de70e90_0, 0, 6;
    %pushi/vec4 0, 0, 6;
    %store/vec4 v0000018e0de71250_0, 0, 6;
    %pushi/vec4 0, 0, 1;
    %store/vec4 v0000018e0de71070_0, 0, 1;
    %pushi/vec4 0, 0, 6;
    %store/vec4 v0000018e0de71110_0, 0, 6;
    %pushi/vec4 0, 0, 1;
    %store/vec4 v0000018e0ddf3e10_0, 0, 1;
    %pushi/vec4 0, 0, 32;
    %store/vec4 v0000018e0de70990_0, 0, 32;
T_2.0 ;
    %load/vec4 v0000018e0de70990_0;
    %cmpi/s 64, 0, 32;
    %jmp/0xz T_2.1, 5;
    %ix/getv/s 4, v0000018e0de70990_0;
    %load/vec4a v0000018e0de703f0, 4;
    %flag_set/vec4 12;
    %flag_get/vec4 12;
    %jmp/0 T_2.7, 12;
    %ix/getv/s 4, v0000018e0de70990_0;
    %load/vec4a v0000018e0de70b70, 4;
    %load/vec4 v0000018e0de70a30_0;
    %cmp/e;
    %flag_get/vec4 4;
    %and;
T_2.7;
    %flag_set/vec4 11;
    %flag_get/vec4 11;
    %jmp/0 T_2.6, 11;
    %ix/getv/s 4, v0000018e0de70990_0;
    %load/vec4a v0000018e0de712f0, 4;
    %load/vec4 v0000018e0ddf3cd0_0;
    %cmp/e;
    %flag_get/vec4 4;
    %and;
T_2.6;
    %flag_set/vec4 10;
    %flag_get/vec4 10;
    %jmp/0 T_2.5, 10;
    %ix/getv/s 4, v0000018e0de70990_0;
    %load/vec4a v0000018e0de70530, 4;
    %load/vec4 v0000018e0de70df0_0;
    %cmp/e;
    %flag_get/vec4 4;
    %and;
T_2.5;
    %flag_set/vec4 9;
    %flag_get/vec4 9;
    %jmp/0 T_2.4, 9;
    %ix/getv/s 4, v0000018e0de70990_0;
    %load/vec4a v0000018e0de707b0, 4;
    %load/vec4 v0000018e0ddf3d70_0;
    %cmp/e;
    %flag_get/vec4 4;
    %and;
T_2.4;
    %flag_set/vec4 8;
    %jmp/0xz  T_2.2, 8;
    %load/vec4 v0000018e0de70990_0;
    %parti/s 6, 0, 2;
    %store/vec4 v0000018e0de71250_0, 0, 6;
    %pushi/vec4 1, 0, 1;
    %store/vec4 v0000018e0de71070_0, 0, 1;
T_2.2 ;
    %ix/getv/s 4, v0000018e0de70990_0;
    %load/vec4a v0000018e0de703f0, 4;
    %nor/r;
    %flag_set/vec4 9;
    %flag_get/vec4 9;
    %jmp/0 T_2.10, 9;
    %load/vec4 v0000018e0ddf3e10_0;
    %nor/r;
    %and;
T_2.10;
    %flag_set/vec4 8;
    %jmp/0xz  T_2.8, 8;
    %load/vec4 v0000018e0de70990_0;
    %parti/s 6, 0, 2;
    %store/vec4 v0000018e0de71110_0, 0, 6;
    %pushi/vec4 1, 0, 1;
    %store/vec4 v0000018e0ddf3e10_0, 0, 1;
T_2.8 ;
    %load/vec4 v0000018e0de70990_0;
    %addi 1, 0, 32;
    %store/vec4 v0000018e0de70990_0, 0, 32;
    %jmp T_2.0;
T_2.1 ;
    %jmp T_2;
    .thread T_2, $push;
    .scope S_0000018e0ddcda60;
T_3 ;
    %wait E_0000018e0de0d270;
    %load/vec4 v0000018e0de70670_0;
    %nor/r;
    %flag_set/vec4 8;
    %jmp/0xz  T_3.0, 8;
    %pushi/vec4 0, 0, 8;
    %assign/vec4 v0000018e0de1e330_0, 0;
    %pushi/vec4 0, 0, 20;
    %assign/vec4 v0000018e0ddcdd50_0, 0;
    %jmp T_3.1;
T_3.0 ;
    %load/vec4 v0000018e0ddcdd50_0;
    %cmpi/e 1048575, 0, 20;
    %jmp/0xz  T_3.2, 4;
    %pushi/vec4 0, 0, 20;
    %assign/vec4 v0000018e0ddcdd50_0, 0;
    %pushi/vec4 0, 0, 8;
    %assign/vec4 v0000018e0de1e330_0, 0;
    %jmp T_3.3;
T_3.2 ;
    %load/vec4 v0000018e0ddcdd50_0;
    %addi 1, 0, 20;
    %assign/vec4 v0000018e0ddcdd50_0, 0;
T_3.3 ;
    %load/vec4 v0000018e0de70d50_0;
    %flag_set/vec4 9;
    %flag_get/vec4 9;
    %jmp/0 T_3.6, 9;
    %load/vec4 v0000018e0de70ad0_0;
    %and;
T_3.6;
    %flag_set/vec4 8;
    %jmp/0xz  T_3.4, 8;
    %load/vec4 v0000018e0de1e330_0;
    %addi 1, 0, 8;
    %assign/vec4 v0000018e0de1e330_0, 0;
T_3.4 ;
T_3.1 ;
    %jmp T_3;
    .thread T_3;
    .scope S_0000018e0ddcda60;
T_4 ;
    %wait E_0000018e0de0d270;
    %load/vec4 v0000018e0de70670_0;
    %nor/r;
    %flag_set/vec4 8;
    %jmp/0xz  T_4.0, 8;
    %pushi/vec4 0, 0, 1;
    %assign/vec4 v0000018e0de705d0_0, 0;
    %pushi/vec4 0, 0, 2;
    %assign/vec4 v0000018e0ddffaf0_0, 0;
    %pushi/vec4 0, 0, 32;
    %store/vec4 v0000018e0de708f0_0, 0, 32;
T_4.2 ;
    %load/vec4 v0000018e0de708f0_0;
    %cmpi/s 64, 0, 32;
    %jmp/0xz T_4.3, 5;
    %pushi/vec4 0, 0, 1;
    %ix/getv/s 3, v0000018e0de708f0_0;
    %ix/load 4, 0, 0; Constant delay
    %assign/vec4/a/d v0000018e0de703f0, 0, 4;
    %pushi/vec4 0, 0, 16;
    %ix/getv/s 3, v0000018e0de708f0_0;
    %ix/load 4, 0, 0; Constant delay
    %assign/vec4/a/d v0000018e0de70850, 0, 4;
    %pushi/vec4 0, 0, 8;
    %ix/getv/s 3, v0000018e0de708f0_0;
    %ix/load 4, 0, 0; Constant delay
    %assign/vec4/a/d v0000018e0de70c10, 0, 4;
    %pushi/vec4 0, 0, 8;
    %ix/getv/s 3, v0000018e0de708f0_0;
    %ix/load 4, 0, 0; Constant delay
    %assign/vec4/a/d v0000018e0de711b0, 0, 4;
    %pushi/vec4 0, 0, 16;
    %ix/getv/s 3, v0000018e0de708f0_0;
    %ix/load 4, 0, 0; Constant delay
    %assign/vec4/a/d v0000018e0de70710, 0, 4;
    %pushi/vec4 0, 0, 32;
    %ix/getv/s 3, v0000018e0de708f0_0;
    %ix/load 4, 0, 0; Constant delay
    %assign/vec4/a/d v0000018e0de70b70, 0, 4;
    %pushi/vec4 0, 0, 32;
    %ix/getv/s 3, v0000018e0de708f0_0;
    %ix/load 4, 0, 0; Constant delay
    %assign/vec4/a/d v0000018e0de712f0, 0, 4;
    %pushi/vec4 0, 0, 16;
    %ix/getv/s 3, v0000018e0de708f0_0;
    %ix/load 4, 0, 0; Constant delay
    %assign/vec4/a/d v0000018e0de70530, 0, 4;
    %pushi/vec4 0, 0, 16;
    %ix/getv/s 3, v0000018e0de708f0_0;
    %ix/load 4, 0, 0; Constant delay
    %assign/vec4/a/d v0000018e0de707b0, 0, 4;
    %load/vec4 v0000018e0de708f0_0;
    %addi 1, 0, 32;
    %store/vec4 v0000018e0de708f0_0, 0, 32;
    %jmp T_4.2;
T_4.3 ;
    %jmp T_4.1;
T_4.0 ;
    %pushi/vec4 0, 0, 1;
    %assign/vec4 v0000018e0de705d0_0, 0;
    %pushi/vec4 0, 0, 32;
    %store/vec4 v0000018e0de708f0_0, 0, 32;
T_4.4 ;
    %load/vec4 v0000018e0de708f0_0;
    %cmpi/s 64, 0, 32;
    %jmp/0xz T_4.5, 5;
    %ix/getv/s 4, v0000018e0de708f0_0;
    %load/vec4a v0000018e0de703f0, 4;
    %flag_set/vec4 8;
    %jmp/0xz  T_4.6, 8;
    %ix/getv/s 4, v0000018e0de708f0_0;
    %load/vec4a v0000018e0de70710, 4;
    %pad/u 32;
    %cmpi/e 0, 0, 32;
    %jmp/0xz  T_4.8, 4;
    %pushi/vec4 0, 0, 1;
    %ix/getv/s 3, v0000018e0de708f0_0;
    %ix/load 4, 0, 0; Constant delay
    %assign/vec4/a/d v0000018e0de703f0, 0, 4;
    %jmp T_4.9;
T_4.8 ;
    %ix/getv/s 4, v0000018e0de708f0_0;
    %load/vec4a v0000018e0de70710, 4;
    %subi 1, 0, 16;
    %ix/getv/s 3, v0000018e0de708f0_0;
    %ix/load 4, 0, 0; Constant delay
    %assign/vec4/a/d v0000018e0de70710, 0, 4;
T_4.9 ;
T_4.6 ;
    %load/vec4 v0000018e0de708f0_0;
    %addi 1, 0, 32;
    %store/vec4 v0000018e0de708f0_0, 0, 32;
    %jmp T_4.4;
T_4.5 ;
    %load/vec4 v0000018e0de70d50_0;
    %flag_set/vec4 10;
    %flag_get/vec4 10;
    %jmp/0 T_4.13, 10;
    %load/vec4 v0000018e0de70ad0_0;
    %and;
T_4.13;
    %flag_set/vec4 9;
    %flag_get/vec4 9;
    %jmp/0 T_4.12, 9;
    %pushi/vec4 20, 0, 8;
    %load/vec4 v0000018e0de1e330_0;
    %cmp/u;
    %flag_get/vec4 4;
    %flag_get/vec4 5;
    %or;
    %and;
T_4.12;
    %flag_set/vec4 8;
    %jmp/0xz  T_4.10, 8;
    %pushi/vec4 1, 0, 1;
    %assign/vec4 v0000018e0de705d0_0, 0;
    %pushi/vec4 0, 0, 2;
    %assign/vec4 v0000018e0ddffaf0_0, 0;
T_4.10 ;
    %load/vec4 v0000018e0de70d50_0;
    %flag_set/vec4 9;
    %flag_get/vec4 9;
    %jmp/0 T_4.16, 9;
    %load/vec4 v0000018e0de70ad0_0;
    %nor/r;
    %and;
T_4.16;
    %flag_set/vec4 8;
    %jmp/0xz  T_4.14, 8;
    %load/vec4 v0000018e0de71070_0;
    %flag_set/vec4 8;
    %jmp/0xz  T_4.17, 8;
    %load/vec4 v0000018e0de71250_0;
    %pad/u 8;
    %ix/vec4 4;
    %load/vec4a v0000018e0de70850, 4;
    %addi 1, 0, 16;
    %load/vec4 v0000018e0de71250_0;
    %pad/u 8;
    %ix/vec4 3;
    %ix/load 4, 0, 0; Constant delay
    %assign/vec4/a/d v0000018e0de70850, 0, 4;
    %pushi/vec4 65535, 0, 16;
    %load/vec4 v0000018e0de71250_0;
    %pad/u 8;
    %ix/vec4 3;
    %ix/load 4, 0, 0; Constant delay
    %assign/vec4/a/d v0000018e0de70710, 0, 4;
    %load/vec4 v0000018e0de70fd0_0;
    %flag_set/vec4 8;
    %jmp/0xz  T_4.19, 8;
    %load/vec4 v0000018e0de71250_0;
    %pad/u 8;
    %ix/vec4 4;
    %load/vec4a v0000018e0de70c10, 4;
    %addi 1, 0, 8;
    %load/vec4 v0000018e0de71250_0;
    %pad/u 8;
    %ix/vec4 3;
    %ix/load 4, 0, 0; Constant delay
    %assign/vec4/a/d v0000018e0de70c10, 0, 4;
T_4.19 ;
    %load/vec4 v0000018e0de70490_0;
    %flag_set/vec4 8;
    %jmp/0xz  T_4.21, 8;
    %load/vec4 v0000018e0de71250_0;
    %pad/u 8;
    %ix/vec4 4;
    %load/vec4a v0000018e0de711b0, 4;
    %addi 1, 0, 8;
    %load/vec4 v0000018e0de71250_0;
    %pad/u 8;
    %ix/vec4 3;
    %ix/load 4, 0, 0; Constant delay
    %assign/vec4/a/d v0000018e0de711b0, 0, 4;
T_4.21 ;
    %load/vec4 v0000018e0de71250_0;
    %pad/u 8;
    %ix/vec4 4;
    %load/vec4a v0000018e0de70c10, 4;
    %load/vec4 v0000018e0de71250_0;
    %pad/u 8;
    %ix/vec4 4;
    %load/vec4a v0000018e0de711b0, 4;
    %load/vec4 v0000018e0de71250_0;
    %pad/u 8;
    %ix/vec4 4;
    %load/vec4a v0000018e0de70850, 4;
    %vpi_call 3 184 "$display", "    DEBUG: slot=%0d syn_count=%0d synack=%0d pkt_count=%0d", v0000018e0de71250_0, S<2,vec4,u8>, S<1,vec4,u8>, S<0,vec4,u16> {3 0 0};
    %load/vec4 v0000018e0de71250_0;
    %pad/u 8;
    %ix/vec4 4;
    %load/vec4a v0000018e0de70c10, 4;
    %pad/u 32;
    %load/vec4 v0000018e0de70fd0_0;
    %flag_set/vec4 9;
    %jmp/0 T_4.26, 9;
    %pushi/vec4 1, 0, 32;
    %jmp/1 T_4.27, 9;
T_4.26 ; End of true expr.
    %pushi/vec4 0, 0, 32;
    %jmp/0 T_4.27, 9;
 ; End of false expr.
    %blend;
T_4.27;
    %add;
    %cmpi/u 30, 0, 32;
    %flag_inv 5; GE is !LT
    %flag_get/vec4 5;
    %jmp/0 T_4.25, 5;
    %load/vec4 v0000018e0de71250_0;
    %pad/u 8;
    %ix/vec4 4;
    %load/vec4a v0000018e0de711b0, 4;
    %pad/u 32;
    %load/vec4 v0000018e0de70490_0;
    %flag_set/vec4 9;
    %jmp/0 T_4.28, 9;
    %pushi/vec4 1, 0, 32;
    %jmp/1 T_4.29, 9;
T_4.28 ; End of true expr.
    %pushi/vec4 0, 0, 32;
    %jmp/0 T_4.29, 9;
 ; End of false expr.
    %blend;
T_4.29;
    %add;
    %cmpi/u 5, 0, 32;
    %flag_get/vec4 5;
    %and;
T_4.25;
    %flag_set/vec4 8;
    %jmp/0xz  T_4.23, 8;
    %pushi/vec4 1, 0, 1;
    %assign/vec4 v0000018e0de705d0_0, 0;
    %pushi/vec4 1, 0, 2;
    %assign/vec4 v0000018e0ddffaf0_0, 0;
T_4.23 ;
    %load/vec4 v0000018e0de71250_0;
    %pad/u 8;
    %ix/vec4 4;
    %load/vec4a v0000018e0de70850, 4;
    %pad/u 32;
    %addi 1, 0, 32;
    %cmpi/u 50, 0, 32;
    %flag_inv 5; GE is !LT
    %jmp/0xz  T_4.30, 5;
    %pushi/vec4 1, 0, 1;
    %assign/vec4 v0000018e0de705d0_0, 0;
    %pushi/vec4 2, 0, 2;
    %assign/vec4 v0000018e0ddffaf0_0, 0;
T_4.30 ;
    %jmp T_4.18;
T_4.17 ;
    %load/vec4 v0000018e0ddf3e10_0;
    %flag_set/vec4 8;
    %jmp/0xz  T_4.32, 8;
    %pushi/vec4 1, 0, 1;
    %load/vec4 v0000018e0de71110_0;
    %pad/u 8;
    %ix/vec4 3;
    %ix/load 4, 0, 0; Constant delay
    %assign/vec4/a/d v0000018e0de703f0, 0, 4;
    %load/vec4 v0000018e0de70a30_0;
    %load/vec4 v0000018e0de71110_0;
    %pad/u 8;
    %ix/vec4 3;
    %ix/load 4, 0, 0; Constant delay
    %assign/vec4/a/d v0000018e0de70b70, 0, 4;
    %load/vec4 v0000018e0ddf3cd0_0;
    %load/vec4 v0000018e0de71110_0;
    %pad/u 8;
    %ix/vec4 3;
    %ix/load 4, 0, 0; Constant delay
    %assign/vec4/a/d v0000018e0de712f0, 0, 4;
    %load/vec4 v0000018e0de70df0_0;
    %load/vec4 v0000018e0de71110_0;
    %pad/u 8;
    %ix/vec4 3;
    %ix/load 4, 0, 0; Constant delay
    %assign/vec4/a/d v0000018e0de70530, 0, 4;
    %load/vec4 v0000018e0ddf3d70_0;
    %load/vec4 v0000018e0de71110_0;
    %pad/u 8;
    %ix/vec4 3;
    %ix/load 4, 0, 0; Constant delay
    %assign/vec4/a/d v0000018e0de707b0, 0, 4;
    %pushi/vec4 1, 0, 16;
    %load/vec4 v0000018e0de71110_0;
    %pad/u 8;
    %ix/vec4 3;
    %ix/load 4, 0, 0; Constant delay
    %assign/vec4/a/d v0000018e0de70850, 0, 4;
    %load/vec4 v0000018e0de70fd0_0;
    %flag_set/vec4 8;
    %jmp/0 T_4.34, 8;
    %pushi/vec4 1, 0, 8;
    %jmp/1 T_4.35, 8;
T_4.34 ; End of true expr.
    %pushi/vec4 0, 0, 8;
    %jmp/0 T_4.35, 8;
 ; End of false expr.
    %blend;
T_4.35;
    %load/vec4 v0000018e0de71110_0;
    %pad/u 8;
    %ix/vec4 3;
    %ix/load 4, 0, 0; Constant delay
    %assign/vec4/a/d v0000018e0de70c10, 0, 4;
    %load/vec4 v0000018e0de70490_0;
    %flag_set/vec4 8;
    %jmp/0 T_4.36, 8;
    %pushi/vec4 1, 0, 8;
    %jmp/1 T_4.37, 8;
T_4.36 ; End of true expr.
    %pushi/vec4 0, 0, 8;
    %jmp/0 T_4.37, 8;
 ; End of false expr.
    %blend;
T_4.37;
    %load/vec4 v0000018e0de71110_0;
    %pad/u 8;
    %ix/vec4 3;
    %ix/load 4, 0, 0; Constant delay
    %assign/vec4/a/d v0000018e0de711b0, 0, 4;
    %pushi/vec4 65535, 0, 16;
    %load/vec4 v0000018e0de71110_0;
    %pad/u 8;
    %ix/vec4 3;
    %ix/load 4, 0, 0; Constant delay
    %assign/vec4/a/d v0000018e0de70710, 0, 4;
T_4.32 ;
T_4.18 ;
T_4.14 ;
T_4.1 ;
    %jmp T_4;
    .thread T_4;
    .scope S_0000018e0de1e6c0;
T_5 ;
    %pushi/vec4 0, 0, 1;
    %store/vec4 v0000018e0de7b080_0, 0, 1;
    %pushi/vec4 0, 0, 1;
    %store/vec4 v0000018e0de7af40_0, 0, 1;
    %pushi/vec4 0, 0, 32;
    %store/vec4 v0000018e0de7a860_0, 0, 32;
    %pushi/vec4 0, 0, 32;
    %store/vec4 v0000018e0de7bb20_0, 0, 32;
    %pushi/vec4 0, 0, 16;
    %store/vec4 v0000018e0de7bbc0_0, 0, 16;
    %pushi/vec4 0, 0, 16;
    %store/vec4 v0000018e0de7a400_0, 0, 16;
    %pushi/vec4 0, 0, 8;
    %store/vec4 v0000018e0de7bd00_0, 0, 8;
    %pushi/vec4 0, 0, 1;
    %store/vec4 v0000018e0de7ae00_0, 0, 1;
    %pushi/vec4 0, 0, 1;
    %store/vec4 v0000018e0de7b440_0, 0, 1;
    %pushi/vec4 0, 0, 1;
    %store/vec4 v0000018e0de7b6c0_0, 0, 1;
    %pushi/vec4 0, 0, 1;
    %store/vec4 v0000018e0de7a4a0_0, 0, 1;
    %end;
    .thread T_5;
    .scope S_0000018e0de1e6c0;
T_6 ;
    %delay 4000, 0;
    %load/vec4 v0000018e0de7b080_0;
    %inv;
    %store/vec4 v0000018e0de7b080_0, 0, 1;
    %jmp T_6;
    .thread T_6;
    .scope S_0000018e0de1e6c0;
T_7 ;
    %vpi_call 2 39 "$dumpfile", "tb_rate_monitor.vcd" {0 0 0};
    %vpi_call 2 40 "$dumpvars", 32'sb00000000000000000000000000000000, S_0000018e0de1e6c0 {0 0 0};
    %end;
    .thread T_7;
    .scope S_0000018e0de1e6c0;
T_8 ;
    %pushi/vec4 0, 0, 1;
    %store/vec4 v0000018e0de7af40_0, 0, 1;
    %pushi/vec4 4, 0, 32;
T_8.0 %dup/vec4;
    %pushi/vec4 0, 0, 32;
    %cmp/s;
    %jmp/1xz T_8.1, 5;
    %jmp/1 T_8.1, 4;
    %pushi/vec4 1, 0, 32;
    %sub;
    %wait E_0000018e0de0cf30;
    %jmp T_8.0;
T_8.1 ;
    %pop/vec4 1;
    %pushi/vec4 1, 0, 1;
    %store/vec4 v0000018e0de7af40_0, 0, 1;
    %pushi/vec4 2, 0, 32;
T_8.2 %dup/vec4;
    %pushi/vec4 0, 0, 32;
    %cmp/s;
    %jmp/1xz T_8.3, 5;
    %jmp/1 T_8.3, 4;
    %pushi/vec4 1, 0, 32;
    %sub;
    %wait E_0000018e0de0cf30;
    %jmp T_8.2;
T_8.3 ;
    %pop/vec4 1;
    %vpi_call 2 65 "$display", "--- TEST 1: new flow insertion ---" {0 0 0};
    %pushi/vec4 3232235777, 0, 32;
    %store/vec4 v0000018e0de7a860_0, 0, 32;
    %pushi/vec4 134744072, 0, 32;
    %store/vec4 v0000018e0de7bb20_0, 0, 32;
    %pushi/vec4 5000, 0, 16;
    %store/vec4 v0000018e0de7bbc0_0, 0, 16;
    %pushi/vec4 443, 0, 16;
    %store/vec4 v0000018e0de7a400_0, 0, 16;
    %pushi/vec4 6, 0, 8;
    %store/vec4 v0000018e0de7bd00_0, 0, 8;
    %pushi/vec4 0, 0, 1;
    %store/vec4 v0000018e0de7b440_0, 0, 1;
    %pushi/vec4 0, 0, 1;
    %store/vec4 v0000018e0de7b6c0_0, 0, 1;
    %pushi/vec4 0, 0, 1;
    %store/vec4 v0000018e0de7a4a0_0, 0, 1;
    %fork TD_tb_rate_monitor.send_packet, S_0000018e0de1e1a0;
    %join;
    %pushi/vec4 2, 0, 32;
T_8.4 %dup/vec4;
    %pushi/vec4 0, 0, 32;
    %cmp/s;
    %jmp/1xz T_8.5, 5;
    %jmp/1 T_8.5, 4;
    %pushi/vec4 1, 0, 32;
    %sub;
    %wait E_0000018e0de0cf30;
    %jmp T_8.4;
T_8.5 ;
    %pop/vec4 1;
    %vpi_call 2 75 "$display", "  u_dut.ft_valid[free_slot guess 0]=%b pkt_count[0]=%0d", &A<v0000018e0de703f0, 0>, &A<v0000018e0de70850, 0> {0 0 0};
    %vpi_call 2 82 "$display", "--- TEST 2: repeat same flow (expect pkt_count=2, same slot) ---" {0 0 0};
    %fork TD_tb_rate_monitor.send_packet, S_0000018e0de1e1a0;
    %join;
    %pushi/vec4 2, 0, 32;
T_8.6 %dup/vec4;
    %pushi/vec4 0, 0, 32;
    %cmp/s;
    %jmp/1xz T_8.7, 5;
    %jmp/1 T_8.7, 4;
    %pushi/vec4 1, 0, 32;
    %sub;
    %wait E_0000018e0de0cf30;
    %jmp T_8.6;
T_8.7 ;
    %pop/vec4 1;
    %vpi_call 2 85 "$display", "  ft_valid[0]=%b pkt_count[0]=%0d ft_valid[1]=%b", &A<v0000018e0de703f0, 0>, &A<v0000018e0de70850, 0>, &A<v0000018e0de703f0, 1> {0 0 0};
    %vpi_call 2 91 "$display", "--- TEST 3: ARP spoof flood (21x ARP replies) ---" {0 0 0};
    %pushi/vec4 1, 0, 1;
    %store/vec4 v0000018e0de7a4a0_0, 0, 1;
    %pushi/vec4 0, 0, 32;
    %store/vec4 v0000018e0de7a720_0, 0, 32;
T_8.8 ;
    %load/vec4 v0000018e0de7a720_0;
    %cmpi/s 21, 0, 32;
    %jmp/0xz T_8.9, 5;
    %fork TD_tb_rate_monitor.send_packet, S_0000018e0de1e1a0;
    %join;
    %load/vec4 v0000018e0de7a720_0;
    %addi 1, 0, 32;
    %store/vec4 v0000018e0de7a720_0, 0, 32;
    %jmp T_8.8;
T_8.9 ;
    %pushi/vec4 2, 0, 32;
T_8.10 %dup/vec4;
    %pushi/vec4 0, 0, 32;
    %cmp/s;
    %jmp/1xz T_8.11, 5;
    %jmp/1 T_8.11, 4;
    %pushi/vec4 1, 0, 32;
    %sub;
    %wait E_0000018e0de0cf30;
    %jmp T_8.10;
T_8.11 ;
    %pop/vec4 1;
    %vpi_call 2 97 "$display", "  rate_alert=%b alert_type=%0d (expect 1, type=0 ARP spoof)", v0000018e0de7b760_0, v0000018e0de70f30_0 {0 0 0};
    %pushi/vec4 0, 0, 1;
    %store/vec4 v0000018e0de7a4a0_0, 0, 1;
    %pushi/vec4 4, 0, 32;
T_8.12 %dup/vec4;
    %pushi/vec4 0, 0, 32;
    %cmp/s;
    %jmp/1xz T_8.13, 5;
    %jmp/1 T_8.13, 4;
    %pushi/vec4 1, 0, 32;
    %sub;
    %wait E_0000018e0de0cf30;
    %jmp T_8.12;
T_8.13 ;
    %pop/vec4 1;
    %vpi_call 2 105 "$display", "--- TEST 4: SYN flood (31x SYN, 0x SYN-ACK, new flow) ---" {0 0 0};
    %pushi/vec4 167772161, 0, 32;
    %store/vec4 v0000018e0de7a860_0, 0, 32;
    %pushi/vec4 167772162, 0, 32;
    %store/vec4 v0000018e0de7bb20_0, 0, 32;
    %pushi/vec4 6000, 0, 16;
    %store/vec4 v0000018e0de7bbc0_0, 0, 16;
    %pushi/vec4 80, 0, 16;
    %store/vec4 v0000018e0de7a400_0, 0, 16;
    %pushi/vec4 1, 0, 1;
    %store/vec4 v0000018e0de7b440_0, 0, 1;
    %pushi/vec4 0, 0, 1;
    %store/vec4 v0000018e0de7b6c0_0, 0, 1;
    %pushi/vec4 0, 0, 32;
    %store/vec4 v0000018e0de7a720_0, 0, 32;
T_8.14 ;
    %load/vec4 v0000018e0de7a720_0;
    %cmpi/s 31, 0, 32;
    %jmp/0xz T_8.15, 5;
    %fork TD_tb_rate_monitor.send_packet, S_0000018e0de1e1a0;
    %join;
    %load/vec4 v0000018e0de7a720_0;
    %addi 1, 0, 32;
    %store/vec4 v0000018e0de7a720_0, 0, 32;
    %jmp T_8.14;
T_8.15 ;
    %pushi/vec4 2, 0, 32;
T_8.16 %dup/vec4;
    %pushi/vec4 0, 0, 32;
    %cmp/s;
    %jmp/1xz T_8.17, 5;
    %jmp/1 T_8.17, 4;
    %pushi/vec4 1, 0, 32;
    %sub;
    %wait E_0000018e0de0cf30;
    %jmp T_8.16;
T_8.17 ;
    %pop/vec4 1;
    %vpi_call 2 115 "$display", "  rate_alert=%b alert_type=%0d (expect 1, type=1 SYN flood)", v0000018e0de7b760_0, v0000018e0de70f30_0 {0 0 0};
    %pushi/vec4 0, 0, 1;
    %store/vec4 v0000018e0de7b440_0, 0, 1;
    %pushi/vec4 4, 0, 32;
T_8.18 %dup/vec4;
    %pushi/vec4 0, 0, 32;
    %cmp/s;
    %jmp/1xz T_8.19, 5;
    %jmp/1 T_8.19, 4;
    %pushi/vec4 1, 0, 32;
    %sub;
    %wait E_0000018e0de0cf30;
    %jmp T_8.18;
T_8.19 ;
    %pop/vec4 1;
    %vpi_call 2 123 "$display", "--- TEST 5: C2 beaconing (51x plain packets, same flow) ---" {0 0 0};
    %pushi/vec4 2886729729, 0, 32;
    %store/vec4 v0000018e0de7a860_0, 0, 32;
    %pushi/vec4 2886729730, 0, 32;
    %store/vec4 v0000018e0de7bb20_0, 0, 32;
    %pushi/vec4 7000, 0, 16;
    %store/vec4 v0000018e0de7bbc0_0, 0, 16;
    %pushi/vec4 4444, 0, 16;
    %store/vec4 v0000018e0de7a400_0, 0, 16;
    %pushi/vec4 0, 0, 1;
    %store/vec4 v0000018e0de7b440_0, 0, 1;
    %pushi/vec4 0, 0, 1;
    %store/vec4 v0000018e0de7b6c0_0, 0, 1;
    %pushi/vec4 0, 0, 32;
    %store/vec4 v0000018e0de7a720_0, 0, 32;
T_8.20 ;
    %load/vec4 v0000018e0de7a720_0;
    %cmpi/s 51, 0, 32;
    %jmp/0xz T_8.21, 5;
    %fork TD_tb_rate_monitor.send_packet, S_0000018e0de1e1a0;
    %join;
    %load/vec4 v0000018e0de7a720_0;
    %addi 1, 0, 32;
    %store/vec4 v0000018e0de7a720_0, 0, 32;
    %jmp T_8.20;
T_8.21 ;
    %pushi/vec4 2, 0, 32;
T_8.22 %dup/vec4;
    %pushi/vec4 0, 0, 32;
    %cmp/s;
    %jmp/1xz T_8.23, 5;
    %jmp/1 T_8.23, 4;
    %pushi/vec4 1, 0, 32;
    %sub;
    %wait E_0000018e0de0cf30;
    %jmp T_8.22;
T_8.23 ;
    %pop/vec4 1;
    %vpi_call 2 133 "$display", "  rate_alert=%b alert_type=%0d (expect 1, type=2 beaconing)", v0000018e0de7b760_0, v0000018e0de70f30_0 {0 0 0};
    %vpi_call 2 136 "$display", "Simulation complete." {0 0 0};
    %vpi_call 2 137 "$finish" {0 0 0};
    %end;
    .thread T_8;
# The file index is used to find the file name in the following table.
:file_names 4;
    "N/A";
    "<interactive>";
    "tb_rate_monitor.v";
    "rate_monitor.v";
