#! /c/Source/iverilog-install/bin/vvp
:ivl_version "12.0 (devel)" "(s20150603-1539-g2693dd32b)";
:ivl_delay_selection "TYPICAL";
:vpi_time_precision - 12;
:vpi_module "C:\iverilog\lib\ivl\system.vpi";
:vpi_module "C:\iverilog\lib\ivl\vhdl_sys.vpi";
:vpi_module "C:\iverilog\lib\ivl\vhdl_textio.vpi";
:vpi_module "C:\iverilog\lib\ivl\v2005_math.vpi";
:vpi_module "C:\iverilog\lib\ivl\va_math.vpi";
S_000001b7bf3cdc60 .scope module, "tb_dns_parser" "tb_dns_parser" 2 3;
 .timescale -9 -12;
v000001b7bf427690_0 .var "ac_match", 0 0;
v000001b7bf428a90_0 .var "byte_in", 7 0;
v000001b7bf428b30_0 .var "byte_valid", 0 0;
v000001b7bf4272d0_0 .var "clk", 0 0;
v000001b7bf428db0_0 .net "dns_alert", 0 0, v000001b7bf3c5750_0;  1 drivers
v000001b7bf4281d0_0 .var "frame_end", 0 0;
v000001b7bf427a50_0 .var "frame_start", 0 0;
v000001b7bf427550_0 .var/i "k", 31 0;
v000001b7bf429030_0 .net "nxdomain_count", 7 0, v000001b7bf3c5930_0;  1 drivers
v000001b7bf428e50_0 .var "rst_n", 0 0;
v000001b7bf427730_0 .net "sinkhole_active", 0 0, v000001b7bf427eb0_0;  1 drivers
v000001b7bf428ef0_0 .net "sinkhole_ip", 31 0, v000001b7bf427f50_0;  1 drivers
S_000001b7bf3cd400 .scope task, "send_byte" "send_byte" 2 81, 2 81 0, S_000001b7bf3cdc60;
 .timescale -9 -12;
v000001b7bf3c5b10_0 .var "b", 7 0;
E_000001b7bf3bf660 .event posedge, v000001b7bf3c6150_0;
TD_tb_dns_parser.send_byte ;
    %wait E_000001b7bf3bf660;
    %load/vec4 v000001b7bf3c5b10_0;
    %assign/vec4 v000001b7bf428a90_0, 0;
    %pushi/vec4 1, 0, 1;
    %assign/vec4 v000001b7bf428b30_0, 0;
    %wait E_000001b7bf3bf660;
    %pushi/vec4 0, 0, 1;
    %assign/vec4 v000001b7bf428b30_0, 0;
    %end;
S_000001b7bf3c9c30 .scope task, "send_nxdomain" "send_nxdomain" 2 204, 2 204 0, S_000001b7bf3cdc60;
 .timescale -9 -12;
TD_tb_dns_parser.send_nxdomain ;
    %wait E_000001b7bf3bf660;
    %pushi/vec4 1, 0, 1;
    %assign/vec4 v000001b7bf427a50_0, 0;
    %wait E_000001b7bf3bf660;
    %pushi/vec4 0, 0, 1;
    %assign/vec4 v000001b7bf427a50_0, 0;
    %pushi/vec4 18, 0, 8;
    %store/vec4 v000001b7bf3c5b10_0, 0, 8;
    %fork TD_tb_dns_parser.send_byte, S_000001b7bf3cd400;
    %join;
    %pushi/vec4 52, 0, 8;
    %store/vec4 v000001b7bf3c5b10_0, 0, 8;
    %fork TD_tb_dns_parser.send_byte, S_000001b7bf3cd400;
    %join;
    %pushi/vec4 129, 0, 8;
    %store/vec4 v000001b7bf3c5b10_0, 0, 8;
    %fork TD_tb_dns_parser.send_byte, S_000001b7bf3cd400;
    %join;
    %pushi/vec4 131, 0, 8;
    %store/vec4 v000001b7bf3c5b10_0, 0, 8;
    %fork TD_tb_dns_parser.send_byte, S_000001b7bf3cd400;
    %join;
    %pushi/vec4 8, 0, 32;
T_1.0 %dup/vec4;
    %pushi/vec4 0, 0, 32;
    %cmp/s;
    %jmp/1xz T_1.1, 5;
    %jmp/1 T_1.1, 4;
    %pushi/vec4 1, 0, 32;
    %sub;
    %pushi/vec4 0, 0, 8;
    %store/vec4 v000001b7bf3c5b10_0, 0, 8;
    %fork TD_tb_dns_parser.send_byte, S_000001b7bf3cd400;
    %join;
    %jmp T_1.0;
T_1.1 ;
    %pop/vec4 1;
    %pushi/vec4 0, 0, 8;
    %store/vec4 v000001b7bf3c5b10_0, 0, 8;
    %fork TD_tb_dns_parser.send_byte, S_000001b7bf3cd400;
    %join;
    %wait E_000001b7bf3bf660;
    %pushi/vec4 1, 0, 1;
    %assign/vec4 v000001b7bf4281d0_0, 0;
    %wait E_000001b7bf3bf660;
    %pushi/vec4 0, 0, 1;
    %assign/vec4 v000001b7bf4281d0_0, 0;
    %end;
S_000001b7bf352ce0 .scope task, "send_query" "send_query" 2 106, 2 106 0, S_000001b7bf3cdc60;
 .timescale -9 -12;
TD_tb_dns_parser.send_query ;
    %wait E_000001b7bf3bf660;
    %pushi/vec4 1, 0, 1;
    %assign/vec4 v000001b7bf427a50_0, 0;
    %wait E_000001b7bf3bf660;
    %pushi/vec4 0, 0, 1;
    %assign/vec4 v000001b7bf427a50_0, 0;
    %pushi/vec4 18, 0, 8;
    %store/vec4 v000001b7bf3c5b10_0, 0, 8;
    %fork TD_tb_dns_parser.send_byte, S_000001b7bf3cd400;
    %join;
    %pushi/vec4 52, 0, 8;
    %store/vec4 v000001b7bf3c5b10_0, 0, 8;
    %fork TD_tb_dns_parser.send_byte, S_000001b7bf3cd400;
    %join;
    %pushi/vec4 1, 0, 8;
    %store/vec4 v000001b7bf3c5b10_0, 0, 8;
    %fork TD_tb_dns_parser.send_byte, S_000001b7bf3cd400;
    %join;
    %pushi/vec4 0, 0, 8;
    %store/vec4 v000001b7bf3c5b10_0, 0, 8;
    %fork TD_tb_dns_parser.send_byte, S_000001b7bf3cd400;
    %join;
    %pushi/vec4 0, 0, 8;
    %store/vec4 v000001b7bf3c5b10_0, 0, 8;
    %fork TD_tb_dns_parser.send_byte, S_000001b7bf3cd400;
    %join;
    %pushi/vec4 1, 0, 8;
    %store/vec4 v000001b7bf3c5b10_0, 0, 8;
    %fork TD_tb_dns_parser.send_byte, S_000001b7bf3cd400;
    %join;
    %pushi/vec4 0, 0, 8;
    %store/vec4 v000001b7bf3c5b10_0, 0, 8;
    %fork TD_tb_dns_parser.send_byte, S_000001b7bf3cd400;
    %join;
    %pushi/vec4 0, 0, 8;
    %store/vec4 v000001b7bf3c5b10_0, 0, 8;
    %fork TD_tb_dns_parser.send_byte, S_000001b7bf3cd400;
    %join;
    %pushi/vec4 0, 0, 8;
    %store/vec4 v000001b7bf3c5b10_0, 0, 8;
    %fork TD_tb_dns_parser.send_byte, S_000001b7bf3cd400;
    %join;
    %pushi/vec4 0, 0, 8;
    %store/vec4 v000001b7bf3c5b10_0, 0, 8;
    %fork TD_tb_dns_parser.send_byte, S_000001b7bf3cd400;
    %join;
    %pushi/vec4 0, 0, 8;
    %store/vec4 v000001b7bf3c5b10_0, 0, 8;
    %fork TD_tb_dns_parser.send_byte, S_000001b7bf3cd400;
    %join;
    %pushi/vec4 0, 0, 8;
    %store/vec4 v000001b7bf3c5b10_0, 0, 8;
    %fork TD_tb_dns_parser.send_byte, S_000001b7bf3cd400;
    %join;
    %pushi/vec4 3, 0, 8;
    %store/vec4 v000001b7bf3c5b10_0, 0, 8;
    %fork TD_tb_dns_parser.send_byte, S_000001b7bf3cd400;
    %join;
    %pushi/vec4 119, 0, 8; draw_string_vec4
    %store/vec4 v000001b7bf3c5b10_0, 0, 8;
    %fork TD_tb_dns_parser.send_byte, S_000001b7bf3cd400;
    %join;
    %pushi/vec4 119, 0, 8; draw_string_vec4
    %store/vec4 v000001b7bf3c5b10_0, 0, 8;
    %fork TD_tb_dns_parser.send_byte, S_000001b7bf3cd400;
    %join;
    %pushi/vec4 119, 0, 8; draw_string_vec4
    %store/vec4 v000001b7bf3c5b10_0, 0, 8;
    %fork TD_tb_dns_parser.send_byte, S_000001b7bf3cd400;
    %join;
    %pushi/vec4 6, 0, 8;
    %store/vec4 v000001b7bf3c5b10_0, 0, 8;
    %fork TD_tb_dns_parser.send_byte, S_000001b7bf3cd400;
    %join;
    %pushi/vec4 103, 0, 8; draw_string_vec4
    %store/vec4 v000001b7bf3c5b10_0, 0, 8;
    %fork TD_tb_dns_parser.send_byte, S_000001b7bf3cd400;
    %join;
    %pushi/vec4 111, 0, 8; draw_string_vec4
    %store/vec4 v000001b7bf3c5b10_0, 0, 8;
    %fork TD_tb_dns_parser.send_byte, S_000001b7bf3cd400;
    %join;
    %pushi/vec4 111, 0, 8; draw_string_vec4
    %store/vec4 v000001b7bf3c5b10_0, 0, 8;
    %fork TD_tb_dns_parser.send_byte, S_000001b7bf3cd400;
    %join;
    %pushi/vec4 103, 0, 8; draw_string_vec4
    %store/vec4 v000001b7bf3c5b10_0, 0, 8;
    %fork TD_tb_dns_parser.send_byte, S_000001b7bf3cd400;
    %join;
    %pushi/vec4 108, 0, 8; draw_string_vec4
    %store/vec4 v000001b7bf3c5b10_0, 0, 8;
    %fork TD_tb_dns_parser.send_byte, S_000001b7bf3cd400;
    %join;
    %pushi/vec4 101, 0, 8; draw_string_vec4
    %store/vec4 v000001b7bf3c5b10_0, 0, 8;
    %fork TD_tb_dns_parser.send_byte, S_000001b7bf3cd400;
    %join;
    %pushi/vec4 3, 0, 8;
    %store/vec4 v000001b7bf3c5b10_0, 0, 8;
    %fork TD_tb_dns_parser.send_byte, S_000001b7bf3cd400;
    %join;
    %pushi/vec4 99, 0, 8; draw_string_vec4
    %store/vec4 v000001b7bf3c5b10_0, 0, 8;
    %fork TD_tb_dns_parser.send_byte, S_000001b7bf3cd400;
    %join;
    %pushi/vec4 111, 0, 8; draw_string_vec4
    %store/vec4 v000001b7bf3c5b10_0, 0, 8;
    %fork TD_tb_dns_parser.send_byte, S_000001b7bf3cd400;
    %join;
    %pushi/vec4 109, 0, 8; draw_string_vec4
    %store/vec4 v000001b7bf3c5b10_0, 0, 8;
    %fork TD_tb_dns_parser.send_byte, S_000001b7bf3cd400;
    %join;
    %pushi/vec4 0, 0, 8;
    %store/vec4 v000001b7bf3c5b10_0, 0, 8;
    %fork TD_tb_dns_parser.send_byte, S_000001b7bf3cd400;
    %join;
    %pushi/vec4 0, 0, 8;
    %store/vec4 v000001b7bf3c5b10_0, 0, 8;
    %fork TD_tb_dns_parser.send_byte, S_000001b7bf3cd400;
    %join;
    %pushi/vec4 1, 0, 8;
    %store/vec4 v000001b7bf3c5b10_0, 0, 8;
    %fork TD_tb_dns_parser.send_byte, S_000001b7bf3cd400;
    %join;
    %pushi/vec4 0, 0, 8;
    %store/vec4 v000001b7bf3c5b10_0, 0, 8;
    %fork TD_tb_dns_parser.send_byte, S_000001b7bf3cd400;
    %join;
    %pushi/vec4 1, 0, 8;
    %store/vec4 v000001b7bf3c5b10_0, 0, 8;
    %fork TD_tb_dns_parser.send_byte, S_000001b7bf3cd400;
    %join;
    %wait E_000001b7bf3bf660;
    %pushi/vec4 1, 0, 1;
    %assign/vec4 v000001b7bf4281d0_0, 0;
    %wait E_000001b7bf3bf660;
    %pushi/vec4 0, 0, 1;
    %assign/vec4 v000001b7bf4281d0_0, 0;
    %end;
S_000001b7bf352e70 .scope task, "send_rebinding_response" "send_rebinding_response" 2 256, 2 256 0, S_000001b7bf3cdc60;
 .timescale -9 -12;
v000001b7bf3c56b0_0 .var/i "i", 31 0;
TD_tb_dns_parser.send_rebinding_response ;
    %wait E_000001b7bf3bf660;
    %pushi/vec4 1, 0, 1;
    %assign/vec4 v000001b7bf427a50_0, 0;
    %wait E_000001b7bf3bf660;
    %pushi/vec4 0, 0, 1;
    %assign/vec4 v000001b7bf427a50_0, 0;
    %pushi/vec4 18, 0, 8;
    %store/vec4 v000001b7bf3c5b10_0, 0, 8;
    %fork TD_tb_dns_parser.send_byte, S_000001b7bf3cd400;
    %join;
    %pushi/vec4 52, 0, 8;
    %store/vec4 v000001b7bf3c5b10_0, 0, 8;
    %fork TD_tb_dns_parser.send_byte, S_000001b7bf3cd400;
    %join;
    %pushi/vec4 129, 0, 8;
    %store/vec4 v000001b7bf3c5b10_0, 0, 8;
    %fork TD_tb_dns_parser.send_byte, S_000001b7bf3cd400;
    %join;
    %pushi/vec4 128, 0, 8;
    %store/vec4 v000001b7bf3c5b10_0, 0, 8;
    %fork TD_tb_dns_parser.send_byte, S_000001b7bf3cd400;
    %join;
    %pushi/vec4 0, 0, 8;
    %store/vec4 v000001b7bf3c5b10_0, 0, 8;
    %fork TD_tb_dns_parser.send_byte, S_000001b7bf3cd400;
    %join;
    %pushi/vec4 1, 0, 8;
    %store/vec4 v000001b7bf3c5b10_0, 0, 8;
    %fork TD_tb_dns_parser.send_byte, S_000001b7bf3cd400;
    %join;
    %pushi/vec4 0, 0, 8;
    %store/vec4 v000001b7bf3c5b10_0, 0, 8;
    %fork TD_tb_dns_parser.send_byte, S_000001b7bf3cd400;
    %join;
    %pushi/vec4 1, 0, 8;
    %store/vec4 v000001b7bf3c5b10_0, 0, 8;
    %fork TD_tb_dns_parser.send_byte, S_000001b7bf3cd400;
    %join;
    %pushi/vec4 0, 0, 8;
    %store/vec4 v000001b7bf3c5b10_0, 0, 8;
    %fork TD_tb_dns_parser.send_byte, S_000001b7bf3cd400;
    %join;
    %pushi/vec4 0, 0, 8;
    %store/vec4 v000001b7bf3c5b10_0, 0, 8;
    %fork TD_tb_dns_parser.send_byte, S_000001b7bf3cd400;
    %join;
    %pushi/vec4 0, 0, 8;
    %store/vec4 v000001b7bf3c5b10_0, 0, 8;
    %fork TD_tb_dns_parser.send_byte, S_000001b7bf3cd400;
    %join;
    %pushi/vec4 0, 0, 8;
    %store/vec4 v000001b7bf3c5b10_0, 0, 8;
    %fork TD_tb_dns_parser.send_byte, S_000001b7bf3cd400;
    %join;
    %pushi/vec4 0, 0, 8;
    %store/vec4 v000001b7bf3c5b10_0, 0, 8;
    %fork TD_tb_dns_parser.send_byte, S_000001b7bf3cd400;
    %join;
    %pushi/vec4 0, 0, 8;
    %store/vec4 v000001b7bf3c5b10_0, 0, 8;
    %fork TD_tb_dns_parser.send_byte, S_000001b7bf3cd400;
    %join;
    %pushi/vec4 1, 0, 8;
    %store/vec4 v000001b7bf3c5b10_0, 0, 8;
    %fork TD_tb_dns_parser.send_byte, S_000001b7bf3cd400;
    %join;
    %pushi/vec4 0, 0, 8;
    %store/vec4 v000001b7bf3c5b10_0, 0, 8;
    %fork TD_tb_dns_parser.send_byte, S_000001b7bf3cd400;
    %join;
    %pushi/vec4 1, 0, 8;
    %store/vec4 v000001b7bf3c5b10_0, 0, 8;
    %fork TD_tb_dns_parser.send_byte, S_000001b7bf3cd400;
    %join;
    %pushi/vec4 0, 0, 32;
    %store/vec4 v000001b7bf3c56b0_0, 0, 32;
T_3.2 ;
    %load/vec4 v000001b7bf3c56b0_0;
    %cmpi/s 12, 0, 32;
    %jmp/0xz T_3.3, 5;
    %pushi/vec4 0, 0, 8;
    %store/vec4 v000001b7bf3c5b10_0, 0, 8;
    %fork TD_tb_dns_parser.send_byte, S_000001b7bf3cd400;
    %join;
    %load/vec4 v000001b7bf3c56b0_0;
    %addi 1, 0, 32;
    %store/vec4 v000001b7bf3c56b0_0, 0, 32;
    %jmp T_3.2;
T_3.3 ;
    %pushi/vec4 192, 0, 8;
    %store/vec4 v000001b7bf3c5b10_0, 0, 8;
    %fork TD_tb_dns_parser.send_byte, S_000001b7bf3cd400;
    %join;
    %pushi/vec4 168, 0, 8;
    %store/vec4 v000001b7bf3c5b10_0, 0, 8;
    %fork TD_tb_dns_parser.send_byte, S_000001b7bf3cd400;
    %join;
    %pushi/vec4 1, 0, 8;
    %store/vec4 v000001b7bf3c5b10_0, 0, 8;
    %fork TD_tb_dns_parser.send_byte, S_000001b7bf3cd400;
    %join;
    %pushi/vec4 5, 0, 8;
    %store/vec4 v000001b7bf3c5b10_0, 0, 8;
    %fork TD_tb_dns_parser.send_byte, S_000001b7bf3cd400;
    %join;
    %wait E_000001b7bf3bf660;
    %pushi/vec4 1, 0, 1;
    %assign/vec4 v000001b7bf4281d0_0, 0;
    %wait E_000001b7bf3bf660;
    %pushi/vec4 0, 0, 1;
    %assign/vec4 v000001b7bf4281d0_0, 0;
    %end;
S_000001b7bf353000 .scope module, "u_dut" "dns_parser" 2 34, 3 9 0, S_000001b7bf3cdc60;
 .timescale 0 0;
    .port_info 0 /INPUT 1 "clk";
    .port_info 1 /INPUT 1 "rst_n";
    .port_info 2 /INPUT 8 "byte_in";
    .port_info 3 /INPUT 1 "byte_valid";
    .port_info 4 /INPUT 1 "frame_start";
    .port_info 5 /INPUT 1 "frame_end";
    .port_info 6 /INPUT 1 "ac_match";
    .port_info 7 /OUTPUT 1 "dns_alert";
    .port_info 8 /OUTPUT 1 "sinkhole_active";
    .port_info 9 /OUTPUT 32 "sinkhole_ip";
    .port_info 10 /OUTPUT 8 "nxdomain_count";
P_000001b7bf2cadf0 .param/l "NXDOMAIN_THRESH" 1 3 82, C4<00001010>;
P_000001b7bf2cae28 .param/l "SINKHOLE_ADDR" 1 3 35, C4<11000000101010001111111000000001>;
P_000001b7bf2cae60 .param/l "S_ANSWER" 1 3 57, C4<1000>;
P_000001b7bf2cae98 .param/l "S_DONE" 1 3 59, C4<1010>;
P_000001b7bf2caed0 .param/l "S_HDR" 1 3 50, C4<0001>;
P_000001b7bf2caf08 .param/l "S_IDLE" 1 3 49, C4<0000>;
P_000001b7bf2caf40 .param/l "S_LABEL_DATA" 1 3 52, C4<0011>;
P_000001b7bf2caf78 .param/l "S_QCLASS_HI" 1 3 55, C4<0110>;
P_000001b7bf2cafb0 .param/l "S_QCLASS_LO" 1 3 56, C4<0111>;
P_000001b7bf2cafe8 .param/l "S_QNAME" 1 3 51, C4<0010>;
P_000001b7bf2cb020 .param/l "S_QTYPE_HI" 1 3 53, C4<0100>;
P_000001b7bf2cb058 .param/l "S_QTYPE_LO" 1 3 54, C4<0101>;
P_000001b7bf2cb090 .param/l "S_RDATA" 1 3 58, C4<1001>;
v000001b7bf3c5bb0_0 .net "ac_match", 0 0, v000001b7bf427690_0;  1 drivers
v000001b7bf3c5610_0 .var "ancount", 15 0;
v000001b7bf3c6010_0 .var "byte_idx", 3 0;
v000001b7bf3c5570_0 .net "byte_in", 7 0, v000001b7bf428a90_0;  1 drivers
v000001b7bf3c60b0_0 .net "byte_valid", 0 0, v000001b7bf428b30_0;  1 drivers
v000001b7bf3c6150_0 .net "clk", 0 0, v000001b7bf4272d0_0;  1 drivers
v000001b7bf3c5750_0 .var "dns_alert", 0 0;
v000001b7bf3c5390_0 .var "flags", 15 0;
v000001b7bf3c5cf0_0 .net "frame_end", 0 0, v000001b7bf4281d0_0;  1 drivers
v000001b7bf3c61f0_0 .net "frame_start", 0 0, v000001b7bf427a50_0;  1 drivers
v000001b7bf3c5890_0 .var "hdr_count", 7 0;
v000001b7bf3c5430_0 .var "is_response", 0 0;
v000001b7bf3c57f0_0 .var "label_len", 7 0;
v000001b7bf3c54d0_0 .var "label_remaining", 7 0;
v000001b7bf3c5930_0 .var "nxdomain_count", 7 0;
v000001b7bf3c59d0_0 .var "nxdomain_window_timer", 15 0;
v000001b7bf3c5a70_0 .var "qdcount", 15 0;
v000001b7bf3c5c50_0 .var "rcode", 3 0;
v000001b7bf3c5d90_0 .var "rdata_byte_idx", 7 0;
v000001b7bf3c5ed0_0 .var "rdata_ip", 31 0;
v000001b7bf3c5f70_0 .net "rst_n", 0 0, v000001b7bf428e50_0;  1 drivers
v000001b7bf427eb0_0 .var "sinkhole_active", 0 0;
v000001b7bf427f50_0 .var "sinkhole_ip", 31 0;
v000001b7bf427870_0 .var "state", 3 0;
v000001b7bf4275f0_0 .var "tx_id", 15 0;
E_000001b7bf3bf020/0 .event negedge, v000001b7bf3c5f70_0;
E_000001b7bf3bf020/1 .event posedge, v000001b7bf3c6150_0;
E_000001b7bf3bf020 .event/or E_000001b7bf3bf020/0, E_000001b7bf3bf020/1;
S_000001b7bf2cb0d0 .scope function.vec4.s1, "is_rfc1918" "is_rfc1918" 3 88, 3 88 0, S_000001b7bf353000;
 .timescale 0 0;
v000001b7bf3c52f0_0 .var "ip", 31 0;
; Variable is_rfc1918 is vec4 return value of scope S_000001b7bf2cb0d0
TD_tb_dns_parser.u_dut.is_rfc1918 ;
    %load/vec4 v000001b7bf3c52f0_0;
    %parti/s 8, 24, 6;
    %cmpi/e 10, 0, 8;
    %jmp/1 T_4.5, 4;
    %flag_mov 8, 4;
    %load/vec4 v000001b7bf3c52f0_0;
    %parti/s 8, 24, 6;
    %cmpi/e 172, 0, 8;
    %flag_get/vec4 4;
    %jmp/0 T_4.6, 4;
    %load/vec4 v000001b7bf3c52f0_0;
    %parti/s 4, 20, 6;
    %pushi/vec4 1, 0, 4;
    %cmp/e;
    %flag_get/vec4 4;
    %and;
T_4.6;
    %flag_set/vec4 9;
    %flag_or 9, 8;
    %flag_mov 4, 9;
T_4.5;
    %flag_get/vec4 4;
    %jmp/1 T_4.4, 4;
    %load/vec4 v000001b7bf3c52f0_0;
    %parti/s 8, 24, 6;
    %cmpi/e 192, 0, 8;
    %flag_get/vec4 4;
    %jmp/0 T_4.7, 4;
    %load/vec4 v000001b7bf3c52f0_0;
    %parti/s 8, 16, 6;
    %pushi/vec4 168, 0, 8;
    %cmp/e;
    %flag_get/vec4 4;
    %and;
T_4.7;
    %or;
T_4.4;
    %ret/vec4 0, 0, 1;  Assign to is_rfc1918 (store_vec4_to_lval)
    %end;
    .scope S_000001b7bf353000;
T_5 ;
    %wait E_000001b7bf3bf020;
    %load/vec4 v000001b7bf3c5f70_0;
    %nor/r;
    %flag_set/vec4 8;
    %jmp/0xz  T_5.0, 8;
    %pushi/vec4 0, 0, 4;
    %assign/vec4 v000001b7bf427870_0, 0;
    %pushi/vec4 0, 0, 4;
    %assign/vec4 v000001b7bf3c6010_0, 0;
    %pushi/vec4 0, 0, 8;
    %assign/vec4 v000001b7bf3c5890_0, 0;
    %pushi/vec4 0, 0, 8;
    %assign/vec4 v000001b7bf3c57f0_0, 0;
    %pushi/vec4 0, 0, 8;
    %assign/vec4 v000001b7bf3c54d0_0, 0;
    %pushi/vec4 0, 0, 16;
    %assign/vec4 v000001b7bf4275f0_0, 0;
    %pushi/vec4 0, 0, 16;
    %assign/vec4 v000001b7bf3c5390_0, 0;
    %pushi/vec4 0, 0, 16;
    %assign/vec4 v000001b7bf3c5a70_0, 0;
    %pushi/vec4 0, 0, 16;
    %assign/vec4 v000001b7bf3c5610_0, 0;
    %pushi/vec4 0, 0, 4;
    %assign/vec4 v000001b7bf3c5c50_0, 0;
    %pushi/vec4 0, 0, 1;
    %assign/vec4 v000001b7bf3c5430_0, 0;
    %pushi/vec4 0, 0, 32;
    %assign/vec4 v000001b7bf3c5ed0_0, 0;
    %pushi/vec4 0, 0, 8;
    %assign/vec4 v000001b7bf3c5d90_0, 0;
    %pushi/vec4 0, 0, 1;
    %assign/vec4 v000001b7bf3c5750_0, 0;
    %pushi/vec4 0, 0, 1;
    %assign/vec4 v000001b7bf427eb0_0, 0;
    %pushi/vec4 3232300545, 0, 32;
    %assign/vec4 v000001b7bf427f50_0, 0;
    %pushi/vec4 0, 0, 8;
    %assign/vec4 v000001b7bf3c5930_0, 0;
    %pushi/vec4 0, 0, 16;
    %assign/vec4 v000001b7bf3c59d0_0, 0;
    %jmp T_5.1;
T_5.0 ;
    %pushi/vec4 0, 0, 1;
    %assign/vec4 v000001b7bf3c5750_0, 0;
    %pushi/vec4 0, 0, 1;
    %assign/vec4 v000001b7bf427eb0_0, 0;
    %load/vec4 v000001b7bf3c59d0_0;
    %cmpi/e 65535, 0, 16;
    %jmp/0xz  T_5.2, 4;
    %pushi/vec4 0, 0, 16;
    %assign/vec4 v000001b7bf3c59d0_0, 0;
    %pushi/vec4 0, 0, 8;
    %assign/vec4 v000001b7bf3c5930_0, 0;
    %jmp T_5.3;
T_5.2 ;
    %load/vec4 v000001b7bf3c59d0_0;
    %addi 1, 0, 16;
    %assign/vec4 v000001b7bf3c59d0_0, 0;
T_5.3 ;
    %load/vec4 v000001b7bf3c61f0_0;
    %flag_set/vec4 8;
    %jmp/0xz  T_5.4, 8;
    %pushi/vec4 1, 0, 4;
    %assign/vec4 v000001b7bf427870_0, 0;
    %pushi/vec4 0, 0, 8;
    %assign/vec4 v000001b7bf3c5890_0, 0;
    %pushi/vec4 0, 0, 4;
    %assign/vec4 v000001b7bf3c6010_0, 0;
    %jmp T_5.5;
T_5.4 ;
    %load/vec4 v000001b7bf3c60b0_0;
    %flag_set/vec4 8;
    %jmp/0xz  T_5.6, 8;
    %load/vec4 v000001b7bf427870_0;
    %dup/vec4;
    %pushi/vec4 1, 0, 4;
    %cmp/u;
    %jmp/1 T_5.8, 6;
    %dup/vec4;
    %pushi/vec4 2, 0, 4;
    %cmp/u;
    %jmp/1 T_5.9, 6;
    %dup/vec4;
    %pushi/vec4 3, 0, 4;
    %cmp/u;
    %jmp/1 T_5.10, 6;
    %dup/vec4;
    %pushi/vec4 4, 0, 4;
    %cmp/u;
    %jmp/1 T_5.11, 6;
    %dup/vec4;
    %pushi/vec4 5, 0, 4;
    %cmp/u;
    %jmp/1 T_5.12, 6;
    %dup/vec4;
    %pushi/vec4 6, 0, 4;
    %cmp/u;
    %jmp/1 T_5.13, 6;
    %dup/vec4;
    %pushi/vec4 7, 0, 4;
    %cmp/u;
    %jmp/1 T_5.14, 6;
    %dup/vec4;
    %pushi/vec4 8, 0, 4;
    %cmp/u;
    %jmp/1 T_5.15, 6;
    %dup/vec4;
    %pushi/vec4 9, 0, 4;
    %cmp/u;
    %jmp/1 T_5.16, 6;
    %dup/vec4;
    %pushi/vec4 10, 0, 4;
    %cmp/u;
    %jmp/1 T_5.17, 6;
    %pushi/vec4 0, 0, 4;
    %assign/vec4 v000001b7bf427870_0, 0;
    %jmp T_5.19;
T_5.8 ;
    %load/vec4 v000001b7bf3c5890_0;
    %dup/vec4;
    %pushi/vec4 0, 0, 8;
    %cmp/u;
    %jmp/1 T_5.20, 6;
    %dup/vec4;
    %pushi/vec4 1, 0, 8;
    %cmp/u;
    %jmp/1 T_5.21, 6;
    %dup/vec4;
    %pushi/vec4 2, 0, 8;
    %cmp/u;
    %jmp/1 T_5.22, 6;
    %dup/vec4;
    %pushi/vec4 3, 0, 8;
    %cmp/u;
    %jmp/1 T_5.23, 6;
    %dup/vec4;
    %pushi/vec4 4, 0, 8;
    %cmp/u;
    %jmp/1 T_5.24, 6;
    %dup/vec4;
    %pushi/vec4 5, 0, 8;
    %cmp/u;
    %jmp/1 T_5.25, 6;
    %dup/vec4;
    %pushi/vec4 6, 0, 8;
    %cmp/u;
    %jmp/1 T_5.26, 6;
    %dup/vec4;
    %pushi/vec4 7, 0, 8;
    %cmp/u;
    %jmp/1 T_5.27, 6;
    %jmp T_5.28;
T_5.20 ;
    %load/vec4 v000001b7bf3c5570_0;
    %ix/load 4, 8, 0;
    %ix/load 5, 0, 0;
    %flag_set/imm 4, 0;
    %assign/vec4/off/d v000001b7bf4275f0_0, 4, 5;
    %jmp T_5.28;
T_5.21 ;
    %load/vec4 v000001b7bf3c5570_0;
    %ix/load 4, 0, 0;
    %ix/load 5, 0, 0;
    %flag_set/imm 4, 0;
    %assign/vec4/off/d v000001b7bf4275f0_0, 4, 5;
    %jmp T_5.28;
T_5.22 ;
    %load/vec4 v000001b7bf3c5570_0;
    %ix/load 4, 8, 0;
    %ix/load 5, 0, 0;
    %flag_set/imm 4, 0;
    %assign/vec4/off/d v000001b7bf3c5390_0, 4, 5;
    %load/vec4 v000001b7bf3c5570_0;
    %parti/s 1, 7, 4;
    %assign/vec4 v000001b7bf3c5430_0, 0;
    %jmp T_5.28;
T_5.23 ;
    %load/vec4 v000001b7bf3c5570_0;
    %ix/load 4, 0, 0;
    %ix/load 5, 0, 0;
    %flag_set/imm 4, 0;
    %assign/vec4/off/d v000001b7bf3c5390_0, 4, 5;
    %load/vec4 v000001b7bf3c5570_0;
    %parti/s 4, 0, 2;
    %assign/vec4 v000001b7bf3c5c50_0, 0;
    %jmp T_5.28;
T_5.24 ;
    %load/vec4 v000001b7bf3c5570_0;
    %ix/load 4, 8, 0;
    %ix/load 5, 0, 0;
    %flag_set/imm 4, 0;
    %assign/vec4/off/d v000001b7bf3c5a70_0, 4, 5;
    %jmp T_5.28;
T_5.25 ;
    %load/vec4 v000001b7bf3c5570_0;
    %ix/load 4, 0, 0;
    %ix/load 5, 0, 0;
    %flag_set/imm 4, 0;
    %assign/vec4/off/d v000001b7bf3c5a70_0, 4, 5;
    %jmp T_5.28;
T_5.26 ;
    %load/vec4 v000001b7bf3c5570_0;
    %ix/load 4, 8, 0;
    %ix/load 5, 0, 0;
    %flag_set/imm 4, 0;
    %assign/vec4/off/d v000001b7bf3c5610_0, 4, 5;
    %jmp T_5.28;
T_5.27 ;
    %load/vec4 v000001b7bf3c5570_0;
    %ix/load 4, 0, 0;
    %ix/load 5, 0, 0;
    %flag_set/imm 4, 0;
    %assign/vec4/off/d v000001b7bf3c5610_0, 4, 5;
    %jmp T_5.28;
T_5.28 ;
    %pop/vec4 1;
    %load/vec4 v000001b7bf3c5890_0;
    %cmpi/e 11, 0, 8;
    %jmp/0xz  T_5.29, 4;
    %pushi/vec4 0, 0, 8;
    %assign/vec4 v000001b7bf3c5890_0, 0;
    %load/vec4 v000001b7bf3c5430_0;
    %flag_set/vec4 9;
    %flag_get/vec4 9;
    %jmp/0 T_5.33, 9;
    %load/vec4 v000001b7bf3c5c50_0;
    %pushi/vec4 3, 0, 4;
    %cmp/e;
    %flag_get/vec4 4;
    %and;
T_5.33;
    %flag_set/vec4 8;
    %jmp/0xz  T_5.31, 8;
    %load/vec4 v000001b7bf3c5930_0;
    %addi 1, 0, 8;
    %assign/vec4 v000001b7bf3c5930_0, 0;
    %load/vec4 v000001b7bf3c5930_0;
    %cmpi/u 10, 0, 8;
    %flag_inv 5; GE is !LT
    %jmp/0xz  T_5.34, 5;
    %pushi/vec4 1, 0, 1;
    %assign/vec4 v000001b7bf3c5750_0, 0;
T_5.34 ;
T_5.31 ;
    %pushi/vec4 2, 0, 4;
    %assign/vec4 v000001b7bf427870_0, 0;
    %jmp T_5.30;
T_5.29 ;
    %load/vec4 v000001b7bf3c5890_0;
    %addi 1, 0, 8;
    %assign/vec4 v000001b7bf3c5890_0, 0;
T_5.30 ;
    %jmp T_5.19;
T_5.9 ;
    %load/vec4 v000001b7bf3c5570_0;
    %cmpi/e 0, 0, 8;
    %jmp/0xz  T_5.36, 4;
    %pushi/vec4 4, 0, 4;
    %assign/vec4 v000001b7bf427870_0, 0;
    %jmp T_5.37;
T_5.36 ;
    %load/vec4 v000001b7bf3c5570_0;
    %parti/s 2, 6, 4;
    %cmpi/e 3, 0, 2;
    %jmp/0xz  T_5.38, 4;
    %pushi/vec4 1, 0, 8;
    %assign/vec4 v000001b7bf3c54d0_0, 0;
    %pushi/vec4 3, 0, 4;
    %assign/vec4 v000001b7bf427870_0, 0;
    %jmp T_5.39;
T_5.38 ;
    %load/vec4 v000001b7bf3c5570_0;
    %assign/vec4 v000001b7bf3c57f0_0, 0;
    %load/vec4 v000001b7bf3c5570_0;
    %assign/vec4 v000001b7bf3c54d0_0, 0;
    %pushi/vec4 3, 0, 4;
    %assign/vec4 v000001b7bf427870_0, 0;
T_5.39 ;
T_5.37 ;
    %jmp T_5.19;
T_5.10 ;
    %load/vec4 v000001b7bf3c54d0_0;
    %pad/u 32;
    %cmpi/e 1, 0, 32;
    %jmp/0xz  T_5.40, 4;
    %pushi/vec4 2, 0, 4;
    %assign/vec4 v000001b7bf427870_0, 0;
    %jmp T_5.41;
T_5.40 ;
    %load/vec4 v000001b7bf3c54d0_0;
    %subi 1, 0, 8;
    %assign/vec4 v000001b7bf3c54d0_0, 0;
T_5.41 ;
    %jmp T_5.19;
T_5.11 ;
    %pushi/vec4 5, 0, 4;
    %assign/vec4 v000001b7bf427870_0, 0;
    %jmp T_5.19;
T_5.12 ;
    %pushi/vec4 6, 0, 4;
    %assign/vec4 v000001b7bf427870_0, 0;
    %jmp T_5.19;
T_5.13 ;
    %pushi/vec4 7, 0, 4;
    %assign/vec4 v000001b7bf427870_0, 0;
    %jmp T_5.19;
T_5.14 ;
    %load/vec4 v000001b7bf3c5bb0_0;
    %flag_set/vec4 8;
    %jmp/0xz  T_5.42, 8;
    %pushi/vec4 1, 0, 1;
    %assign/vec4 v000001b7bf3c5750_0, 0;
    %pushi/vec4 1, 0, 1;
    %assign/vec4 v000001b7bf427eb0_0, 0;
    %pushi/vec4 3232300545, 0, 32;
    %assign/vec4 v000001b7bf427f50_0, 0;
T_5.42 ;
    %load/vec4 v000001b7bf3c5430_0;
    %flag_set/vec4 9;
    %flag_get/vec4 9;
    %jmp/0 T_5.46, 9;
    %pushi/vec4 0, 0, 32;
    %load/vec4 v000001b7bf3c5610_0;
    %pad/u 32;
    %cmp/u;
    %flag_get/vec4 5;
    %and;
T_5.46;
    %flag_set/vec4 8;
    %jmp/0xz  T_5.44, 8;
    %pushi/vec4 0, 0, 8;
    %assign/vec4 v000001b7bf3c5d90_0, 0;
    %pushi/vec4 8, 0, 4;
    %assign/vec4 v000001b7bf427870_0, 0;
    %jmp T_5.45;
T_5.44 ;
    %pushi/vec4 10, 0, 4;
    %assign/vec4 v000001b7bf427870_0, 0;
T_5.45 ;
    %jmp T_5.19;
T_5.15 ;
    %load/vec4 v000001b7bf3c5d90_0;
    %addi 1, 0, 8;
    %assign/vec4 v000001b7bf3c5d90_0, 0;
    %load/vec4 v000001b7bf3c5d90_0;
    %cmpi/e 11, 0, 8;
    %jmp/0xz  T_5.47, 4;
    %pushi/vec4 0, 0, 8;
    %assign/vec4 v000001b7bf3c5d90_0, 0;
    %pushi/vec4 0, 0, 32;
    %assign/vec4 v000001b7bf3c5ed0_0, 0;
    %pushi/vec4 9, 0, 4;
    %assign/vec4 v000001b7bf427870_0, 0;
T_5.47 ;
    %jmp T_5.19;
T_5.16 ;
    %load/vec4 v000001b7bf3c5d90_0;
    %dup/vec4;
    %pushi/vec4 0, 0, 8;
    %cmp/u;
    %jmp/1 T_5.49, 6;
    %dup/vec4;
    %pushi/vec4 1, 0, 8;
    %cmp/u;
    %jmp/1 T_5.50, 6;
    %dup/vec4;
    %pushi/vec4 2, 0, 8;
    %cmp/u;
    %jmp/1 T_5.51, 6;
    %dup/vec4;
    %pushi/vec4 3, 0, 8;
    %cmp/u;
    %jmp/1 T_5.52, 6;
    %jmp T_5.53;
T_5.49 ;
    %load/vec4 v000001b7bf3c5570_0;
    %ix/load 4, 24, 0;
    %ix/load 5, 0, 0;
    %flag_set/imm 4, 0;
    %assign/vec4/off/d v000001b7bf3c5ed0_0, 4, 5;
    %jmp T_5.53;
T_5.50 ;
    %load/vec4 v000001b7bf3c5570_0;
    %ix/load 4, 16, 0;
    %ix/load 5, 0, 0;
    %flag_set/imm 4, 0;
    %assign/vec4/off/d v000001b7bf3c5ed0_0, 4, 5;
    %jmp T_5.53;
T_5.51 ;
    %load/vec4 v000001b7bf3c5570_0;
    %ix/load 4, 8, 0;
    %ix/load 5, 0, 0;
    %flag_set/imm 4, 0;
    %assign/vec4/off/d v000001b7bf3c5ed0_0, 4, 5;
    %jmp T_5.53;
T_5.52 ;
    %load/vec4 v000001b7bf3c5570_0;
    %ix/load 4, 0, 0;
    %ix/load 5, 0, 0;
    %flag_set/imm 4, 0;
    %assign/vec4/off/d v000001b7bf3c5ed0_0, 4, 5;
    %load/vec4 v000001b7bf3c5ed0_0;
    %parti/s 24, 8, 5;
    %load/vec4 v000001b7bf3c5570_0;
    %concat/vec4; draw_concat_vec4
    %store/vec4 v000001b7bf3c52f0_0, 0, 32;
    %callf/vec4 TD_tb_dns_parser.u_dut.is_rfc1918, S_000001b7bf2cb0d0;
    %flag_set/vec4 8;
    %jmp/0xz  T_5.54, 8;
    %pushi/vec4 1, 0, 1;
    %assign/vec4 v000001b7bf3c5750_0, 0;
T_5.54 ;
    %pushi/vec4 10, 0, 4;
    %assign/vec4 v000001b7bf427870_0, 0;
    %jmp T_5.53;
T_5.53 ;
    %pop/vec4 1;
    %load/vec4 v000001b7bf3c5d90_0;
    %addi 1, 0, 8;
    %assign/vec4 v000001b7bf3c5d90_0, 0;
    %jmp T_5.19;
T_5.17 ;
    %jmp T_5.19;
T_5.19 ;
    %pop/vec4 1;
T_5.6 ;
T_5.5 ;
T_5.1 ;
    %jmp T_5;
    .thread T_5;
    .scope S_000001b7bf3cdc60;
T_6 ;
    %pushi/vec4 0, 0, 1;
    %store/vec4 v000001b7bf4272d0_0, 0, 1;
    %pushi/vec4 0, 0, 1;
    %store/vec4 v000001b7bf428e50_0, 0, 1;
    %pushi/vec4 0, 0, 8;
    %store/vec4 v000001b7bf428a90_0, 0, 8;
    %pushi/vec4 0, 0, 1;
    %store/vec4 v000001b7bf428b30_0, 0, 1;
    %pushi/vec4 0, 0, 1;
    %store/vec4 v000001b7bf427a50_0, 0, 1;
    %pushi/vec4 0, 0, 1;
    %store/vec4 v000001b7bf4281d0_0, 0, 1;
    %pushi/vec4 0, 0, 1;
    %store/vec4 v000001b7bf427690_0, 0, 1;
    %end;
    .thread T_6;
    .scope S_000001b7bf3cdc60;
T_7 ;
    %delay 4000, 0;
    %load/vec4 v000001b7bf4272d0_0;
    %inv;
    %store/vec4 v000001b7bf4272d0_0, 0, 1;
    %jmp T_7;
    .thread T_7;
    .scope S_000001b7bf3cdc60;
T_8 ;
    %vpi_call 2 70 "$dumpfile", "tb_dns_parser.vcd" {0 0 0};
    %vpi_call 2 71 "$dumpvars", 32'sb00000000000000000000000000000000, S_000001b7bf3cdc60 {0 0 0};
    %end;
    .thread T_8;
    .scope S_000001b7bf3cdc60;
T_9 ;
    %vpi_call 2 360 "$display", "DNS Parser TB Started" {0 0 0};
    %pushi/vec4 0, 0, 1;
    %store/vec4 v000001b7bf428e50_0, 0, 1;
    %pushi/vec4 4, 0, 32;
T_9.0 %dup/vec4;
    %pushi/vec4 0, 0, 32;
    %cmp/s;
    %jmp/1xz T_9.1, 5;
    %jmp/1 T_9.1, 4;
    %pushi/vec4 1, 0, 32;
    %sub;
    %wait E_000001b7bf3bf660;
    %jmp T_9.0;
T_9.1 ;
    %pop/vec4 1;
    %pushi/vec4 1, 0, 1;
    %store/vec4 v000001b7bf428e50_0, 0, 1;
    %pushi/vec4 2, 0, 32;
T_9.2 %dup/vec4;
    %pushi/vec4 0, 0, 32;
    %cmp/s;
    %jmp/1xz T_9.3, 5;
    %jmp/1 T_9.3, 4;
    %pushi/vec4 1, 0, 32;
    %sub;
    %wait E_000001b7bf3bf660;
    %jmp T_9.2;
T_9.3 ;
    %pop/vec4 1;
    %vpi_call 2 379 "$display", "--------------------------------" {0 0 0};
    %vpi_call 2 380 "$display", "TEST1 Normal query" {0 0 0};
    %vpi_call 2 381 "$display", "--------------------------------" {0 0 0};
    %fork TD_tb_dns_parser.send_query, S_000001b7bf352ce0;
    %join;
    %pushi/vec4 10, 0, 32;
T_9.4 %dup/vec4;
    %pushi/vec4 0, 0, 32;
    %cmp/s;
    %jmp/1xz T_9.5, 5;
    %jmp/1 T_9.5, 4;
    %pushi/vec4 1, 0, 32;
    %sub;
    %wait E_000001b7bf3bf660;
    %jmp T_9.4;
T_9.5 ;
    %pop/vec4 1;
    %vpi_call 2 387 "$display", "alert=%b", v000001b7bf428db0_0 {0 0 0};
    %vpi_call 2 395 "$display", "--------------------------------" {0 0 0};
    %vpi_call 2 396 "$display", "TEST2 AC match" {0 0 0};
    %vpi_call 2 397 "$display", "--------------------------------" {0 0 0};
    %pushi/vec4 1, 0, 1;
    %store/vec4 v000001b7bf427690_0, 0, 1;
    %fork TD_tb_dns_parser.send_query, S_000001b7bf352ce0;
    %join;
    %pushi/vec4 10, 0, 32;
T_9.6 %dup/vec4;
    %pushi/vec4 0, 0, 32;
    %cmp/s;
    %jmp/1xz T_9.7, 5;
    %jmp/1 T_9.7, 4;
    %pushi/vec4 1, 0, 32;
    %sub;
    %wait E_000001b7bf3bf660;
    %jmp T_9.6;
T_9.7 ;
    %pop/vec4 1;
    %pushi/vec4 0, 0, 1;
    %store/vec4 v000001b7bf427690_0, 0, 1;
    %vpi_call 2 410 "$display", "alert=%b", v000001b7bf428db0_0 {0 0 0};
    %vpi_call 2 411 "$display", "sinkhole=%b", v000001b7bf427730_0 {0 0 0};
    %vpi_call 2 412 "$display", "ip=%h", v000001b7bf428ef0_0 {0 0 0};
    %vpi_call 2 420 "$display", "--------------------------------" {0 0 0};
    %vpi_call 2 421 "$display", "TEST3 NXDOMAIN" {0 0 0};
    %vpi_call 2 422 "$display", "--------------------------------" {0 0 0};
    %fork TD_tb_dns_parser.send_nxdomain, S_000001b7bf3c9c30;
    %join;
    %pushi/vec4 10, 0, 32;
T_9.8 %dup/vec4;
    %pushi/vec4 0, 0, 32;
    %cmp/s;
    %jmp/1xz T_9.9, 5;
    %jmp/1 T_9.9, 4;
    %pushi/vec4 1, 0, 32;
    %sub;
    %wait E_000001b7bf3bf660;
    %jmp T_9.8;
T_9.9 ;
    %pop/vec4 1;
    %vpi_call 2 431 "$display", "count=%d", v000001b7bf429030_0 {0 0 0};
    %vpi_call 2 441 "$display", "--------------------------------" {0 0 0};
    %vpi_call 2 442 "$display", "TEST4 NXDOMAIN flood" {0 0 0};
    %vpi_call 2 443 "$display", "--------------------------------" {0 0 0};
    %pushi/vec4 0, 0, 32;
    %store/vec4 v000001b7bf427550_0, 0, 32;
T_9.10 ;
    %load/vec4 v000001b7bf427550_0;
    %cmpi/s 12, 0, 32;
    %jmp/0xz T_9.11, 5;
    %fork TD_tb_dns_parser.send_nxdomain, S_000001b7bf3c9c30;
    %join;
    %load/vec4 v000001b7bf427550_0;
    %addi 1, 0, 32;
    %store/vec4 v000001b7bf427550_0, 0, 32;
    %jmp T_9.10;
T_9.11 ;
    %pushi/vec4 20, 0, 32;
T_9.12 %dup/vec4;
    %pushi/vec4 0, 0, 32;
    %cmp/s;
    %jmp/1xz T_9.13, 5;
    %jmp/1 T_9.13, 4;
    %pushi/vec4 1, 0, 32;
    %sub;
    %wait E_000001b7bf3bf660;
    %jmp T_9.12;
T_9.13 ;
    %pop/vec4 1;
    %vpi_call 2 454 "$display", "count=%d", v000001b7bf429030_0 {0 0 0};
    %vpi_call 2 457 "$display", "alert=%b", v000001b7bf428db0_0 {0 0 0};
    %vpi_call 2 466 "$display", "--------------------------------" {0 0 0};
    %vpi_call 2 467 "$display", "TEST5 Rebinding" {0 0 0};
    %vpi_call 2 468 "$display", "--------------------------------" {0 0 0};
    %fork TD_tb_dns_parser.send_rebinding_response, S_000001b7bf352e70;
    %join;
    %pushi/vec4 20, 0, 32;
T_9.14 %dup/vec4;
    %pushi/vec4 0, 0, 32;
    %cmp/s;
    %jmp/1xz T_9.15, 5;
    %jmp/1 T_9.15, 4;
    %pushi/vec4 1, 0, 32;
    %sub;
    %wait E_000001b7bf3bf660;
    %jmp T_9.14;
T_9.15 ;
    %pop/vec4 1;
    %vpi_call 2 479 "$display", "alert=%b", v000001b7bf428db0_0 {0 0 0};
    %vpi_call 2 489 "$display", "--------------------------------" {0 0 0};
    %vpi_call 2 490 "$display", "TEST6 Empty frame" {0 0 0};
    %vpi_call 2 491 "$display", "--------------------------------" {0 0 0};
    %wait E_000001b7bf3bf660;
    %pushi/vec4 1, 0, 1;
    %assign/vec4 v000001b7bf427a50_0, 0;
    %wait E_000001b7bf3bf660;
    %pushi/vec4 0, 0, 1;
    %assign/vec4 v000001b7bf427a50_0, 0;
    %wait E_000001b7bf3bf660;
    %pushi/vec4 1, 0, 1;
    %assign/vec4 v000001b7bf4281d0_0, 0;
    %wait E_000001b7bf3bf660;
    %pushi/vec4 0, 0, 1;
    %assign/vec4 v000001b7bf4281d0_0, 0;
    %pushi/vec4 10, 0, 32;
T_9.16 %dup/vec4;
    %pushi/vec4 0, 0, 32;
    %cmp/s;
    %jmp/1xz T_9.17, 5;
    %jmp/1 T_9.17, 4;
    %pushi/vec4 1, 0, 32;
    %sub;
    %wait E_000001b7bf3bf660;
    %jmp T_9.16;
T_9.17 ;
    %pop/vec4 1;
    %vpi_call 2 513 "$display", "Simulation complete" {0 0 0};
    %vpi_call 2 515 "$finish" {0 0 0};
    %end;
    .thread T_9;
# The file index is used to find the file name in the following table.
:file_names 4;
    "N/A";
    "<interactive>";
    "tb_dns_parser.v";
    "dns_parser.v";
