#! /c/Source/iverilog-install/bin/vvp
:ivl_version "12.0 (devel)" "(s20150603-1539-g2693dd32b)";
:ivl_delay_selection "TYPICAL";
:vpi_time_precision + 0;
:vpi_module "C:\iverilog\lib\ivl\system.vpi";
:vpi_module "C:\iverilog\lib\ivl\vhdl_sys.vpi";
:vpi_module "C:\iverilog\lib\ivl\vhdl_textio.vpi";
:vpi_module "C:\iverilog\lib\ivl\v2005_math.vpi";
:vpi_module "C:\iverilog\lib\ivl\va_math.vpi";
S_000001c2c990b740 .scope module, "aho_corasick" "aho_corasick" 2 6;
 .timescale 0 0;
    .port_info 0 /INPUT 1 "clk";
    .port_info 1 /INPUT 1 "rst_n";
    .port_info 2 /INPUT 8 "byte_in";
    .port_info 3 /INPUT 1 "byte_valid";
    .port_info 4 /INPUT 1 "frame_start";
    .port_info 5 /INPUT 1 "frame_end";
    .port_info 6 /OUTPUT 1 "match_found";
    .port_info 7 /OUTPUT 10 "match_pattern_id";
    .port_info 8 /OUTPUT 16 "match_offset";
    .port_info 9 /OUTPUT 18 "sram_addr";
    .port_info 10 /INOUT 16 "sram_data";
    .port_info 11 /OUTPUT 1 "sram_we_n";
    .port_info 12 /OUTPUT 1 "sram_oe_n";
    .port_info 13 /OUTPUT 1 "sram_ce_n";
P_000001c2c990b8d0 .param/l "ALPHABET_SIZE" 0 2 8, +C4<00000000000000000000000100000000>;
P_000001c2c990b908 .param/l "NUM_STATES" 0 2 7, +C4<00000000000000000000010000000000>;
P_000001c2c990b940 .param/l "PATTERN_COUNT" 0 2 9, +C4<00000000000000000000001000000000>;
P_000001c2c990b978 .param/l "STATE_WIDTH" 0 2 10, +C4<00000000000000000000000000001010>;
o000001c2c99cef98 .functor BUFZ 16, C4<zzzzzzzzzzzzzzzz>; HiZ drive
; Elide local net with no drivers, v000001c2c990b2c0_0 name=_ivl_0
o000001c2c99cefc8 .functor BUFZ 8, C4<zzzzzzzz>; HiZ drive
v000001c2c9993450_0 .net "byte_in", 7 0, o000001c2c99cefc8;  0 drivers
v000001c2c9993300_0 .var "byte_offset", 15 0;
o000001c2c99cf028 .functor BUFZ 1, C4<z>; HiZ drive
v000001c2c9992dd0_0 .net "byte_valid", 0 0, o000001c2c99cf028;  0 drivers
o000001c2c99cf058 .functor BUFZ 1, C4<z>; HiZ drive
v000001c2c9992e70_0 .net "clk", 0 0, o000001c2c99cf058;  0 drivers
v000001c2c9992f10_0 .var "current_state", 9 0;
o000001c2c99cf0b8 .functor BUFZ 1, C4<z>; HiZ drive
v000001c2c9992fb0_0 .net "frame_end", 0 0, o000001c2c99cf0b8;  0 drivers
o000001c2c99cf0e8 .functor BUFZ 1, C4<z>; HiZ drive
v000001c2c9993050_0 .net "frame_start", 0 0, o000001c2c99cf0e8;  0 drivers
v000001c2c99930f0 .array "goto_bram", 65535 0, 9 0;
v000001c2c9a16030_0 .var "match_found", 0 0;
v000001c2c9a160d0_0 .var "match_offset", 15 0;
v000001c2c9a16170_0 .var "match_pattern_id", 9 0;
v000001c2c9a16210 .array "output_id", 255 0, 9 0;
v000001c2c9a162b0 .array "output_table", 255 0, 0 0;
o000001c2c99cf1a8 .functor BUFZ 1, C4<z>; HiZ drive
v000001c2c99c3f90_0 .net "rst_n", 0 0, o000001c2c99cf1a8;  0 drivers
v000001c2c99c4030_0 .var "sram_addr", 17 0;
v000001c2c99c40d0_0 .var "sram_ce_n", 0 0;
v000001c2c99c4b70_0 .net "sram_data", 15 0, L_000001c2c99c4170;  1 drivers
v000001c2c99c3d10_0 .var "sram_data_out", 15 0;
v000001c2c99c45d0_0 .var "sram_drive", 0 0;
v000001c2c99c3db0_0 .var "sram_oe_n", 0 0;
v000001c2c99c4c10_0 .var "sram_we_n", 0 0;
E_000001c2c99c86d0/0 .event negedge, v000001c2c99c3f90_0;
E_000001c2c99c86d0/1 .event posedge, v000001c2c9992e70_0;
E_000001c2c99c86d0 .event/or E_000001c2c99c86d0/0, E_000001c2c99c86d0/1;
L_000001c2c99c4170 .functor MUXZ 16, o000001c2c99cef98, v000001c2c99c3d10_0, v000001c2c99c45d0_0, C4<>;
    .scope S_000001c2c990b740;
T_0 ;
    %wait E_000001c2c99c86d0;
    %load/vec4 v000001c2c99c3f90_0;
    %nor/r;
    %flag_set/vec4 8;
    %jmp/0xz  T_0.0, 8;
    %pushi/vec4 0, 0, 10;
    %assign/vec4 v000001c2c9992f10_0, 0;
    %pushi/vec4 0, 0, 16;
    %assign/vec4 v000001c2c9993300_0, 0;
    %pushi/vec4 0, 0, 1;
    %assign/vec4 v000001c2c9a16030_0, 0;
    %pushi/vec4 0, 0, 10;
    %assign/vec4 v000001c2c9a16170_0, 0;
    %pushi/vec4 0, 0, 16;
    %assign/vec4 v000001c2c9a160d0_0, 0;
    %pushi/vec4 1, 0, 1;
    %assign/vec4 v000001c2c99c4c10_0, 0;
    %pushi/vec4 1, 0, 1;
    %assign/vec4 v000001c2c99c3db0_0, 0;
    %pushi/vec4 1, 0, 1;
    %assign/vec4 v000001c2c99c40d0_0, 0;
    %pushi/vec4 0, 0, 1;
    %assign/vec4 v000001c2c99c45d0_0, 0;
    %jmp T_0.1;
T_0.0 ;
    %pushi/vec4 0, 0, 1;
    %assign/vec4 v000001c2c9a16030_0, 0;
    %load/vec4 v000001c2c9993050_0;
    %flag_set/vec4 8;
    %jmp/0xz  T_0.2, 8;
    %pushi/vec4 0, 0, 10;
    %assign/vec4 v000001c2c9992f10_0, 0;
    %pushi/vec4 0, 0, 16;
    %assign/vec4 v000001c2c9993300_0, 0;
    %jmp T_0.3;
T_0.2 ;
    %load/vec4 v000001c2c9992dd0_0;
    %flag_set/vec4 8;
    %jmp/0xz  T_0.4, 8;
    %load/vec4 v000001c2c9992f10_0;
    %pad/u 19;
    %pad/u 27;
    %muli 256, 0, 27;
    %pad/u 28;
    %load/vec4 v000001c2c9993450_0;
    %pad/u 10;
    %pad/u 28;
    %add;
    %ix/vec4 4;
    %load/vec4a v000001c2c99930f0, 4;
    %assign/vec4 v000001c2c9992f10_0, 0;
    %load/vec4 v000001c2c9993300_0;
    %addi 1, 0, 16;
    %assign/vec4 v000001c2c9993300_0, 0;
    %load/vec4 v000001c2c9992f10_0;
    %pad/u 19;
    %pad/u 27;
    %muli 256, 0, 27;
    %pad/u 28;
    %load/vec4 v000001c2c9993450_0;
    %pad/u 10;
    %pad/u 28;
    %add;
    %ix/vec4 5;
    %load/vec4a v000001c2c99930f0, 5;
    %ix/vec4 4;
    %load/vec4a v000001c2c9a162b0, 4;
    %flag_set/vec4 8;
    %jmp/0xz  T_0.6, 8;
    %pushi/vec4 1, 0, 1;
    %assign/vec4 v000001c2c9a16030_0, 0;
    %load/vec4 v000001c2c9992f10_0;
    %pad/u 19;
    %pad/u 27;
    %muli 256, 0, 27;
    %pad/u 28;
    %load/vec4 v000001c2c9993450_0;
    %pad/u 10;
    %pad/u 28;
    %add;
    %ix/vec4 5;
    %load/vec4a v000001c2c99930f0, 5;
    %ix/vec4 4;
    %load/vec4a v000001c2c9a16210, 4;
    %assign/vec4 v000001c2c9a16170_0, 0;
    %load/vec4 v000001c2c9993300_0;
    %assign/vec4 v000001c2c9a160d0_0, 0;
T_0.6 ;
T_0.4 ;
T_0.3 ;
T_0.1 ;
    %jmp T_0;
    .thread T_0;
# The file index is used to find the file name in the following table.
:file_names 3;
    "N/A";
    "<interactive>";
    "aho_corasick.v";
