#! /c/Source/iverilog-install/bin/vvp
:ivl_version "12.0 (devel)" "(s20150603-1539-g2693dd32b)";
:ivl_delay_selection "TYPICAL";
:vpi_time_precision - 12;
:vpi_module "C:\iverilog\lib\ivl\system.vpi";
:vpi_module "C:\iverilog\lib\ivl\vhdl_sys.vpi";
:vpi_module "C:\iverilog\lib\ivl\vhdl_textio.vpi";
:vpi_module "C:\iverilog\lib\ivl\v2005_math.vpi";
:vpi_module "C:\iverilog\lib\ivl\va_math.vpi";
S_0000025c548aaa00 .scope module, "tb_dns_parser" "tb_dns_parser" 2 3;
 .timescale -9 -12;
v0000025c549070e0_0 .var "ac_match", 0 0;
v0000025c54907360_0 .var "byte_in", 7 0;
v0000025c54908760_0 .var "byte_valid", 0 0;
v0000025c54907220_0 .var "clk", 0 0;
v0000025c54908440_0 .net "dns_alert", 0 0, v0000025c548adbc0_0;  1 drivers
v0000025c54906f00_0 .var "frame_end", 0 0;
v0000025c54908120_0 .var "frame_start", 0 0;
v0000025c54907540_0 .var/i "k", 31 0;
v0000025c54907900_0 .net "nxdomain_count", 7 0, v0000025c548ad120_0;  1 drivers
v0000025c54907180_0 .var "rst_n", 0 0;
v0000025c549079a0_0 .net "sinkhole_active", 0 0, v0000025c548adc60_0;  1 drivers
v0000025c549074a0_0 .net "sinkhole_ip", 31 0, v0000025c549075e0_0;  1 drivers
S_0000025c548a8060 .scope task, "end_frame" "end_frame" 2 59, 2 59 0, S_0000025c548aaa00;
 .timescale -9 -12;
E_0000025c5489a040 .event posedge, v0000025c548ace00_0;
TD_tb_dns_parser.end_frame ;
    %wait E_0000025c5489a040;
    %pushi/vec4 1, 0, 1;
    %assign/vec4 v0000025c54906f00_0, 0;
    %wait E_0000025c5489a040;
    %pushi/vec4 0, 0, 1;
    %assign/vec4 v0000025c54906f00_0, 0;
    %end;
S_0000025c548a9aa0 .scope task, "send_byte" "send_byte" 2 39, 2 39 0, S_0000025c548aaa00;
 .timescale -9 -12;
v0000025c548ad620_0 .var "b", 7 0;
TD_tb_dns_parser.send_byte ;
    %wait E_0000025c5489a040;
    %load/vec4 v0000025c548ad620_0;
    %assign/vec4 v0000025c54907360_0, 0;
    %pushi/vec4 1, 0, 1;
    %assign/vec4 v0000025c54908760_0, 0;
    %wait E_0000025c5489a040;
    %pushi/vec4 0, 0, 1;
    %assign/vec4 v0000025c54908760_0, 0;
    %end;
S_0000025c548a9c30 .scope task, "send_nxdomain_response" "send_nxdomain_response" 2 100, 2 100 0, S_0000025c548aaa00;
 .timescale -9 -12;
TD_tb_dns_parser.send_nxdomain_response ;
    %pushi/vec4 0, 0, 8;
    %store/vec4 v0000025c548ad620_0, 0, 8;
    %fork TD_tb_dns_parser.send_byte, S_0000025c548a9aa0;
    %join;
    %pushi/vec4 0, 0, 8;
    %store/vec4 v0000025c548ad620_0, 0, 8;
    %fork TD_tb_dns_parser.send_byte, S_0000025c548a9aa0;
    %join;
    %pushi/vec4 129, 0, 8;
    %store/vec4 v0000025c548ad620_0, 0, 8;
    %fork TD_tb_dns_parser.send_byte, S_0000025c548a9aa0;
    %join;
    %pushi/vec4 131, 0, 8;
    %store/vec4 v0000025c548ad620_0, 0, 8;
    %fork TD_tb_dns_parser.send_byte, S_0000025c548a9aa0;
    %join;
    %pushi/vec4 0, 0, 8;
    %store/vec4 v0000025c548ad620_0, 0, 8;
    %fork TD_tb_dns_parser.send_byte, S_0000025c548a9aa0;
    %join;
    %pushi/vec4 1, 0, 8;
    %store/vec4 v0000025c548ad620_0, 0, 8;
    %fork TD_tb_dns_parser.send_byte, S_0000025c548a9aa0;
    %join;
    %pushi/vec4 0, 0, 8;
    %store/vec4 v0000025c548ad620_0, 0, 8;
    %fork TD_tb_dns_parser.send_byte, S_0000025c548a9aa0;
    %join;
    %pushi/vec4 0, 0, 8;
    %store/vec4 v0000025c548ad620_0, 0, 8;
    %fork TD_tb_dns_parser.send_byte, S_0000025c548a9aa0;
    %join;
    %pushi/vec4 0, 0, 8;
    %store/vec4 v0000025c548ad620_0, 0, 8;
    %fork TD_tb_dns_parser.send_byte, S_0000025c548a9aa0;
    %join;
    %pushi/vec4 0, 0, 8;
    %store/vec4 v0000025c548ad620_0, 0, 8;
    %fork TD_tb_dns_parser.send_byte, S_0000025c548a9aa0;
    %join;
    %pushi/vec4 0, 0, 8;
    %store/vec4 v0000025c548ad620_0, 0, 8;
    %fork TD_tb_dns_parser.send_byte, S_0000025c548a9aa0;
    %join;
    %pushi/vec4 0, 0, 8;
    %store/vec4 v0000025c548ad620_0, 0, 8;
    %fork TD_tb_dns_parser.send_byte, S_0000025c548a9aa0;
    %join;
    %pushi/vec4 0, 0, 8;
    %store/vec4 v0000025c548ad620_0, 0, 8;
    %fork TD_tb_dns_parser.send_byte, S_0000025c548a9aa0;
    %join;
    %pushi/vec4 0, 0, 8;
    %store/vec4 v0000025c548ad620_0, 0, 8;
    %fork TD_tb_dns_parser.send_byte, S_0000025c548a9aa0;
    %join;
    %pushi/vec4 1, 0, 8;
    %store/vec4 v0000025c548ad620_0, 0, 8;
    %fork TD_tb_dns_parser.send_byte, S_0000025c548a9aa0;
    %join;
    %pushi/vec4 0, 0, 8;
    %store/vec4 v0000025c548ad620_0, 0, 8;
    %fork TD_tb_dns_parser.send_byte, S_0000025c548a9aa0;
    %join;
    %pushi/vec4 1, 0, 8;
    %store/vec4 v0000025c548ad620_0, 0, 8;
    %fork TD_tb_dns_parser.send_byte, S_0000025c548a9aa0;
    %join;
    %end;
S_0000025c54864700 .scope task, "send_query_evilcom" "send_query_evilcom" 2 73, 2 73 0, S_0000025c548aaa00;
 .timescale -9 -12;
TD_tb_dns_parser.send_query_evilcom ;
    %pushi/vec4 18, 0, 8;
    %store/vec4 v0000025c548ad620_0, 0, 8;
    %fork TD_tb_dns_parser.send_byte, S_0000025c548a9aa0;
    %join;
    %pushi/vec4 52, 0, 8;
    %store/vec4 v0000025c548ad620_0, 0, 8;
    %fork TD_tb_dns_parser.send_byte, S_0000025c548a9aa0;
    %join;
    %pushi/vec4 1, 0, 8;
    %store/vec4 v0000025c548ad620_0, 0, 8;
    %fork TD_tb_dns_parser.send_byte, S_0000025c548a9aa0;
    %join;
    %pushi/vec4 0, 0, 8;
    %store/vec4 v0000025c548ad620_0, 0, 8;
    %fork TD_tb_dns_parser.send_byte, S_0000025c548a9aa0;
    %join;
    %pushi/vec4 0, 0, 8;
    %store/vec4 v0000025c548ad620_0, 0, 8;
    %fork TD_tb_dns_parser.send_byte, S_0000025c548a9aa0;
    %join;
    %pushi/vec4 1, 0, 8;
    %store/vec4 v0000025c548ad620_0, 0, 8;
    %fork TD_tb_dns_parser.send_byte, S_0000025c548a9aa0;
    %join;
    %pushi/vec4 0, 0, 8;
    %store/vec4 v0000025c548ad620_0, 0, 8;
    %fork TD_tb_dns_parser.send_byte, S_0000025c548a9aa0;
    %join;
    %pushi/vec4 0, 0, 8;
    %store/vec4 v0000025c548ad620_0, 0, 8;
    %fork TD_tb_dns_parser.send_byte, S_0000025c548a9aa0;
    %join;
    %pushi/vec4 0, 0, 8;
    %store/vec4 v0000025c548ad620_0, 0, 8;
    %fork TD_tb_dns_parser.send_byte, S_0000025c548a9aa0;
    %join;
    %pushi/vec4 0, 0, 8;
    %store/vec4 v0000025c548ad620_0, 0, 8;
    %fork TD_tb_dns_parser.send_byte, S_0000025c548a9aa0;
    %join;
    %pushi/vec4 0, 0, 8;
    %store/vec4 v0000025c548ad620_0, 0, 8;
    %fork TD_tb_dns_parser.send_byte, S_0000025c548a9aa0;
    %join;
    %pushi/vec4 0, 0, 8;
    %store/vec4 v0000025c548ad620_0, 0, 8;
    %fork TD_tb_dns_parser.send_byte, S_0000025c548a9aa0;
    %join;
    %pushi/vec4 4, 0, 8;
    %store/vec4 v0000025c548ad620_0, 0, 8;
    %fork TD_tb_dns_parser.send_byte, S_0000025c548a9aa0;
    %join;
    %pushi/vec4 101, 0, 8; draw_string_vec4
    %store/vec4 v0000025c548ad620_0, 0, 8;
    %fork TD_tb_dns_parser.send_byte, S_0000025c548a9aa0;
    %join;
    %pushi/vec4 118, 0, 8; draw_string_vec4
    %store/vec4 v0000025c548ad620_0, 0, 8;
    %fork TD_tb_dns_parser.send_byte, S_0000025c548a9aa0;
    %join;
    %pushi/vec4 105, 0, 8; draw_string_vec4
    %store/vec4 v0000025c548ad620_0, 0, 8;
    %fork TD_tb_dns_parser.send_byte, S_0000025c548a9aa0;
    %join;
    %pushi/vec4 108, 0, 8; draw_string_vec4
    %store/vec4 v0000025c548ad620_0, 0, 8;
    %fork TD_tb_dns_parser.send_byte, S_0000025c548a9aa0;
    %join;
    %pushi/vec4 3, 0, 8;
    %store/vec4 v0000025c548ad620_0, 0, 8;
    %fork TD_tb_dns_parser.send_byte, S_0000025c548a9aa0;
    %join;
    %pushi/vec4 99, 0, 8; draw_string_vec4
    %store/vec4 v0000025c548ad620_0, 0, 8;
    %fork TD_tb_dns_parser.send_byte, S_0000025c548a9aa0;
    %join;
    %pushi/vec4 111, 0, 8; draw_string_vec4
    %store/vec4 v0000025c548ad620_0, 0, 8;
    %fork TD_tb_dns_parser.send_byte, S_0000025c548a9aa0;
    %join;
    %pushi/vec4 109, 0, 8; draw_string_vec4
    %store/vec4 v0000025c548ad620_0, 0, 8;
    %fork TD_tb_dns_parser.send_byte, S_0000025c548a9aa0;
    %join;
    %pushi/vec4 0, 0, 8;
    %store/vec4 v0000025c548ad620_0, 0, 8;
    %fork TD_tb_dns_parser.send_byte, S_0000025c548a9aa0;
    %join;
    %pushi/vec4 0, 0, 8;
    %store/vec4 v0000025c548ad620_0, 0, 8;
    %fork TD_tb_dns_parser.send_byte, S_0000025c548a9aa0;
    %join;
    %pushi/vec4 1, 0, 8;
    %store/vec4 v0000025c548ad620_0, 0, 8;
    %fork TD_tb_dns_parser.send_byte, S_0000025c548a9aa0;
    %join;
    %pushi/vec4 0, 0, 8;
    %store/vec4 v0000025c548ad620_0, 0, 8;
    %fork TD_tb_dns_parser.send_byte, S_0000025c548a9aa0;
    %join;
    %pushi/vec4 1, 0, 8;
    %store/vec4 v0000025c548ad620_0, 0, 8;
    %fork TD_tb_dns_parser.send_byte, S_0000025c548a9aa0;
    %join;
    %end;
S_0000025c54864890 .scope task, "send_rebinding_response" "send_rebinding_response" 2 120, 2 120 0, S_0000025c548aaa00;
 .timescale -9 -12;
TD_tb_dns_parser.send_rebinding_response ;
    %pushi/vec4 0, 0, 8;
    %store/vec4 v0000025c548ad620_0, 0, 8;
    %fork TD_tb_dns_parser.send_byte, S_0000025c548a9aa0;
    %join;
    %pushi/vec4 0, 0, 8;
    %store/vec4 v0000025c548ad620_0, 0, 8;
    %fork TD_tb_dns_parser.send_byte, S_0000025c548a9aa0;
    %join;
    %pushi/vec4 129, 0, 8;
    %store/vec4 v0000025c548ad620_0, 0, 8;
    %fork TD_tb_dns_parser.send_byte, S_0000025c548a9aa0;
    %join;
    %pushi/vec4 128, 0, 8;
    %store/vec4 v0000025c548ad620_0, 0, 8;
    %fork TD_tb_dns_parser.send_byte, S_0000025c548a9aa0;
    %join;
    %pushi/vec4 0, 0, 8;
    %store/vec4 v0000025c548ad620_0, 0, 8;
    %fork TD_tb_dns_parser.send_byte, S_0000025c548a9aa0;
    %join;
    %pushi/vec4 1, 0, 8;
    %store/vec4 v0000025c548ad620_0, 0, 8;
    %fork TD_tb_dns_parser.send_byte, S_0000025c548a9aa0;
    %join;
    %pushi/vec4 0, 0, 8;
    %store/vec4 v0000025c548ad620_0, 0, 8;
    %fork TD_tb_dns_parser.send_byte, S_0000025c548a9aa0;
    %join;
    %pushi/vec4 1, 0, 8;
    %store/vec4 v0000025c548ad620_0, 0, 8;
    %fork TD_tb_dns_parser.send_byte, S_0000025c548a9aa0;
    %join;
    %pushi/vec4 0, 0, 8;
    %store/vec4 v0000025c548ad620_0, 0, 8;
    %fork TD_tb_dns_parser.send_byte, S_0000025c548a9aa0;
    %join;
    %pushi/vec4 0, 0, 8;
    %store/vec4 v0000025c548ad620_0, 0, 8;
    %fork TD_tb_dns_parser.send_byte, S_0000025c548a9aa0;
    %join;
    %pushi/vec4 0, 0, 8;
    %store/vec4 v0000025c548ad620_0, 0, 8;
    %fork TD_tb_dns_parser.send_byte, S_0000025c548a9aa0;
    %join;
    %pushi/vec4 0, 0, 8;
    %store/vec4 v0000025c548ad620_0, 0, 8;
    %fork TD_tb_dns_parser.send_byte, S_0000025c548a9aa0;
    %join;
    %pushi/vec4 1, 0, 8;
    %store/vec4 v0000025c548ad620_0, 0, 8;
    %fork TD_tb_dns_parser.send_byte, S_0000025c548a9aa0;
    %join;
    %pushi/vec4 120, 0, 8; draw_string_vec4
    %store/vec4 v0000025c548ad620_0, 0, 8;
    %fork TD_tb_dns_parser.send_byte, S_0000025c548a9aa0;
    %join;
    %pushi/vec4 3, 0, 8;
    %store/vec4 v0000025c548ad620_0, 0, 8;
    %fork TD_tb_dns_parser.send_byte, S_0000025c548a9aa0;
    %join;
    %pushi/vec4 99, 0, 8; draw_string_vec4
    %store/vec4 v0000025c548ad620_0, 0, 8;
    %fork TD_tb_dns_parser.send_byte, S_0000025c548a9aa0;
    %join;
    %pushi/vec4 111, 0, 8; draw_string_vec4
    %store/vec4 v0000025c548ad620_0, 0, 8;
    %fork TD_tb_dns_parser.send_byte, S_0000025c548a9aa0;
    %join;
    %pushi/vec4 109, 0, 8; draw_string_vec4
    %store/vec4 v0000025c548ad620_0, 0, 8;
    %fork TD_tb_dns_parser.send_byte, S_0000025c548a9aa0;
    %join;
    %pushi/vec4 0, 0, 8;
    %store/vec4 v0000025c548ad620_0, 0, 8;
    %fork TD_tb_dns_parser.send_byte, S_0000025c548a9aa0;
    %join;
    %pushi/vec4 0, 0, 8;
    %store/vec4 v0000025c548ad620_0, 0, 8;
    %fork TD_tb_dns_parser.send_byte, S_0000025c548a9aa0;
    %join;
    %pushi/vec4 1, 0, 8;
    %store/vec4 v0000025c548ad620_0, 0, 8;
    %fork TD_tb_dns_parser.send_byte, S_0000025c548a9aa0;
    %join;
    %pushi/vec4 0, 0, 8;
    %store/vec4 v0000025c548ad620_0, 0, 8;
    %fork TD_tb_dns_parser.send_byte, S_0000025c548a9aa0;
    %join;
    %pushi/vec4 1, 0, 8;
    %store/vec4 v0000025c548ad620_0, 0, 8;
    %fork TD_tb_dns_parser.send_byte, S_0000025c548a9aa0;
    %join;
    %pushi/vec4 192, 0, 8;
    %store/vec4 v0000025c548ad620_0, 0, 8;
    %fork TD_tb_dns_parser.send_byte, S_0000025c548a9aa0;
    %join;
    %pushi/vec4 12, 0, 8;
    %store/vec4 v0000025c548ad620_0, 0, 8;
    %fork TD_tb_dns_parser.send_byte, S_0000025c548a9aa0;
    %join;
    %pushi/vec4 0, 0, 8;
    %store/vec4 v0000025c548ad620_0, 0, 8;
    %fork TD_tb_dns_parser.send_byte, S_0000025c548a9aa0;
    %join;
    %pushi/vec4 1, 0, 8;
    %store/vec4 v0000025c548ad620_0, 0, 8;
    %fork TD_tb_dns_parser.send_byte, S_0000025c548a9aa0;
    %join;
    %pushi/vec4 0, 0, 8;
    %store/vec4 v0000025c548ad620_0, 0, 8;
    %fork TD_tb_dns_parser.send_byte, S_0000025c548a9aa0;
    %join;
    %pushi/vec4 1, 0, 8;
    %store/vec4 v0000025c548ad620_0, 0, 8;
    %fork TD_tb_dns_parser.send_byte, S_0000025c548a9aa0;
    %join;
    %pushi/vec4 0, 0, 8;
    %store/vec4 v0000025c548ad620_0, 0, 8;
    %fork TD_tb_dns_parser.send_byte, S_0000025c548a9aa0;
    %join;
    %pushi/vec4 0, 0, 8;
    %store/vec4 v0000025c548ad620_0, 0, 8;
    %fork TD_tb_dns_parser.send_byte, S_0000025c548a9aa0;
    %join;
    %pushi/vec4 0, 0, 8;
    %store/vec4 v0000025c548ad620_0, 0, 8;
    %fork TD_tb_dns_parser.send_byte, S_0000025c548a9aa0;
    %join;
    %pushi/vec4 60, 0, 8;
    %store/vec4 v0000025c548ad620_0, 0, 8;
    %fork TD_tb_dns_parser.send_byte, S_0000025c548a9aa0;
    %join;
    %pushi/vec4 0, 0, 8;
    %store/vec4 v0000025c548ad620_0, 0, 8;
    %fork TD_tb_dns_parser.send_byte, S_0000025c548a9aa0;
    %join;
    %pushi/vec4 4, 0, 8;
    %store/vec4 v0000025c548ad620_0, 0, 8;
    %fork TD_tb_dns_parser.send_byte, S_0000025c548a9aa0;
    %join;
    %pushi/vec4 192, 0, 8;
    %store/vec4 v0000025c548ad620_0, 0, 8;
    %fork TD_tb_dns_parser.send_byte, S_0000025c548a9aa0;
    %join;
    %pushi/vec4 168, 0, 8;
    %store/vec4 v0000025c548ad620_0, 0, 8;
    %fork TD_tb_dns_parser.send_byte, S_0000025c548a9aa0;
    %join;
    %pushi/vec4 1, 0, 8;
    %store/vec4 v0000025c548ad620_0, 0, 8;
    %fork TD_tb_dns_parser.send_byte, S_0000025c548a9aa0;
    %join;
    %pushi/vec4 1, 0, 8;
    %store/vec4 v0000025c548ad620_0, 0, 8;
    %fork TD_tb_dns_parser.send_byte, S_0000025c548a9aa0;
    %join;
    %end;
S_0000025c548a8ce0 .scope task, "start_frame" "start_frame" 2 50, 2 50 0, S_0000025c548aaa00;
 .timescale -9 -12;
TD_tb_dns_parser.start_frame ;
    %wait E_0000025c5489a040;
    %pushi/vec4 1, 0, 1;
    %assign/vec4 v0000025c54908120_0, 0;
    %wait E_0000025c5489a040;
    %pushi/vec4 0, 0, 1;
    %assign/vec4 v0000025c54908120_0, 0;
    %end;
S_0000025c548a8e70 .scope module, "u_dut" "dns_parser" 2 18, 3 9 0, S_0000025c548aaa00;
 .timescale 0 0;
    .port_info 0 /INPUT 1 "clk";
    .port_info 1 /INPUT 1 "rst_n";
    .port_info 2 /INPUT 8 "byte_in";
    .port_info 3 /INPUT 1 "byte_valid";
    .port_info 4 /INPUT 1 "frame_start";
    .port_info 5 /INPUT 1 "frame_end";
    .port_info 6 /INPUT 1 "ac_match";
    .port_info 7 /OUTPUT 1 "dns_alert";
    .port_info 8 /OUTPUT 1 "sinkhole_active";
    .port_info 9 /OUTPUT 32 "sinkhole_ip";
    .port_info 10 /OUTPUT 8 "nxdomain_count";
P_0000025c54832ce0 .param/l "NXDOMAIN_THRESH" 1 3 82, C4<00001010>;
P_0000025c54832d18 .param/l "SINKHOLE_ADDR" 1 3 35, C4<11000000101010001111111000000001>;
P_0000025c54832d50 .param/l "S_ANSWER" 1 3 57, C4<1000>;
P_0000025c54832d88 .param/l "S_DONE" 1 3 59, C4<1010>;
P_0000025c54832dc0 .param/l "S_HDR" 1 3 50, C4<0001>;
P_0000025c54832df8 .param/l "S_IDLE" 1 3 49, C4<0000>;
P_0000025c54832e30 .param/l "S_LABEL_DATA" 1 3 52, C4<0011>;
P_0000025c54832e68 .param/l "S_QCLASS_HI" 1 3 55, C4<0110>;
P_0000025c54832ea0 .param/l "S_QCLASS_LO" 1 3 56, C4<0111>;
P_0000025c54832ed8 .param/l "S_QNAME" 1 3 51, C4<0010>;
P_0000025c54832f10 .param/l "S_QTYPE_HI" 1 3 53, C4<0100>;
P_0000025c54832f48 .param/l "S_QTYPE_LO" 1 3 54, C4<0101>;
P_0000025c54832f80 .param/l "S_RDATA" 1 3 58, C4<1001>;
v0000025c548acf40_0 .net "ac_match", 0 0, v0000025c549070e0_0;  1 drivers
v0000025c548acea0_0 .var "ancount", 15 0;
v0000025c548ad080_0 .var "byte_idx", 3 0;
v0000025c548ad4e0_0 .net "byte_in", 7 0, v0000025c54907360_0;  1 drivers
v0000025c548ad580_0 .net "byte_valid", 0 0, v0000025c54908760_0;  1 drivers
v0000025c548ace00_0 .net "clk", 0 0, v0000025c54907220_0;  1 drivers
v0000025c548adbc0_0 .var "dns_alert", 0 0;
v0000025c548ad940_0 .var "flags", 15 0;
v0000025c548ada80_0 .net "frame_end", 0 0, v0000025c54906f00_0;  1 drivers
v0000025c548acfe0_0 .net "frame_start", 0 0, v0000025c54908120_0;  1 drivers
v0000025c548ad9e0_0 .var "hdr_count", 7 0;
v0000025c548ad440_0 .var "is_response", 0 0;
v0000025c548ad300_0 .var "label_len", 7 0;
v0000025c548ad800_0 .var "label_remaining", 7 0;
v0000025c548ad120_0 .var "nxdomain_count", 7 0;
v0000025c548adb20_0 .var "nxdomain_window_timer", 15 0;
v0000025c548ad8a0_0 .var "qdcount", 15 0;
v0000025c548ad1c0_0 .var "rcode", 3 0;
v0000025c548ad3a0_0 .var "rdata_byte_idx", 7 0;
v0000025c548ad6c0_0 .var "rdata_ip", 31 0;
v0000025c548ad760_0 .net "rst_n", 0 0, v0000025c54907180_0;  1 drivers
v0000025c548adc60_0 .var "sinkhole_active", 0 0;
v0000025c549075e0_0 .var "sinkhole_ip", 31 0;
v0000025c54907040_0 .var "state", 3 0;
v0000025c54908da0_0 .var "tx_id", 15 0;
E_0000025c5489ae40/0 .event negedge, v0000025c548ad760_0;
E_0000025c5489ae40/1 .event posedge, v0000025c548ace00_0;
E_0000025c5489ae40 .event/or E_0000025c5489ae40/0, E_0000025c5489ae40/1;
S_0000025c54832fc0 .scope function.vec4.s1, "is_rfc1918" "is_rfc1918" 3 88, 3 88 0, S_0000025c548a8e70;
 .timescale 0 0;
v0000025c548ad260_0 .var "ip", 31 0;
; Variable is_rfc1918 is vec4 return value of scope S_0000025c54832fc0
TD_tb_dns_parser.u_dut.is_rfc1918 ;
    %load/vec4 v0000025c548ad260_0;
    %parti/s 8, 24, 6;
    %cmpi/e 10, 0, 8;
    %jmp/1 T_6.1, 4;
    %flag_mov 8, 4;
    %load/vec4 v0000025c548ad260_0;
    %parti/s 8, 24, 6;
    %cmpi/e 172, 0, 8;
    %flag_get/vec4 4;
    %jmp/0 T_6.2, 4;
    %load/vec4 v0000025c548ad260_0;
    %parti/s 4, 20, 6;
    %pushi/vec4 1, 0, 4;
    %cmp/e;
    %flag_get/vec4 4;
    %and;
T_6.2;
    %flag_set/vec4 9;
    %flag_or 9, 8;
    %flag_mov 4, 9;
T_6.1;
    %flag_get/vec4 4;
    %jmp/1 T_6.0, 4;
    %load/vec4 v0000025c548ad260_0;
    %parti/s 8, 24, 6;
    %cmpi/e 192, 0, 8;
    %flag_get/vec4 4;
    %jmp/0 T_6.3, 4;
    %load/vec4 v0000025c548ad260_0;
    %parti/s 8, 16, 6;
    %pushi/vec4 168, 0, 8;
    %cmp/e;
    %flag_get/vec4 4;
    %and;
T_6.3;
    %or;
T_6.0;
    %ret/vec4 0, 0, 1;  Assign to is_rfc1918 (store_vec4_to_lval)
    %end;
    .scope S_0000025c548a8e70;
T_7 ;
    %wait E_0000025c5489ae40;
    %load/vec4 v0000025c548ad760_0;
    %nor/r;
    %flag_set/vec4 8;
    %jmp/0xz  T_7.0, 8;
    %pushi/vec4 0, 0, 4;
    %assign/vec4 v0000025c54907040_0, 0;
    %pushi/vec4 0, 0, 4;
    %assign/vec4 v0000025c548ad080_0, 0;
    %pushi/vec4 0, 0, 8;
    %assign/vec4 v0000025c548ad9e0_0, 0;
    %pushi/vec4 0, 0, 8;
    %assign/vec4 v0000025c548ad300_0, 0;
    %pushi/vec4 0, 0, 8;
    %assign/vec4 v0000025c548ad800_0, 0;
    %pushi/vec4 0, 0, 16;
    %assign/vec4 v0000025c54908da0_0, 0;
    %pushi/vec4 0, 0, 16;
    %assign/vec4 v0000025c548ad940_0, 0;
    %pushi/vec4 0, 0, 16;
    %assign/vec4 v0000025c548ad8a0_0, 0;
    %pushi/vec4 0, 0, 16;
    %assign/vec4 v0000025c548acea0_0, 0;
    %pushi/vec4 0, 0, 4;
    %assign/vec4 v0000025c548ad1c0_0, 0;
    %pushi/vec4 0, 0, 1;
    %assign/vec4 v0000025c548ad440_0, 0;
    %pushi/vec4 0, 0, 32;
    %assign/vec4 v0000025c548ad6c0_0, 0;
    %pushi/vec4 0, 0, 8;
    %assign/vec4 v0000025c548ad3a0_0, 0;
    %pushi/vec4 0, 0, 1;
    %assign/vec4 v0000025c548adbc0_0, 0;
    %pushi/vec4 0, 0, 1;
    %assign/vec4 v0000025c548adc60_0, 0;
    %pushi/vec4 3232300545, 0, 32;
    %assign/vec4 v0000025c549075e0_0, 0;
    %pushi/vec4 0, 0, 8;
    %assign/vec4 v0000025c548ad120_0, 0;
    %pushi/vec4 0, 0, 16;
    %assign/vec4 v0000025c548adb20_0, 0;
    %jmp T_7.1;
T_7.0 ;
    %pushi/vec4 0, 0, 1;
    %assign/vec4 v0000025c548adbc0_0, 0;
    %pushi/vec4 0, 0, 1;
    %assign/vec4 v0000025c548adc60_0, 0;
    %load/vec4 v0000025c548adb20_0;
    %cmpi/e 65535, 0, 16;
    %jmp/0xz  T_7.2, 4;
    %pushi/vec4 0, 0, 16;
    %assign/vec4 v0000025c548adb20_0, 0;
    %pushi/vec4 0, 0, 8;
    %assign/vec4 v0000025c548ad120_0, 0;
    %jmp T_7.3;
T_7.2 ;
    %load/vec4 v0000025c548adb20_0;
    %addi 1, 0, 16;
    %assign/vec4 v0000025c548adb20_0, 0;
T_7.3 ;
    %load/vec4 v0000025c548acfe0_0;
    %flag_set/vec4 8;
    %jmp/0xz  T_7.4, 8;
    %pushi/vec4 1, 0, 4;
    %assign/vec4 v0000025c54907040_0, 0;
    %pushi/vec4 0, 0, 8;
    %assign/vec4 v0000025c548ad9e0_0, 0;
    %pushi/vec4 0, 0, 4;
    %assign/vec4 v0000025c548ad080_0, 0;
    %jmp T_7.5;
T_7.4 ;
    %load/vec4 v0000025c548ad580_0;
    %flag_set/vec4 8;
    %jmp/0xz  T_7.6, 8;
    %load/vec4 v0000025c54907040_0;
    %dup/vec4;
    %pushi/vec4 1, 0, 4;
    %cmp/u;
    %jmp/1 T_7.8, 6;
    %dup/vec4;
    %pushi/vec4 2, 0, 4;
    %cmp/u;
    %jmp/1 T_7.9, 6;
    %dup/vec4;
    %pushi/vec4 3, 0, 4;
    %cmp/u;
    %jmp/1 T_7.10, 6;
    %dup/vec4;
    %pushi/vec4 4, 0, 4;
    %cmp/u;
    %jmp/1 T_7.11, 6;
    %dup/vec4;
    %pushi/vec4 5, 0, 4;
    %cmp/u;
    %jmp/1 T_7.12, 6;
    %dup/vec4;
    %pushi/vec4 6, 0, 4;
    %cmp/u;
    %jmp/1 T_7.13, 6;
    %dup/vec4;
    %pushi/vec4 7, 0, 4;
    %cmp/u;
    %jmp/1 T_7.14, 6;
    %dup/vec4;
    %pushi/vec4 8, 0, 4;
    %cmp/u;
    %jmp/1 T_7.15, 6;
    %dup/vec4;
    %pushi/vec4 9, 0, 4;
    %cmp/u;
    %jmp/1 T_7.16, 6;
    %dup/vec4;
    %pushi/vec4 10, 0, 4;
    %cmp/u;
    %jmp/1 T_7.17, 6;
    %pushi/vec4 0, 0, 4;
    %assign/vec4 v0000025c54907040_0, 0;
    %jmp T_7.19;
T_7.8 ;
    %load/vec4 v0000025c548ad9e0_0;
    %dup/vec4;
    %pushi/vec4 0, 0, 8;
    %cmp/u;
    %jmp/1 T_7.20, 6;
    %dup/vec4;
    %pushi/vec4 1, 0, 8;
    %cmp/u;
    %jmp/1 T_7.21, 6;
    %dup/vec4;
    %pushi/vec4 2, 0, 8;
    %cmp/u;
    %jmp/1 T_7.22, 6;
    %dup/vec4;
    %pushi/vec4 3, 0, 8;
    %cmp/u;
    %jmp/1 T_7.23, 6;
    %dup/vec4;
    %pushi/vec4 4, 0, 8;
    %cmp/u;
    %jmp/1 T_7.24, 6;
    %dup/vec4;
    %pushi/vec4 5, 0, 8;
    %cmp/u;
    %jmp/1 T_7.25, 6;
    %dup/vec4;
    %pushi/vec4 6, 0, 8;
    %cmp/u;
    %jmp/1 T_7.26, 6;
    %dup/vec4;
    %pushi/vec4 7, 0, 8;
    %cmp/u;
    %jmp/1 T_7.27, 6;
    %jmp T_7.28;
T_7.20 ;
    %load/vec4 v0000025c548ad4e0_0;
    %ix/load 4, 8, 0;
    %ix/load 5, 0, 0;
    %flag_set/imm 4, 0;
    %assign/vec4/off/d v0000025c54908da0_0, 4, 5;
    %jmp T_7.28;
T_7.21 ;
    %load/vec4 v0000025c548ad4e0_0;
    %ix/load 4, 0, 0;
    %ix/load 5, 0, 0;
    %flag_set/imm 4, 0;
    %assign/vec4/off/d v0000025c54908da0_0, 4, 5;
    %jmp T_7.28;
T_7.22 ;
    %load/vec4 v0000025c548ad4e0_0;
    %ix/load 4, 8, 0;
    %ix/load 5, 0, 0;
    %flag_set/imm 4, 0;
    %assign/vec4/off/d v0000025c548ad940_0, 4, 5;
    %load/vec4 v0000025c548ad4e0_0;
    %parti/s 1, 7, 4;
    %assign/vec4 v0000025c548ad440_0, 0;
    %jmp T_7.28;
T_7.23 ;
    %load/vec4 v0000025c548ad4e0_0;
    %ix/load 4, 0, 0;
    %ix/load 5, 0, 0;
    %flag_set/imm 4, 0;
    %assign/vec4/off/d v0000025c548ad940_0, 4, 5;
    %load/vec4 v0000025c548ad4e0_0;
    %parti/s 4, 0, 2;
    %assign/vec4 v0000025c548ad1c0_0, 0;
    %jmp T_7.28;
T_7.24 ;
    %load/vec4 v0000025c548ad4e0_0;
    %ix/load 4, 8, 0;
    %ix/load 5, 0, 0;
    %flag_set/imm 4, 0;
    %assign/vec4/off/d v0000025c548ad8a0_0, 4, 5;
    %jmp T_7.28;
T_7.25 ;
    %load/vec4 v0000025c548ad4e0_0;
    %ix/load 4, 0, 0;
    %ix/load 5, 0, 0;
    %flag_set/imm 4, 0;
    %assign/vec4/off/d v0000025c548ad8a0_0, 4, 5;
    %jmp T_7.28;
T_7.26 ;
    %load/vec4 v0000025c548ad4e0_0;
    %ix/load 4, 8, 0;
    %ix/load 5, 0, 0;
    %flag_set/imm 4, 0;
    %assign/vec4/off/d v0000025c548acea0_0, 4, 5;
    %jmp T_7.28;
T_7.27 ;
    %load/vec4 v0000025c548ad4e0_0;
    %ix/load 4, 0, 0;
    %ix/load 5, 0, 0;
    %flag_set/imm 4, 0;
    %assign/vec4/off/d v0000025c548acea0_0, 4, 5;
    %jmp T_7.28;
T_7.28 ;
    %pop/vec4 1;
    %load/vec4 v0000025c548ad9e0_0;
    %cmpi/e 11, 0, 8;
    %jmp/0xz  T_7.29, 4;
    %pushi/vec4 0, 0, 8;
    %assign/vec4 v0000025c548ad9e0_0, 0;
    %load/vec4 v0000025c548ad440_0;
    %flag_set/vec4 9;
    %flag_get/vec4 9;
    %jmp/0 T_7.33, 9;
    %load/vec4 v0000025c548ad1c0_0;
    %pushi/vec4 3, 0, 4;
    %cmp/e;
    %flag_get/vec4 4;
    %and;
T_7.33;
    %flag_set/vec4 8;
    %jmp/0xz  T_7.31, 8;
    %load/vec4 v0000025c548ad120_0;
    %addi 1, 0, 8;
    %assign/vec4 v0000025c548ad120_0, 0;
    %load/vec4 v0000025c548ad120_0;
    %pad/u 32;
    %addi 1, 0, 32;
    %cmpi/u 10, 0, 32;
    %flag_inv 5; GE is !LT
    %jmp/0xz  T_7.34, 5;
    %pushi/vec4 1, 0, 1;
    %assign/vec4 v0000025c548adbc0_0, 0;
T_7.34 ;
T_7.31 ;
    %pushi/vec4 2, 0, 4;
    %assign/vec4 v0000025c54907040_0, 0;
    %jmp T_7.30;
T_7.29 ;
    %load/vec4 v0000025c548ad9e0_0;
    %addi 1, 0, 8;
    %assign/vec4 v0000025c548ad9e0_0, 0;
T_7.30 ;
    %jmp T_7.19;
T_7.9 ;
    %load/vec4 v0000025c548ad4e0_0;
    %cmpi/e 0, 0, 8;
    %jmp/0xz  T_7.36, 4;
    %pushi/vec4 4, 0, 4;
    %assign/vec4 v0000025c54907040_0, 0;
    %jmp T_7.37;
T_7.36 ;
    %load/vec4 v0000025c548ad4e0_0;
    %parti/s 2, 6, 4;
    %cmpi/e 3, 0, 2;
    %jmp/0xz  T_7.38, 4;
    %pushi/vec4 1, 0, 8;
    %assign/vec4 v0000025c548ad800_0, 0;
    %pushi/vec4 3, 0, 4;
    %assign/vec4 v0000025c54907040_0, 0;
    %jmp T_7.39;
T_7.38 ;
    %load/vec4 v0000025c548ad4e0_0;
    %assign/vec4 v0000025c548ad300_0, 0;
    %load/vec4 v0000025c548ad4e0_0;
    %assign/vec4 v0000025c548ad800_0, 0;
    %pushi/vec4 3, 0, 4;
    %assign/vec4 v0000025c54907040_0, 0;
T_7.39 ;
T_7.37 ;
    %jmp T_7.19;
T_7.10 ;
    %load/vec4 v0000025c548ad800_0;
    %pad/u 32;
    %cmpi/e 1, 0, 32;
    %jmp/0xz  T_7.40, 4;
    %pushi/vec4 2, 0, 4;
    %assign/vec4 v0000025c54907040_0, 0;
    %jmp T_7.41;
T_7.40 ;
    %load/vec4 v0000025c548ad800_0;
    %subi 1, 0, 8;
    %assign/vec4 v0000025c548ad800_0, 0;
T_7.41 ;
    %jmp T_7.19;
T_7.11 ;
    %pushi/vec4 5, 0, 4;
    %assign/vec4 v0000025c54907040_0, 0;
    %jmp T_7.19;
T_7.12 ;
    %pushi/vec4 6, 0, 4;
    %assign/vec4 v0000025c54907040_0, 0;
    %jmp T_7.19;
T_7.13 ;
    %pushi/vec4 7, 0, 4;
    %assign/vec4 v0000025c54907040_0, 0;
    %jmp T_7.19;
T_7.14 ;
    %vpi_call 3 214 "$display", "    DEBUG: in S_QCLASS_LO, ac_match=%b", v0000025c548acf40_0 {0 0 0};
    %load/vec4 v0000025c548acf40_0;
    %flag_set/vec4 8;
    %jmp/0xz  T_7.42, 8;
    %pushi/vec4 1, 0, 1;
    %assign/vec4 v0000025c548adbc0_0, 0;
    %pushi/vec4 1, 0, 1;
    %assign/vec4 v0000025c548adc60_0, 0;
    %pushi/vec4 3232300545, 0, 32;
    %assign/vec4 v0000025c549075e0_0, 0;
T_7.42 ;
    %load/vec4 v0000025c548ad440_0;
    %flag_set/vec4 9;
    %flag_get/vec4 9;
    %jmp/0 T_7.46, 9;
    %pushi/vec4 0, 0, 32;
    %load/vec4 v0000025c548acea0_0;
    %pad/u 32;
    %cmp/u;
    %flag_get/vec4 5;
    %and;
T_7.46;
    %flag_set/vec4 8;
    %jmp/0xz  T_7.44, 8;
    %pushi/vec4 0, 0, 8;
    %assign/vec4 v0000025c548ad3a0_0, 0;
    %pushi/vec4 8, 0, 4;
    %assign/vec4 v0000025c54907040_0, 0;
    %jmp T_7.45;
T_7.44 ;
    %pushi/vec4 10, 0, 4;
    %assign/vec4 v0000025c54907040_0, 0;
T_7.45 ;
    %jmp T_7.19;
T_7.15 ;
    %load/vec4 v0000025c548ad3a0_0;
    %addi 1, 0, 8;
    %assign/vec4 v0000025c548ad3a0_0, 0;
    %load/vec4 v0000025c548ad3a0_0;
    %cmpi/e 11, 0, 8;
    %jmp/0xz  T_7.47, 4;
    %pushi/vec4 0, 0, 8;
    %assign/vec4 v0000025c548ad3a0_0, 0;
    %pushi/vec4 0, 0, 32;
    %assign/vec4 v0000025c548ad6c0_0, 0;
    %pushi/vec4 9, 0, 4;
    %assign/vec4 v0000025c54907040_0, 0;
T_7.47 ;
    %jmp T_7.19;
T_7.16 ;
    %load/vec4 v0000025c548ad3a0_0;
    %dup/vec4;
    %pushi/vec4 0, 0, 8;
    %cmp/u;
    %jmp/1 T_7.49, 6;
    %dup/vec4;
    %pushi/vec4 1, 0, 8;
    %cmp/u;
    %jmp/1 T_7.50, 6;
    %dup/vec4;
    %pushi/vec4 2, 0, 8;
    %cmp/u;
    %jmp/1 T_7.51, 6;
    %dup/vec4;
    %pushi/vec4 3, 0, 8;
    %cmp/u;
    %jmp/1 T_7.52, 6;
    %jmp T_7.53;
T_7.49 ;
    %load/vec4 v0000025c548ad4e0_0;
    %ix/load 4, 24, 0;
    %ix/load 5, 0, 0;
    %flag_set/imm 4, 0;
    %assign/vec4/off/d v0000025c548ad6c0_0, 4, 5;
    %jmp T_7.53;
T_7.50 ;
    %load/vec4 v0000025c548ad4e0_0;
    %ix/load 4, 16, 0;
    %ix/load 5, 0, 0;
    %flag_set/imm 4, 0;
    %assign/vec4/off/d v0000025c548ad6c0_0, 4, 5;
    %jmp T_7.53;
T_7.51 ;
    %load/vec4 v0000025c548ad4e0_0;
    %ix/load 4, 8, 0;
    %ix/load 5, 0, 0;
    %flag_set/imm 4, 0;
    %assign/vec4/off/d v0000025c548ad6c0_0, 4, 5;
    %jmp T_7.53;
T_7.52 ;
    %load/vec4 v0000025c548ad4e0_0;
    %ix/load 4, 0, 0;
    %ix/load 5, 0, 0;
    %flag_set/imm 4, 0;
    %assign/vec4/off/d v0000025c548ad6c0_0, 4, 5;
    %load/vec4 v0000025c548ad6c0_0;
    %parti/s 24, 8, 5;
    %load/vec4 v0000025c548ad4e0_0;
    %concat/vec4; draw_concat_vec4
    %store/vec4 v0000025c548ad260_0, 0, 32;
    %callf/vec4 TD_tb_dns_parser.u_dut.is_rfc1918, S_0000025c54832fc0;
    %flag_set/vec4 8;
    %jmp/0xz  T_7.54, 8;
    %pushi/vec4 1, 0, 1;
    %assign/vec4 v0000025c548adbc0_0, 0;
T_7.54 ;
    %pushi/vec4 10, 0, 4;
    %assign/vec4 v0000025c54907040_0, 0;
    %jmp T_7.53;
T_7.53 ;
    %pop/vec4 1;
    %load/vec4 v0000025c548ad3a0_0;
    %addi 1, 0, 8;
    %assign/vec4 v0000025c548ad3a0_0, 0;
    %jmp T_7.19;
T_7.17 ;
    %jmp T_7.19;
T_7.19 ;
    %pop/vec4 1;
T_7.6 ;
T_7.5 ;
T_7.1 ;
    %jmp T_7;
    .thread T_7;
    .scope S_0000025c548aaa00;
T_8 ;
    %pushi/vec4 0, 0, 1;
    %store/vec4 v0000025c54907220_0, 0, 1;
    %pushi/vec4 0, 0, 1;
    %store/vec4 v0000025c54907180_0, 0, 1;
    %pushi/vec4 0, 0, 8;
    %store/vec4 v0000025c54907360_0, 0, 8;
    %pushi/vec4 0, 0, 1;
    %store/vec4 v0000025c54908760_0, 0, 1;
    %pushi/vec4 0, 0, 1;
    %store/vec4 v0000025c54908120_0, 0, 1;
    %pushi/vec4 0, 0, 1;
    %store/vec4 v0000025c54906f00_0, 0, 1;
    %pushi/vec4 0, 0, 1;
    %store/vec4 v0000025c549070e0_0, 0, 1;
    %end;
    .thread T_8;
    .scope S_0000025c548aaa00;
T_9 ;
    %delay 4000, 0;
    %load/vec4 v0000025c54907220_0;
    %inv;
    %store/vec4 v0000025c54907220_0, 0, 1;
    %jmp T_9;
    .thread T_9;
    .scope S_0000025c548aaa00;
T_10 ;
    %vpi_call 2 35 "$dumpfile", "tb_dns_parser.vcd" {0 0 0};
    %vpi_call 2 36 "$dumpvars", 32'sb00000000000000000000000000000000, S_0000025c548aaa00 {0 0 0};
    %end;
    .thread T_10;
    .scope S_0000025c548aaa00;
T_11 ;
    %wait E_0000025c5489a040;
    %load/vec4 v0000025c549070e0_0;
    %flag_set/vec4 8;
    %jmp/0xz  T_11.0, 8;
    %vpi_call 2 153 "$display", "    MONITOR: ac_match=1 at time %0t", $time {0 0 0};
T_11.0 ;
    %jmp T_11;
    .thread T_11;
    .scope S_0000025c548aaa00;
T_12 ;
    %pushi/vec4 0, 0, 1;
    %store/vec4 v0000025c54907180_0, 0, 1;
    %pushi/vec4 4, 0, 32;
T_12.0 %dup/vec4;
    %pushi/vec4 0, 0, 32;
    %cmp/s;
    %jmp/1xz T_12.1, 5;
    %jmp/1 T_12.1, 4;
    %pushi/vec4 1, 0, 32;
    %sub;
    %wait E_0000025c5489a040;
    %jmp T_12.0;
T_12.1 ;
    %pop/vec4 1;
    %pushi/vec4 1, 0, 1;
    %store/vec4 v0000025c54907180_0, 0, 1;
    %pushi/vec4 2, 0, 32;
T_12.2 %dup/vec4;
    %pushi/vec4 0, 0, 32;
    %cmp/s;
    %jmp/1xz T_12.3, 5;
    %jmp/1 T_12.3, 4;
    %pushi/vec4 1, 0, 32;
    %sub;
    %wait E_0000025c5489a040;
    %jmp T_12.2;
T_12.3 ;
    %pop/vec4 1;
    %vpi_call 2 167 "$display", "--- TEST 1: query for known-bad domain (expect sinkhole) ---" {0 0 0};
    %fork TD_tb_dns_parser.start_frame, S_0000025c548a8ce0;
    %join;
    %pushi/vec4 1, 0, 1;
    %store/vec4 v0000025c549070e0_0, 0, 1;
    %vpi_call 2 170 "$display", "    DEBUG: ac_match set to %b at time %0t", v0000025c549070e0_0, $time {0 0 0};
    %fork TD_tb_dns_parser.send_query_evilcom, S_0000025c54864700;
    %join;
    %pushi/vec4 4, 0, 32;
T_12.4 %dup/vec4;
    %pushi/vec4 0, 0, 32;
    %cmp/s;
    %jmp/1xz T_12.5, 5;
    %jmp/1 T_12.5, 4;
    %pushi/vec4 1, 0, 32;
    %sub;
    %wait E_0000025c5489a040;
    %jmp T_12.4;
T_12.5 ;
    %pop/vec4 1;
    %pushi/vec4 0, 0, 1;
    %store/vec4 v0000025c549070e0_0, 0, 1;
    %fork TD_tb_dns_parser.end_frame, S_0000025c548a8060;
    %join;
    %pushi/vec4 4, 0, 32;
T_12.6 %dup/vec4;
    %pushi/vec4 0, 0, 32;
    %cmp/s;
    %jmp/1xz T_12.7, 5;
    %jmp/1 T_12.7, 4;
    %pushi/vec4 1, 0, 32;
    %sub;
    %wait E_0000025c5489a040;
    %jmp T_12.6;
T_12.7 ;
    %pop/vec4 1;
    %vpi_call 2 177 "$display", "  dns_alert=%b sinkhole_active=%b sinkhole_ip=%h", v0000025c54908440_0, v0000025c549079a0_0, v0000025c549074a0_0 {0 0 0};
    %vpi_call 2 183 "$display", "--- TEST 2: clean query, no AC match (expect no alert) ---" {0 0 0};
    %fork TD_tb_dns_parser.start_frame, S_0000025c548a8ce0;
    %join;
    %fork TD_tb_dns_parser.send_query_evilcom, S_0000025c54864700;
    %join;
    %fork TD_tb_dns_parser.end_frame, S_0000025c548a8060;
    %join;
    %pushi/vec4 4, 0, 32;
T_12.8 %dup/vec4;
    %pushi/vec4 0, 0, 32;
    %cmp/s;
    %jmp/1xz T_12.9, 5;
    %jmp/1 T_12.9, 4;
    %pushi/vec4 1, 0, 32;
    %sub;
    %wait E_0000025c5489a040;
    %jmp T_12.8;
T_12.9 ;
    %pop/vec4 1;
    %vpi_call 2 189 "$display", "  dns_alert=%b sinkhole_active=%b", v0000025c54908440_0, v0000025c549079a0_0 {0 0 0};
    %vpi_call 2 195 "$display", "--- TEST 3: DNS rebinding response (expect dns_alert) ---" {0 0 0};
    %fork TD_tb_dns_parser.start_frame, S_0000025c548a8ce0;
    %join;
    %fork TD_tb_dns_parser.send_rebinding_response, S_0000025c54864890;
    %join;
    %fork TD_tb_dns_parser.end_frame, S_0000025c548a8060;
    %join;
    %pushi/vec4 4, 0, 32;
T_12.10 %dup/vec4;
    %pushi/vec4 0, 0, 32;
    %cmp/s;
    %jmp/1xz T_12.11, 5;
    %jmp/1 T_12.11, 4;
    %pushi/vec4 1, 0, 32;
    %sub;
    %wait E_0000025c5489a040;
    %jmp T_12.10;
T_12.11 ;
    %pop/vec4 1;
    %vpi_call 2 201 "$display", "  dns_alert=%b (expect 1 for rebinding)", v0000025c54908440_0 {0 0 0};
    %vpi_call 2 208 "$display", "--- TEST 4: NXDOMAIN flood (11x, threshold=10) ---" {0 0 0};
    %pushi/vec4 0, 0, 32;
    %store/vec4 v0000025c54907540_0, 0, 32;
T_12.12 ;
    %load/vec4 v0000025c54907540_0;
    %cmpi/s 11, 0, 32;
    %jmp/0xz T_12.13, 5;
    %fork TD_tb_dns_parser.start_frame, S_0000025c548a8ce0;
    %join;
    %fork TD_tb_dns_parser.send_nxdomain_response, S_0000025c548a9c30;
    %join;
    %fork TD_tb_dns_parser.end_frame, S_0000025c548a8060;
    %join;
    %pushi/vec4 2, 0, 32;
T_12.14 %dup/vec4;
    %pushi/vec4 0, 0, 32;
    %cmp/s;
    %jmp/1xz T_12.15, 5;
    %jmp/1 T_12.15, 4;
    %pushi/vec4 1, 0, 32;
    %sub;
    %wait E_0000025c5489a040;
    %jmp T_12.14;
T_12.15 ;
    %pop/vec4 1;
    %load/vec4 v0000025c54907540_0;
    %addi 1, 0, 32;
    %vpi_call 2 214 "$display", "  after NXDOMAIN #%0d: nxdomain_count=%0d dns_alert=%b", S<0,vec4,s32>, v0000025c54907900_0, v0000025c54908440_0 {1 0 0};
    %load/vec4 v0000025c54907540_0;
    %addi 1, 0, 32;
    %store/vec4 v0000025c54907540_0, 0, 32;
    %jmp T_12.12;
T_12.13 ;
    %vpi_call 2 218 "$display", "Simulation complete." {0 0 0};
    %vpi_call 2 219 "$finish" {0 0 0};
    %end;
    .thread T_12;
# The file index is used to find the file name in the following table.
:file_names 4;
    "N/A";
    "<interactive>";
    "tb_dns_parser.v";
    "dns_parser.v";
