#! /c/Source/iverilog-install/bin/vvp
:ivl_version "12.0 (devel)" "(s20150603-1539-g2693dd32b)";
:ivl_delay_selection "TYPICAL";
:vpi_time_precision - 12;
:vpi_module "C:\iverilog\lib\ivl\system.vpi";
:vpi_module "C:\iverilog\lib\ivl\vhdl_sys.vpi";
:vpi_module "C:\iverilog\lib\ivl\vhdl_textio.vpi";
:vpi_module "C:\iverilog\lib\ivl\v2005_math.vpi";
:vpi_module "C:\iverilog\lib\ivl\va_math.vpi";
S_000001aa9adc0c80 .scope module, "tb_ws2812" "tb_ws2812" 2 3;
 .timescale -9 -12;
v000001aa9ae36ed0_0 .var "clk", 0 0;
v000001aa9ae37290_0 .var "packet_dropped", 0 0;
v000001aa9ae36b10_0 .var "rst_n", 0 0;
v000001aa9ae375b0_0 .var "threat_detected", 0 0;
v000001aa9ae36cf0_0 .var "threat_level", 1 0;
v000001aa9ae36bb0_0 .net "ws2812_din", 0 0, v000001aa9ae371f0_0;  1 drivers
E_000001aa9adbb740 .event posedge, v000001aa9ad932b0_0;
S_000001aa9adc0fe0 .scope module, "u_dut" "ws2812_alert" 2 17, 3 10 0, S_000001aa9adc0c80;
 .timescale 0 0;
    .port_info 0 /INPUT 1 "clk";
    .port_info 1 /INPUT 1 "rst_n";
    .port_info 2 /INPUT 1 "threat_detected";
    .port_info 3 /INPUT 2 "threat_level";
    .port_info 4 /INPUT 1 "packet_dropped";
    .port_info 5 /OUTPUT 1 "ws2812_din";
P_000001aa9addfe20 .param/l "BREATH_STEP_CYCLES" 1 3 52, +C4<00000000000000011101111010110101>;
P_000001aa9addfe58 .param/l "CLK_MHZ" 0 3 11, +C4<00000000000000000000000001111101>;
P_000001aa9addfe90 .param/l "MALICIOUS" 1 3 43, C4<10>;
P_000001aa9addfec8 .param/l "NUM_LEDS" 0 3 12, +C4<00000000000000000000000000001000>;
P_000001aa9addff00 .param/l "RED_FLASH_CYCLES" 1 3 84, +C4<00000000100110001001011010000000>;
P_000001aa9addff38 .param/l "SAFE" 1 3 41, C4<00>;
P_000001aa9addff70 .param/l "SUSPICIOUS" 1 3 42, C4<01>;
P_000001aa9addffa8 .param/l "S_HIGH" 1 3 136, C4<001>;
P_000001aa9addffe0 .param/l "S_IDLE" 1 3 135, C4<000>;
P_000001aa9ade0018 .param/l "S_LOAD" 1 3 139, C4<100>;
P_000001aa9ade0050 .param/l "S_LOW" 1 3 137, C4<010>;
P_000001aa9ade0088 .param/l "S_RESET" 1 3 138, C4<011>;
P_000001aa9ade00c0 .param/l "T0H" 1 3 34, +C4<0000000000000000000000000000000000000000000000000000000000110010>;
P_000001aa9ade00f8 .param/l "T0L" 1 3 35, +C4<0000000000000000000000000000000000000000000000000000000001101010>;
P_000001aa9ade0130 .param/l "T1H" 1 3 32, +C4<0000000000000000000000000000000000000000000000000000000001100100>;
P_000001aa9ade0168 .param/l "T1L" 1 3 33, +C4<0000000000000000000000000000000000000000000000000000000000111000>;
P_000001aa9ade01a0 .param/l "TRESET" 1 3 36, +C4<0000000000000000000000000000000000000000000000000001110101001100>;
v000001aa9aed9d60_0 .var "bit_idx", 4 0;
v000001aa9ad93120_0 .var "breath_counter", 16 0;
v000001aa9adc1c60_0 .var "breath_dir", 0 0;
v000001aa9ade01e0_0 .var "brightness", 7 0;
v000001aa9ad932b0_0 .net "clk", 0 0, v000001aa9ae36ed0_0;  1 drivers
v000001aa9adc1260_0 .var "current_bit", 0 0;
v000001aa9aedbb20_0 .var "led_color", 23 0;
v000001aa9aedbbc0_0 .var "led_idx", 4 0;
v000001aa9adc1740_0 .net "packet_dropped", 0 0, v000001aa9ae37290_0;  1 drivers
v000001aa9adc17e0_0 .var "pulse_cnt", 7 0;
v000001aa9adc1880_0 .var "red_flash_active", 0 0;
v000001aa9adc1920_0 .var "red_flash_timer", 23 0;
v000001aa9adc47e0_0 .var "reset_cnt", 12 0;
v000001aa9ae37330_0 .net "rst_n", 0 0, v000001aa9ae36b10_0;  1 drivers
v000001aa9ae376f0_0 .var "shift_reg", 23 0;
v000001aa9ae373d0_0 .var "state", 2 0;
v000001aa9ae37650_0 .net "threat_detected", 0 0, v000001aa9ae375b0_0;  1 drivers
v000001aa9ae36a70_0 .net "threat_level", 1 0, v000001aa9ae36cf0_0;  1 drivers
v000001aa9ae371f0_0 .var "ws2812_din", 0 0;
E_000001aa9adbac40/0 .event negedge, v000001aa9ae37330_0;
E_000001aa9adbac40/1 .event posedge, v000001aa9ad932b0_0;
E_000001aa9adbac40 .event/or E_000001aa9adbac40/0, E_000001aa9adbac40/1;
E_000001aa9adbb8c0 .event anyedge, v000001aa9adc1880_0, v000001aa9ae36a70_0, v000001aa9ade01e0_0;
    .scope S_000001aa9adc0fe0;
T_0 ;
    %wait E_000001aa9adbac40;
    %load/vec4 v000001aa9ae37330_0;
    %nor/r;
    %flag_set/vec4 8;
    %jmp/0xz  T_0.0, 8;
    %pushi/vec4 0, 0, 17;
    %assign/vec4 v000001aa9ad93120_0, 0;
    %pushi/vec4 0, 0, 8;
    %assign/vec4 v000001aa9ade01e0_0, 0;
    %pushi/vec4 0, 0, 1;
    %assign/vec4 v000001aa9adc1c60_0, 0;
    %jmp T_0.1;
T_0.0 ;
    %load/vec4 v000001aa9ad93120_0;
    %pad/u 32;
    %cmpi/u 122548, 0, 32;
    %flag_inv 5; GE is !LT
    %jmp/0xz  T_0.2, 5;
    %pushi/vec4 0, 0, 17;
    %assign/vec4 v000001aa9ad93120_0, 0;
    %load/vec4 v000001aa9adc1c60_0;
    %nor/r;
    %flag_set/vec4 8;
    %jmp/0xz  T_0.4, 8;
    %load/vec4 v000001aa9ade01e0_0;
    %cmpi/e 255, 0, 8;
    %jmp/0xz  T_0.6, 4;
    %pushi/vec4 1, 0, 1;
    %assign/vec4 v000001aa9adc1c60_0, 0;
    %jmp T_0.7;
T_0.6 ;
    %load/vec4 v000001aa9ade01e0_0;
    %addi 1, 0, 8;
    %assign/vec4 v000001aa9ade01e0_0, 0;
T_0.7 ;
    %jmp T_0.5;
T_0.4 ;
    %load/vec4 v000001aa9ade01e0_0;
    %cmpi/e 0, 0, 8;
    %jmp/0xz  T_0.8, 4;
    %pushi/vec4 0, 0, 1;
    %assign/vec4 v000001aa9adc1c60_0, 0;
    %jmp T_0.9;
T_0.8 ;
    %load/vec4 v000001aa9ade01e0_0;
    %subi 1, 0, 8;
    %assign/vec4 v000001aa9ade01e0_0, 0;
T_0.9 ;
T_0.5 ;
    %jmp T_0.3;
T_0.2 ;
    %load/vec4 v000001aa9ad93120_0;
    %addi 1, 0, 17;
    %assign/vec4 v000001aa9ad93120_0, 0;
T_0.3 ;
T_0.1 ;
    %jmp T_0;
    .thread T_0;
    .scope S_000001aa9adc0fe0;
T_1 ;
    %wait E_000001aa9adbac40;
    %load/vec4 v000001aa9ae37330_0;
    %nor/r;
    %flag_set/vec4 8;
    %jmp/0xz  T_1.0, 8;
    %pushi/vec4 0, 0, 24;
    %assign/vec4 v000001aa9adc1920_0, 0;
    %pushi/vec4 0, 0, 1;
    %assign/vec4 v000001aa9adc1880_0, 0;
    %jmp T_1.1;
T_1.0 ;
    %load/vec4 v000001aa9adc1740_0;
    %flag_set/vec4 8;
    %jmp/0xz  T_1.2, 8;
    %pushi/vec4 1, 0, 1;
    %assign/vec4 v000001aa9adc1880_0, 0;
    %pushi/vec4 10000000, 0, 24;
    %assign/vec4 v000001aa9adc1920_0, 0;
    %jmp T_1.3;
T_1.2 ;
    %load/vec4 v000001aa9adc1880_0;
    %flag_set/vec4 8;
    %jmp/0xz  T_1.4, 8;
    %load/vec4 v000001aa9adc1920_0;
    %pad/u 32;
    %cmpi/e 0, 0, 32;
    %jmp/0xz  T_1.6, 4;
    %pushi/vec4 0, 0, 1;
    %assign/vec4 v000001aa9adc1880_0, 0;
    %jmp T_1.7;
T_1.6 ;
    %load/vec4 v000001aa9adc1920_0;
    %subi 1, 0, 24;
    %assign/vec4 v000001aa9adc1920_0, 0;
T_1.7 ;
T_1.4 ;
T_1.3 ;
T_1.1 ;
    %jmp T_1;
    .thread T_1;
    .scope S_000001aa9adc0fe0;
T_2 ;
    %wait E_000001aa9adbb8c0;
    %load/vec4 v000001aa9adc1880_0;
    %flag_set/vec4 8;
    %jmp/1 T_2.2, 8;
    %load/vec4 v000001aa9ae36a70_0;
    %cmpi/e 2, 0, 2;
    %flag_or 8, 4;
T_2.2;
    %jmp/0xz  T_2.0, 8;
    %pushi/vec4 20480, 0, 24;
    %store/vec4 v000001aa9aedbb20_0, 0, 24;
    %jmp T_2.1;
T_2.0 ;
    %load/vec4 v000001aa9ae36a70_0;
    %cmpi/e 1, 0, 2;
    %jmp/0xz  T_2.3, 4;
    %load/vec4 v000001aa9ade01e0_0;
    %load/vec4 v000001aa9ade01e0_0;
    %parti/s 7, 1, 2;
    %concat/vec4; draw_concat_vec4
    %concati/vec4 0, 0, 1;
    %concati/vec4 0, 0, 8;
    %store/vec4 v000001aa9aedbb20_0, 0, 24;
    %jmp T_2.4;
T_2.3 ;
    %pushi/vec4 5242880, 0, 24;
    %store/vec4 v000001aa9aedbb20_0, 0, 24;
T_2.4 ;
T_2.1 ;
    %jmp T_2;
    .thread T_2, $push;
    .scope S_000001aa9adc0fe0;
T_3 ;
    %wait E_000001aa9adbac40;
    %load/vec4 v000001aa9ae37330_0;
    %nor/r;
    %flag_set/vec4 8;
    %jmp/0xz  T_3.0, 8;
    %pushi/vec4 4, 0, 3;
    %assign/vec4 v000001aa9ae373d0_0, 0;
    %pushi/vec4 0, 0, 1;
    %assign/vec4 v000001aa9ae371f0_0, 0;
    %pushi/vec4 0, 0, 8;
    %assign/vec4 v000001aa9adc17e0_0, 0;
    %pushi/vec4 0, 0, 5;
    %assign/vec4 v000001aa9aed9d60_0, 0;
    %pushi/vec4 0, 0, 5;
    %assign/vec4 v000001aa9aedbbc0_0, 0;
    %pushi/vec4 0, 0, 24;
    %assign/vec4 v000001aa9ae376f0_0, 0;
    %pushi/vec4 0, 0, 1;
    %assign/vec4 v000001aa9adc1260_0, 0;
    %pushi/vec4 0, 0, 13;
    %assign/vec4 v000001aa9adc47e0_0, 0;
    %jmp T_3.1;
T_3.0 ;
    %load/vec4 v000001aa9ae373d0_0;
    %dup/vec4;
    %pushi/vec4 4, 0, 3;
    %cmp/u;
    %jmp/1 T_3.2, 6;
    %dup/vec4;
    %pushi/vec4 1, 0, 3;
    %cmp/u;
    %jmp/1 T_3.3, 6;
    %dup/vec4;
    %pushi/vec4 2, 0, 3;
    %cmp/u;
    %jmp/1 T_3.4, 6;
    %dup/vec4;
    %pushi/vec4 3, 0, 3;
    %cmp/u;
    %jmp/1 T_3.5, 6;
    %pushi/vec4 4, 0, 3;
    %assign/vec4 v000001aa9ae373d0_0, 0;
    %jmp T_3.7;
T_3.2 ;
    %load/vec4 v000001aa9aedbb20_0;
    %assign/vec4 v000001aa9ae376f0_0, 0;
    %load/vec4 v000001aa9aedbb20_0;
    %parti/s 1, 23, 6;
    %assign/vec4 v000001aa9adc1260_0, 0;
    %pushi/vec4 0, 0, 5;
    %assign/vec4 v000001aa9aed9d60_0, 0;
    %pushi/vec4 1, 0, 3;
    %assign/vec4 v000001aa9ae373d0_0, 0;
    %pushi/vec4 0, 0, 8;
    %assign/vec4 v000001aa9adc17e0_0, 0;
    %pushi/vec4 1, 0, 1;
    %assign/vec4 v000001aa9ae371f0_0, 0;
    %jmp T_3.7;
T_3.3 ;
    %pushi/vec4 1, 0, 1;
    %assign/vec4 v000001aa9ae371f0_0, 0;
    %load/vec4 v000001aa9adc1260_0;
    %flag_set/vec4 8;
    %jmp/0 T_3.10, 8;
    %pushi/vec4 100, 0, 64;
    %jmp/1 T_3.11, 8;
T_3.10 ; End of true expr.
    %pushi/vec4 50, 0, 64;
    %jmp/0 T_3.11, 8;
 ; End of false expr.
    %blend;
T_3.11;
    %subi 1, 0, 64;
    %load/vec4 v000001aa9adc17e0_0;
    %pad/u 64;
    %cmp/u;
    %flag_or 5, 4;
    %jmp/0xz  T_3.8, 5;
    %pushi/vec4 0, 0, 8;
    %assign/vec4 v000001aa9adc17e0_0, 0;
    %pushi/vec4 0, 0, 1;
    %assign/vec4 v000001aa9ae371f0_0, 0;
    %pushi/vec4 2, 0, 3;
    %assign/vec4 v000001aa9ae373d0_0, 0;
    %jmp T_3.9;
T_3.8 ;
    %load/vec4 v000001aa9adc17e0_0;
    %addi 1, 0, 8;
    %assign/vec4 v000001aa9adc17e0_0, 0;
T_3.9 ;
    %jmp T_3.7;
T_3.4 ;
    %pushi/vec4 0, 0, 1;
    %assign/vec4 v000001aa9ae371f0_0, 0;
    %load/vec4 v000001aa9adc1260_0;
    %flag_set/vec4 8;
    %jmp/0 T_3.14, 8;
    %pushi/vec4 56, 0, 64;
    %jmp/1 T_3.15, 8;
T_3.14 ; End of true expr.
    %pushi/vec4 106, 0, 64;
    %jmp/0 T_3.15, 8;
 ; End of false expr.
    %blend;
T_3.15;
    %subi 1, 0, 64;
    %load/vec4 v000001aa9adc17e0_0;
    %pad/u 64;
    %cmp/u;
    %flag_or 5, 4;
    %jmp/0xz  T_3.12, 5;
    %pushi/vec4 0, 0, 8;
    %assign/vec4 v000001aa9adc17e0_0, 0;
    %load/vec4 v000001aa9aed9d60_0;
    %pad/u 32;
    %cmpi/e 23, 0, 32;
    %jmp/0xz  T_3.16, 4;
    %load/vec4 v000001aa9aedbbc0_0;
    %pad/u 32;
    %cmpi/e 7, 0, 32;
    %jmp/0xz  T_3.18, 4;
    %pushi/vec4 0, 0, 5;
    %assign/vec4 v000001aa9aedbbc0_0, 0;
    %pushi/vec4 3, 0, 3;
    %assign/vec4 v000001aa9ae373d0_0, 0;
    %pushi/vec4 0, 0, 13;
    %assign/vec4 v000001aa9adc47e0_0, 0;
    %jmp T_3.19;
T_3.18 ;
    %load/vec4 v000001aa9aedbbc0_0;
    %addi 1, 0, 5;
    %assign/vec4 v000001aa9aedbbc0_0, 0;
    %pushi/vec4 0, 0, 5;
    %assign/vec4 v000001aa9aed9d60_0, 0;
    %load/vec4 v000001aa9aedbb20_0;
    %parti/s 1, 23, 6;
    %assign/vec4 v000001aa9adc1260_0, 0;
    %pushi/vec4 1, 0, 3;
    %assign/vec4 v000001aa9ae373d0_0, 0;
    %pushi/vec4 1, 0, 1;
    %assign/vec4 v000001aa9ae371f0_0, 0;
T_3.19 ;
    %jmp T_3.17;
T_3.16 ;
    %load/vec4 v000001aa9aed9d60_0;
    %addi 1, 0, 5;
    %assign/vec4 v000001aa9aed9d60_0, 0;
    %load/vec4 v000001aa9ae376f0_0;
    %pushi/vec4 22, 0, 32;
    %load/vec4 v000001aa9aed9d60_0;
    %pad/u 32;
    %sub;
    %part/u 1;
    %assign/vec4 v000001aa9adc1260_0, 0;
    %pushi/vec4 1, 0, 3;
    %assign/vec4 v000001aa9ae373d0_0, 0;
    %pushi/vec4 1, 0, 1;
    %assign/vec4 v000001aa9ae371f0_0, 0;
T_3.17 ;
    %jmp T_3.13;
T_3.12 ;
    %load/vec4 v000001aa9adc17e0_0;
    %addi 1, 0, 8;
    %assign/vec4 v000001aa9adc17e0_0, 0;
T_3.13 ;
    %jmp T_3.7;
T_3.5 ;
    %pushi/vec4 0, 0, 1;
    %assign/vec4 v000001aa9ae371f0_0, 0;
    %load/vec4 v000001aa9adc47e0_0;
    %pad/u 64;
    %cmpi/u 7499, 0, 64;
    %flag_inv 5; GE is !LT
    %jmp/0xz  T_3.20, 5;
    %pushi/vec4 4, 0, 3;
    %assign/vec4 v000001aa9ae373d0_0, 0;
    %jmp T_3.21;
T_3.20 ;
    %load/vec4 v000001aa9adc47e0_0;
    %addi 1, 0, 13;
    %assign/vec4 v000001aa9adc47e0_0, 0;
T_3.21 ;
    %jmp T_3.7;
T_3.7 ;
    %pop/vec4 1;
T_3.1 ;
    %jmp T_3;
    .thread T_3;
    .scope S_000001aa9adc0c80;
T_4 ;
    %pushi/vec4 0, 0, 1;
    %store/vec4 v000001aa9ae36ed0_0, 0, 1;
    %pushi/vec4 0, 0, 1;
    %store/vec4 v000001aa9ae36b10_0, 0, 1;
    %pushi/vec4 0, 0, 1;
    %store/vec4 v000001aa9ae375b0_0, 0, 1;
    %pushi/vec4 0, 0, 2;
    %store/vec4 v000001aa9ae36cf0_0, 0, 2;
    %pushi/vec4 0, 0, 1;
    %store/vec4 v000001aa9ae37290_0, 0, 1;
    %end;
    .thread T_4;
    .scope S_000001aa9adc0c80;
T_5 ;
    %delay 4000, 0;
    %load/vec4 v000001aa9ae36ed0_0;
    %inv;
    %store/vec4 v000001aa9ae36ed0_0, 0, 1;
    %jmp T_5;
    .thread T_5;
    .scope S_000001aa9adc0c80;
T_6 ;
    %vpi_call 2 31 "$dumpfile", "tb_ws2812.vcd" {0 0 0};
    %vpi_call 2 32 "$dumpvars", 32'sb00000000000000000000000000000000, S_000001aa9adc0c80 {0 0 0};
    %end;
    .thread T_6;
    .scope S_000001aa9adc0c80;
T_7 ;
    %pushi/vec4 0, 0, 1;
    %store/vec4 v000001aa9ae36b10_0, 0, 1;
    %pushi/vec4 4, 0, 32;
T_7.0 %dup/vec4;
    %pushi/vec4 0, 0, 32;
    %cmp/s;
    %jmp/1xz T_7.1, 5;
    %jmp/1 T_7.1, 4;
    %pushi/vec4 1, 0, 32;
    %sub;
    %wait E_000001aa9adbb740;
    %jmp T_7.0;
T_7.1 ;
    %pop/vec4 1;
    %pushi/vec4 1, 0, 1;
    %store/vec4 v000001aa9ae36b10_0, 0, 1;
    %pushi/vec4 0, 0, 2;
    %store/vec4 v000001aa9ae36cf0_0, 0, 2;
    %pushi/vec4 0, 0, 1;
    %store/vec4 v000001aa9ae375b0_0, 0, 1;
    %vpi_call 2 44 "$display", "Testing SAFE state (green)..." {0 0 0};
    %pushi/vec4 50000, 0, 32;
T_7.2 %dup/vec4;
    %pushi/vec4 0, 0, 32;
    %cmp/s;
    %jmp/1xz T_7.3, 5;
    %jmp/1 T_7.3, 4;
    %pushi/vec4 1, 0, 32;
    %sub;
    %wait E_000001aa9adbb740;
    %jmp T_7.2;
T_7.3 ;
    %pop/vec4 1;
    %pushi/vec4 1, 0, 2;
    %store/vec4 v000001aa9ae36cf0_0, 0, 2;
    %pushi/vec4 1, 0, 1;
    %store/vec4 v000001aa9ae375b0_0, 0, 1;
    %vpi_call 2 50 "$display", "Testing SUSPICIOUS state (yellow breathing)..." {0 0 0};
    %pushi/vec4 50000, 0, 32;
T_7.4 %dup/vec4;
    %pushi/vec4 0, 0, 32;
    %cmp/s;
    %jmp/1xz T_7.5, 5;
    %jmp/1 T_7.5, 4;
    %pushi/vec4 1, 0, 32;
    %sub;
    %wait E_000001aa9adbb740;
    %jmp T_7.4;
T_7.5 ;
    %pop/vec4 1;
    %pushi/vec4 2, 0, 2;
    %store/vec4 v000001aa9ae36cf0_0, 0, 2;
    %vpi_call 2 55 "$display", "Testing MALICIOUS state (red flash)..." {0 0 0};
    %pushi/vec4 50000, 0, 32;
T_7.6 %dup/vec4;
    %pushi/vec4 0, 0, 32;
    %cmp/s;
    %jmp/1xz T_7.7, 5;
    %jmp/1 T_7.7, 4;
    %pushi/vec4 1, 0, 32;
    %sub;
    %wait E_000001aa9adbb740;
    %jmp T_7.6;
T_7.7 ;
    %pop/vec4 1;
    %pushi/vec4 1, 0, 1;
    %store/vec4 v000001aa9ae37290_0, 0, 1;
    %wait E_000001aa9adbb740;
    %pushi/vec4 0, 0, 1;
    %store/vec4 v000001aa9ae37290_0, 0, 1;
    %pushi/vec4 50000, 0, 32;
T_7.8 %dup/vec4;
    %pushi/vec4 0, 0, 32;
    %cmp/s;
    %jmp/1xz T_7.9, 5;
    %jmp/1 T_7.9, 4;
    %pushi/vec4 1, 0, 32;
    %sub;
    %wait E_000001aa9adbb740;
    %jmp T_7.8;
T_7.9 ;
    %pop/vec4 1;
    %vpi_call 2 64 "$display", "Simulation complete." {0 0 0};
    %vpi_call 2 65 "$finish" {0 0 0};
    %end;
    .thread T_7;
# The file index is used to find the file name in the following table.
:file_names 4;
    "N/A";
    "<interactive>";
    "tb_ws2812.v";
    "ws2812_alert.v";
