#! /c/Source/iverilog-install/bin/vvp
:ivl_version "12.0 (devel)" "(s20150603-1539-g2693dd32b)";
:ivl_delay_selection "TYPICAL";
:vpi_time_precision + 0;
:vpi_module "C:\iverilog\lib\ivl\system.vpi";
:vpi_module "C:\iverilog\lib\ivl\vhdl_sys.vpi";
:vpi_module "C:\iverilog\lib\ivl\vhdl_textio.vpi";
:vpi_module "C:\iverilog\lib\ivl\v2005_math.vpi";
:vpi_module "C:\iverilog\lib\ivl\va_math.vpi";
S_000001567f112ce0 .scope module, "entropy_calc" "entropy_calc" 2 9;
 .timescale 0 0;
    .port_info 0 /INPUT 1 "clk";
    .port_info 1 /INPUT 1 "rst_n";
    .port_info 2 /INPUT 8 "byte_in";
    .port_info 3 /INPUT 1 "byte_valid";
    .port_info 4 /INPUT 1 "frame_start";
    .port_info 5 /INPUT 1 "frame_end";
    .port_info 6 /OUTPUT 1 "entropy_alert";
    .port_info 7 /OUTPUT 16 "entropy_value";
P_000001567f1435b0 .param/l "ACC_EVAL" 1 2 351, C4<10>;
P_000001567f1435e8 .param/l "ACC_IDLE" 1 2 349, C4<00>;
P_000001567f143620 .param/l "ACC_SUM" 1 2 350, C4<01>;
P_000001567f143658 .param/l "ALERT_THRESH" 0 2 11, C4<1110000000000000>;
P_000001567f143690 .param/l "WINDOW_SIZE" 0 2 10, +C4<00000000000000000000000100000000>;
v000001567f1132b0_0 .var "acc_state", 1 0;
v000001567f0fb9b0_0 .var "bin_idx", 7 0;
v000001567f112e70_0 .var "byte_count", 7 0;
o000001567f1a3098 .functor BUFZ 8, C4<zzzzzzzz>; HiZ drive
v000001567f112f10_0 .net "byte_in", 7 0, o000001567f1a3098;  0 drivers
o000001567f1a30c8 .functor BUFZ 1, C4<z>; HiZ drive
v000001567f112fb0_0 .net "byte_valid", 0 0, o000001567f1a30c8;  0 drivers
o000001567f1a30f8 .functor BUFZ 1, C4<z>; HiZ drive
v000001567f113050_0 .net "clk", 0 0, o000001567f1a30f8;  0 drivers
v000001567f1130f0_0 .var "entropy_alert", 0 0;
v000001567f144850_0 .var "entropy_sum", 23 0;
v000001567f1448f0_0 .var "entropy_value", 15 0;
o000001567f1a31b8 .functor BUFZ 1, C4<z>; HiZ drive
v000001567f144990_0 .net "frame_end", 0 0, o000001567f1a31b8;  0 drivers
o000001567f1a31e8 .functor BUFZ 1, C4<z>; HiZ drive
v000001567f144a30_0 .net "frame_start", 0 0, o000001567f1a31e8;  0 drivers
v000001567f144ad0 .array "freq", 255 0, 7 0;
v000001567f144b70_0 .var "freq_sample", 7 0;
v000001567f144c10_0 .var/i "i", 31 0;
v000001567f144cb0 .array "nlgn_lut", 256 0, 15 0;
o000001567f1a3278 .functor BUFZ 1, C4<z>; HiZ drive
v000001567f1f9260_0 .net "rst_n", 0 0, o000001567f1a3278;  0 drivers
v000001567f1fa020_0 .var "window_done", 0 0;
E_000001567f19dbd0/0 .event negedge, v000001567f1f9260_0;
E_000001567f19dbd0/1 .event posedge, v000001567f113050_0;
E_000001567f19dbd0 .event/or E_000001567f19dbd0/0, E_000001567f19dbd0/1;
    .scope S_000001567f112ce0;
T_0 ;
    %wait E_000001567f19dbd0;
    %load/vec4 v000001567f1f9260_0;
    %nor/r;
    %flag_set/vec4 8;
    %jmp/0xz  T_0.0, 8;
    %pushi/vec4 0, 0, 8;
    %assign/vec4 v000001567f112e70_0, 0;
    %pushi/vec4 0, 0, 1;
    %assign/vec4 v000001567f1fa020_0, 0;
    %pushi/vec4 0, 0, 32;
    %store/vec4 v000001567f144c10_0, 0, 32;
T_0.2 ;
    %load/vec4 v000001567f144c10_0;
    %cmpi/s 256, 0, 32;
    %jmp/0xz T_0.3, 5;
    %pushi/vec4 0, 0, 8;
    %ix/getv/s 3, v000001567f144c10_0;
    %ix/load 4, 0, 0; Constant delay
    %assign/vec4/a/d v000001567f144ad0, 0, 4;
    %load/vec4 v000001567f144c10_0;
    %addi 1, 0, 32;
    %store/vec4 v000001567f144c10_0, 0, 32;
    %jmp T_0.2;
T_0.3 ;
    %jmp T_0.1;
T_0.0 ;
    %pushi/vec4 0, 0, 1;
    %assign/vec4 v000001567f1fa020_0, 0;
    %load/vec4 v000001567f144a30_0;
    %flag_set/vec4 8;
    %jmp/0xz  T_0.4, 8;
    %pushi/vec4 0, 0, 8;
    %assign/vec4 v000001567f112e70_0, 0;
    %pushi/vec4 0, 0, 32;
    %store/vec4 v000001567f144c10_0, 0, 32;
T_0.6 ;
    %load/vec4 v000001567f144c10_0;
    %cmpi/s 256, 0, 32;
    %jmp/0xz T_0.7, 5;
    %pushi/vec4 0, 0, 8;
    %ix/getv/s 3, v000001567f144c10_0;
    %ix/load 4, 0, 0; Constant delay
    %assign/vec4/a/d v000001567f144ad0, 0, 4;
    %load/vec4 v000001567f144c10_0;
    %addi 1, 0, 32;
    %store/vec4 v000001567f144c10_0, 0, 32;
    %jmp T_0.6;
T_0.7 ;
    %jmp T_0.5;
T_0.4 ;
    %load/vec4 v000001567f112fb0_0;
    %flag_set/vec4 8;
    %jmp/0xz  T_0.8, 8;
    %load/vec4 v000001567f112f10_0;
    %pad/u 10;
    %ix/vec4 4;
    %load/vec4a v000001567f144ad0, 4;
    %addi 1, 0, 8;
    %load/vec4 v000001567f112f10_0;
    %pad/u 10;
    %ix/vec4 3;
    %ix/load 4, 0, 0; Constant delay
    %assign/vec4/a/d v000001567f144ad0, 0, 4;
    %load/vec4 v000001567f112e70_0;
    %addi 1, 0, 8;
    %assign/vec4 v000001567f112e70_0, 0;
    %load/vec4 v000001567f112e70_0;
    %pad/u 32;
    %cmpi/e 255, 0, 32;
    %jmp/0xz  T_0.10, 4;
    %pushi/vec4 1, 0, 1;
    %assign/vec4 v000001567f1fa020_0, 0;
    %pushi/vec4 0, 0, 8;
    %assign/vec4 v000001567f112e70_0, 0;
    %pushi/vec4 0, 0, 32;
    %store/vec4 v000001567f144c10_0, 0, 32;
T_0.12 ;
    %load/vec4 v000001567f144c10_0;
    %cmpi/s 256, 0, 32;
    %jmp/0xz T_0.13, 5;
    %pushi/vec4 0, 0, 8;
    %ix/getv/s 3, v000001567f144c10_0;
    %ix/load 4, 0, 0; Constant delay
    %assign/vec4/a/d v000001567f144ad0, 0, 4;
    %load/vec4 v000001567f144c10_0;
    %addi 1, 0, 32;
    %store/vec4 v000001567f144c10_0, 0, 32;
    %jmp T_0.12;
T_0.13 ;
T_0.10 ;
T_0.8 ;
T_0.5 ;
T_0.1 ;
    %jmp T_0;
    .thread T_0;
    .scope S_000001567f112ce0;
T_1 ;
    %pushi/vec4 0, 0, 16;
    %ix/load 4, 0, 0;
    %flag_set/imm 4, 0;
    %store/vec4a v000001567f144cb0, 4, 0;
    %pushi/vec4 1024, 0, 16;
    %ix/load 4, 1, 0;
    %flag_set/imm 4, 0;
    %store/vec4a v000001567f144cb0, 4, 0;
    %pushi/vec4 1792, 0, 16;
    %ix/load 4, 2, 0;
    %flag_set/imm 4, 0;
    %store/vec4a v000001567f144cb0, 4, 0;
    %pushi/vec4 2463, 0, 16;
    %ix/load 4, 3, 0;
    %flag_set/imm 4, 0;
    %store/vec4a v000001567f144cb0, 4, 0;
    %pushi/vec4 3072, 0, 16;
    %ix/load 4, 4, 0;
    %flag_set/imm 4, 0;
    %store/vec4a v000001567f144cb0, 4, 0;
    %pushi/vec4 3634, 0, 16;
    %ix/load 4, 5, 0;
    %flag_set/imm 4, 0;
    %store/vec4a v000001567f144cb0, 4, 0;
    %pushi/vec4 4159, 0, 16;
    %ix/load 4, 6, 0;
    %flag_set/imm 4, 0;
    %store/vec4a v000001567f144cb0, 4, 0;
    %pushi/vec4 4653, 0, 16;
    %ix/load 4, 7, 0;
    %flag_set/imm 4, 0;
    %store/vec4a v000001567f144cb0, 4, 0;
    %pushi/vec4 5120, 0, 16;
    %ix/load 4, 8, 0;
    %flag_set/imm 4, 0;
    %store/vec4a v000001567f144cb0, 4, 0;
    %pushi/vec4 5564, 0, 16;
    %ix/load 4, 9, 0;
    %flag_set/imm 4, 0;
    %store/vec4a v000001567f144cb0, 4, 0;
    %pushi/vec4 5988, 0, 16;
    %ix/load 4, 10, 0;
    %flag_set/imm 4, 0;
    %store/vec4a v000001567f144cb0, 4, 0;
    %pushi/vec4 6393, 0, 16;
    %ix/load 4, 11, 0;
    %flag_set/imm 4, 0;
    %store/vec4a v000001567f144cb0, 4, 0;
    %pushi/vec4 6781, 0, 16;
    %ix/load 4, 12, 0;
    %flag_set/imm 4, 0;
    %store/vec4a v000001567f144cb0, 4, 0;
    %pushi/vec4 7154, 0, 16;
    %ix/load 4, 13, 0;
    %flag_set/imm 4, 0;
    %store/vec4a v000001567f144cb0, 4, 0;
    %pushi/vec4 7513, 0, 16;
    %ix/load 4, 14, 0;
    %flag_set/imm 4, 0;
    %store/vec4a v000001567f144cb0, 4, 0;
    %pushi/vec4 7859, 0, 16;
    %ix/load 4, 15, 0;
    %flag_set/imm 4, 0;
    %store/vec4a v000001567f144cb0, 4, 0;
    %pushi/vec4 8192, 0, 16;
    %ix/load 4, 16, 0;
    %flag_set/imm 4, 0;
    %store/vec4a v000001567f144cb0, 4, 0;
    %pushi/vec4 8514, 0, 16;
    %ix/load 4, 17, 0;
    %flag_set/imm 4, 0;
    %store/vec4a v000001567f144cb0, 4, 0;
    %pushi/vec4 8824, 0, 16;
    %ix/load 4, 18, 0;
    %flag_set/imm 4, 0;
    %store/vec4a v000001567f144cb0, 4, 0;
    %pushi/vec4 9125, 0, 16;
    %ix/load 4, 19, 0;
    %flag_set/imm 4, 0;
    %store/vec4a v000001567f144cb0, 4, 0;
    %pushi/vec4 9416, 0, 16;
    %ix/load 4, 20, 0;
    %flag_set/imm 4, 0;
    %store/vec4a v000001567f144cb0, 4, 0;
    %pushi/vec4 9697, 0, 16;
    %ix/load 4, 21, 0;
    %flag_set/imm 4, 0;
    %store/vec4a v000001567f144cb0, 4, 0;
    %pushi/vec4 9970, 0, 16;
    %ix/load 4, 22, 0;
    %flag_set/imm 4, 0;
    %store/vec4a v000001567f144cb0, 4, 0;
    %pushi/vec4 10235, 0, 16;
    %ix/load 4, 23, 0;
    %flag_set/imm 4, 0;
    %store/vec4a v000001567f144cb0, 4, 0;
    %pushi/vec4 10491, 0, 16;
    %ix/load 4, 24, 0;
    %flag_set/imm 4, 0;
    %store/vec4a v000001567f144cb0, 4, 0;
    %pushi/vec4 10740, 0, 16;
    %ix/load 4, 25, 0;
    %flag_set/imm 4, 0;
    %store/vec4a v000001567f144cb0, 4, 0;
    %pushi/vec4 10981, 0, 16;
    %ix/load 4, 26, 0;
    %flag_set/imm 4, 0;
    %store/vec4a v000001567f144cb0, 4, 0;
    %pushi/vec4 11215, 0, 16;
    %ix/load 4, 27, 0;
    %flag_set/imm 4, 0;
    %store/vec4a v000001567f144cb0, 4, 0;
    %pushi/vec4 11442, 0, 16;
    %ix/load 4, 28, 0;
    %flag_set/imm 4, 0;
    %store/vec4a v000001567f144cb0, 4, 0;
    %pushi/vec4 11663, 0, 16;
    %ix/load 4, 29, 0;
    %flag_set/imm 4, 0;
    %store/vec4a v000001567f144cb0, 4, 0;
    %pushi/vec4 11878, 0, 16;
    %ix/load 4, 30, 0;
    %flag_set/imm 4, 0;
    %store/vec4a v000001567f144cb0, 4, 0;
    %pushi/vec4 12086, 0, 16;
    %ix/load 4, 31, 0;
    %flag_set/imm 4, 0;
    %store/vec4a v000001567f144cb0, 4, 0;
    %pushi/vec4 12288, 0, 16;
    %ix/load 4, 32, 0;
    %flag_set/imm 4, 0;
    %store/vec4a v000001567f144cb0, 4, 0;
    %pushi/vec4 12484, 0, 16;
    %ix/load 4, 33, 0;
    %flag_set/imm 4, 0;
    %store/vec4a v000001567f144cb0, 4, 0;
    %pushi/vec4 12675, 0, 16;
    %ix/load 4, 34, 0;
    %flag_set/imm 4, 0;
    %store/vec4a v000001567f144cb0, 4, 0;
    %pushi/vec4 12861, 0, 16;
    %ix/load 4, 35, 0;
    %flag_set/imm 4, 0;
    %store/vec4a v000001567f144cb0, 4, 0;
    %pushi/vec4 13041, 0, 16;
    %ix/load 4, 36, 0;
    %flag_set/imm 4, 0;
    %store/vec4a v000001567f144cb0, 4, 0;
    %pushi/vec4 13216, 0, 16;
    %ix/load 4, 37, 0;
    %flag_set/imm 4, 0;
    %store/vec4a v000001567f144cb0, 4, 0;
    %pushi/vec4 13386, 0, 16;
    %ix/load 4, 38, 0;
    %flag_set/imm 4, 0;
    %store/vec4a v000001567f144cb0, 4, 0;
    %pushi/vec4 13551, 0, 16;
    %ix/load 4, 39, 0;
    %flag_set/imm 4, 0;
    %store/vec4a v000001567f144cb0, 4, 0;
    %pushi/vec4 13712, 0, 16;
    %ix/load 4, 40, 0;
    %flag_set/imm 4, 0;
    %store/vec4a v000001567f144cb0, 4, 0;
    %pushi/vec4 13868, 0, 16;
    %ix/load 4, 41, 0;
    %flag_set/imm 4, 0;
    %store/vec4a v000001567f144cb0, 4, 0;
    %pushi/vec4 14019, 0, 16;
    %ix/load 4, 42, 0;
    %flag_set/imm 4, 0;
    %store/vec4a v000001567f144cb0, 4, 0;
    %pushi/vec4 14166, 0, 16;
    %ix/load 4, 43, 0;
    %flag_set/imm 4, 0;
    %store/vec4a v000001567f144cb0, 4, 0;
    %pushi/vec4 14308, 0, 16;
    %ix/load 4, 44, 0;
    %flag_set/imm 4, 0;
    %store/vec4a v000001567f144cb0, 4, 0;
    %pushi/vec4 14447, 0, 16;
    %ix/load 4, 45, 0;
    %flag_set/imm 4, 0;
    %store/vec4a v000001567f144cb0, 4, 0;
    %pushi/vec4 14581, 0, 16;
    %ix/load 4, 46, 0;
    %flag_set/imm 4, 0;
    %store/vec4a v000001567f144cb0, 4, 0;
    %pushi/vec4 14712, 0, 16;
    %ix/load 4, 47, 0;
    %flag_set/imm 4, 0;
    %store/vec4a v000001567f144cb0, 4, 0;
    %pushi/vec4 14838, 0, 16;
    %ix/load 4, 48, 0;
    %flag_set/imm 4, 0;
    %store/vec4a v000001567f144cb0, 4, 0;
    %pushi/vec4 14961, 0, 16;
    %ix/load 4, 49, 0;
    %flag_set/imm 4, 0;
    %store/vec4a v000001567f144cb0, 4, 0;
    %pushi/vec4 15079, 0, 16;
    %ix/load 4, 50, 0;
    %flag_set/imm 4, 0;
    %store/vec4a v000001567f144cb0, 4, 0;
    %pushi/vec4 15194, 0, 16;
    %ix/load 4, 51, 0;
    %flag_set/imm 4, 0;
    %store/vec4a v000001567f144cb0, 4, 0;
    %pushi/vec4 15306, 0, 16;
    %ix/load 4, 52, 0;
    %flag_set/imm 4, 0;
    %store/vec4a v000001567f144cb0, 4, 0;
    %pushi/vec4 15414, 0, 16;
    %ix/load 4, 53, 0;
    %flag_set/imm 4, 0;
    %store/vec4a v000001567f144cb0, 4, 0;
    %pushi/vec4 15518, 0, 16;
    %ix/load 4, 54, 0;
    %flag_set/imm 4, 0;
    %store/vec4a v000001567f144cb0, 4, 0;
    %pushi/vec4 15619, 0, 16;
    %ix/load 4, 55, 0;
    %flag_set/imm 4, 0;
    %store/vec4a v000001567f144cb0, 4, 0;
    %pushi/vec4 15717, 0, 16;
    %ix/load 4, 56, 0;
    %flag_set/imm 4, 0;
    %store/vec4a v000001567f144cb0, 4, 0;
    %pushi/vec4 15811, 0, 16;
    %ix/load 4, 57, 0;
    %flag_set/imm 4, 0;
    %store/vec4a v000001567f144cb0, 4, 0;
    %pushi/vec4 15902, 0, 16;
    %ix/load 4, 58, 0;
    %flag_set/imm 4, 0;
    %store/vec4a v000001567f144cb0, 4, 0;
    %pushi/vec4 15990, 0, 16;
    %ix/load 4, 59, 0;
    %flag_set/imm 4, 0;
    %store/vec4a v000001567f144cb0, 4, 0;
    %pushi/vec4 16075, 0, 16;
    %ix/load 4, 60, 0;
    %flag_set/imm 4, 0;
    %store/vec4a v000001567f144cb0, 4, 0;
    %pushi/vec4 16157, 0, 16;
    %ix/load 4, 61, 0;
    %flag_set/imm 4, 0;
    %store/vec4a v000001567f144cb0, 4, 0;
    %pushi/vec4 16235, 0, 16;
    %ix/load 4, 62, 0;
    %flag_set/imm 4, 0;
    %store/vec4a v000001567f144cb0, 4, 0;
    %pushi/vec4 16311, 0, 16;
    %ix/load 4, 63, 0;
    %flag_set/imm 4, 0;
    %store/vec4a v000001567f144cb0, 4, 0;
    %pushi/vec4 16384, 0, 16;
    %ix/load 4, 64, 0;
    %flag_set/imm 4, 0;
    %store/vec4a v000001567f144cb0, 4, 0;
    %pushi/vec4 16454, 0, 16;
    %ix/load 4, 65, 0;
    %flag_set/imm 4, 0;
    %store/vec4a v000001567f144cb0, 4, 0;
    %pushi/vec4 16521, 0, 16;
    %ix/load 4, 66, 0;
    %flag_set/imm 4, 0;
    %store/vec4a v000001567f144cb0, 4, 0;
    %pushi/vec4 16585, 0, 16;
    %ix/load 4, 67, 0;
    %flag_set/imm 4, 0;
    %store/vec4a v000001567f144cb0, 4, 0;
    %pushi/vec4 16647, 0, 16;
    %ix/load 4, 68, 0;
    %flag_set/imm 4, 0;
    %store/vec4a v000001567f144cb0, 4, 0;
    %pushi/vec4 16706, 0, 16;
    %ix/load 4, 69, 0;
    %flag_set/imm 4, 0;
    %store/vec4a v000001567f144cb0, 4, 0;
    %pushi/vec4 16762, 0, 16;
    %ix/load 4, 70, 0;
    %flag_set/imm 4, 0;
    %store/vec4a v000001567f144cb0, 4, 0;
    %pushi/vec4 16815, 0, 16;
    %ix/load 4, 71, 0;
    %flag_set/imm 4, 0;
    %store/vec4a v000001567f144cb0, 4, 0;
    %pushi/vec4 16866, 0, 16;
    %ix/load 4, 72, 0;
    %flag_set/imm 4, 0;
    %store/vec4a v000001567f144cb0, 4, 0;
    %pushi/vec4 16914, 0, 16;
    %ix/load 4, 73, 0;
    %flag_set/imm 4, 0;
    %store/vec4a v000001567f144cb0, 4, 0;
    %pushi/vec4 16960, 0, 16;
    %ix/load 4, 74, 0;
    %flag_set/imm 4, 0;
    %store/vec4a v000001567f144cb0, 4, 0;
    %pushi/vec4 17003, 0, 16;
    %ix/load 4, 75, 0;
    %flag_set/imm 4, 0;
    %store/vec4a v000001567f144cb0, 4, 0;
    %pushi/vec4 17044, 0, 16;
    %ix/load 4, 76, 0;
    %flag_set/imm 4, 0;
    %store/vec4a v000001567f144cb0, 4, 0;
    %pushi/vec4 17083, 0, 16;
    %ix/load 4, 77, 0;
    %flag_set/imm 4, 0;
    %store/vec4a v000001567f144cb0, 4, 0;
    %pushi/vec4 17119, 0, 16;
    %ix/load 4, 78, 0;
    %flag_set/imm 4, 0;
    %store/vec4a v000001567f144cb0, 4, 0;
    %pushi/vec4 17152, 0, 16;
    %ix/load 4, 79, 0;
    %flag_set/imm 4, 0;
    %store/vec4a v000001567f144cb0, 4, 0;
    %pushi/vec4 17183, 0, 16;
    %ix/load 4, 80, 0;
    %flag_set/imm 4, 0;
    %store/vec4a v000001567f144cb0, 4, 0;
    %pushi/vec4 17212, 0, 16;
    %ix/load 4, 81, 0;
    %flag_set/imm 4, 0;
    %store/vec4a v000001567f144cb0, 4, 0;
    %pushi/vec4 17239, 0, 16;
    %ix/load 4, 82, 0;
    %flag_set/imm 4, 0;
    %store/vec4a v000001567f144cb0, 4, 0;
    %pushi/vec4 17264, 0, 16;
    %ix/load 4, 83, 0;
    %flag_set/imm 4, 0;
    %store/vec4a v000001567f144cb0, 4, 0;
    %pushi/vec4 17286, 0, 16;
    %ix/load 4, 84, 0;
    %flag_set/imm 4, 0;
    %store/vec4a v000001567f144cb0, 4, 0;
    %pushi/vec4 17306, 0, 16;
    %ix/load 4, 85, 0;
    %flag_set/imm 4, 0;
    %store/vec4a v000001567f144cb0, 4, 0;
    %pushi/vec4 17324, 0, 16;
    %ix/load 4, 86, 0;
    %flag_set/imm 4, 0;
    %store/vec4a v000001567f144cb0, 4, 0;
    %pushi/vec4 17339, 0, 16;
    %ix/load 4, 87, 0;
    %flag_set/imm 4, 0;
    %store/vec4a v000001567f144cb0, 4, 0;
    %pushi/vec4 17353, 0, 16;
    %ix/load 4, 88, 0;
    %flag_set/imm 4, 0;
    %store/vec4a v000001567f144cb0, 4, 0;
    %pushi/vec4 17364, 0, 16;
    %ix/load 4, 89, 0;
    %flag_set/imm 4, 0;
    %store/vec4a v000001567f144cb0, 4, 0;
    %pushi/vec4 17374, 0, 16;
    %ix/load 4, 90, 0;
    %flag_set/imm 4, 0;
    %store/vec4a v000001567f144cb0, 4, 0;
    %pushi/vec4 17381, 0, 16;
    %ix/load 4, 91, 0;
    %flag_set/imm 4, 0;
    %store/vec4a v000001567f144cb0, 4, 0;
    %pushi/vec4 17387, 0, 16;
    %ix/load 4, 92, 0;
    %flag_set/imm 4, 0;
    %store/vec4a v000001567f144cb0, 4, 0;
    %pushi/vec4 17390, 0, 16;
    %ix/load 4, 93, 0;
    %flag_set/imm 4, 0;
    %store/vec4a v000001567f144cb0, 4, 0;
    %pushi/vec4 17391, 0, 16;
    %ix/load 4, 94, 0;
    %flag_set/imm 4, 0;
    %store/vec4a v000001567f144cb0, 4, 0;
    %pushi/vec4 17391, 0, 16;
    %ix/load 4, 95, 0;
    %flag_set/imm 4, 0;
    %store/vec4a v000001567f144cb0, 4, 0;
    %pushi/vec4 17388, 0, 16;
    %ix/load 4, 96, 0;
    %flag_set/imm 4, 0;
    %store/vec4a v000001567f144cb0, 4, 0;
    %pushi/vec4 17383, 0, 16;
    %ix/load 4, 97, 0;
    %flag_set/imm 4, 0;
    %store/vec4a v000001567f144cb0, 4, 0;
    %pushi/vec4 17377, 0, 16;
    %ix/load 4, 98, 0;
    %flag_set/imm 4, 0;
    %store/vec4a v000001567f144cb0, 4, 0;
    %pushi/vec4 17369, 0, 16;
    %ix/load 4, 99, 0;
    %flag_set/imm 4, 0;
    %store/vec4a v000001567f144cb0, 4, 0;
    %pushi/vec4 17359, 0, 16;
    %ix/load 4, 100, 0;
    %flag_set/imm 4, 0;
    %store/vec4a v000001567f144cb0, 4, 0;
    %pushi/vec4 17347, 0, 16;
    %ix/load 4, 101, 0;
    %flag_set/imm 4, 0;
    %store/vec4a v000001567f144cb0, 4, 0;
    %pushi/vec4 17333, 0, 16;
    %ix/load 4, 102, 0;
    %flag_set/imm 4, 0;
    %store/vec4a v000001567f144cb0, 4, 0;
    %pushi/vec4 17317, 0, 16;
    %ix/load 4, 103, 0;
    %flag_set/imm 4, 0;
    %store/vec4a v000001567f144cb0, 4, 0;
    %pushi/vec4 17300, 0, 16;
    %ix/load 4, 104, 0;
    %flag_set/imm 4, 0;
    %store/vec4a v000001567f144cb0, 4, 0;
    %pushi/vec4 17281, 0, 16;
    %ix/load 4, 105, 0;
    %flag_set/imm 4, 0;
    %store/vec4a v000001567f144cb0, 4, 0;
    %pushi/vec4 17260, 0, 16;
    %ix/load 4, 106, 0;
    %flag_set/imm 4, 0;
    %store/vec4a v000001567f144cb0, 4, 0;
    %pushi/vec4 17237, 0, 16;
    %ix/load 4, 107, 0;
    %flag_set/imm 4, 0;
    %store/vec4a v000001567f144cb0, 4, 0;
    %pushi/vec4 17212, 0, 16;
    %ix/load 4, 108, 0;
    %flag_set/imm 4, 0;
    %store/vec4a v000001567f144cb0, 4, 0;
    %pushi/vec4 17186, 0, 16;
    %ix/load 4, 109, 0;
    %flag_set/imm 4, 0;
    %store/vec4a v000001567f144cb0, 4, 0;
    %pushi/vec4 17158, 0, 16;
    %ix/load 4, 110, 0;
    %flag_set/imm 4, 0;
    %store/vec4a v000001567f144cb0, 4, 0;
    %pushi/vec4 17129, 0, 16;
    %ix/load 4, 111, 0;
    %flag_set/imm 4, 0;
    %store/vec4a v000001567f144cb0, 4, 0;
    %pushi/vec4 17098, 0, 16;
    %ix/load 4, 112, 0;
    %flag_set/imm 4, 0;
    %store/vec4a v000001567f144cb0, 4, 0;
    %pushi/vec4 17065, 0, 16;
    %ix/load 4, 113, 0;
    %flag_set/imm 4, 0;
    %store/vec4a v000001567f144cb0, 4, 0;
    %pushi/vec4 17030, 0, 16;
    %ix/load 4, 114, 0;
    %flag_set/imm 4, 0;
    %store/vec4a v000001567f144cb0, 4, 0;
    %pushi/vec4 16994, 0, 16;
    %ix/load 4, 115, 0;
    %flag_set/imm 4, 0;
    %store/vec4a v000001567f144cb0, 4, 0;
    %pushi/vec4 16957, 0, 16;
    %ix/load 4, 116, 0;
    %flag_set/imm 4, 0;
    %store/vec4a v000001567f144cb0, 4, 0;
    %pushi/vec4 16917, 0, 16;
    %ix/load 4, 117, 0;
    %flag_set/imm 4, 0;
    %store/vec4a v000001567f144cb0, 4, 0;
    %pushi/vec4 16877, 0, 16;
    %ix/load 4, 118, 0;
    %flag_set/imm 4, 0;
    %store/vec4a v000001567f144cb0, 4, 0;
    %pushi/vec4 16834, 0, 16;
    %ix/load 4, 119, 0;
    %flag_set/imm 4, 0;
    %store/vec4a v000001567f144cb0, 4, 0;
    %pushi/vec4 16790, 0, 16;
    %ix/load 4, 120, 0;
    %flag_set/imm 4, 0;
    %store/vec4a v000001567f144cb0, 4, 0;
    %pushi/vec4 16745, 0, 16;
    %ix/load 4, 121, 0;
    %flag_set/imm 4, 0;
    %store/vec4a v000001567f144cb0, 4, 0;
    %pushi/vec4 16698, 0, 16;
    %ix/load 4, 122, 0;
    %flag_set/imm 4, 0;
    %store/vec4a v000001567f144cb0, 4, 0;
    %pushi/vec4 16649, 0, 16;
    %ix/load 4, 123, 0;
    %flag_set/imm 4, 0;
    %store/vec4a v000001567f144cb0, 4, 0;
    %pushi/vec4 16599, 0, 16;
    %ix/load 4, 124, 0;
    %flag_set/imm 4, 0;
    %store/vec4a v000001567f144cb0, 4, 0;
    %pushi/vec4 16547, 0, 16;
    %ix/load 4, 125, 0;
    %flag_set/imm 4, 0;
    %store/vec4a v000001567f144cb0, 4, 0;
    %pushi/vec4 16494, 0, 16;
    %ix/load 4, 126, 0;
    %flag_set/imm 4, 0;
    %store/vec4a v000001567f144cb0, 4, 0;
    %pushi/vec4 16440, 0, 16;
    %ix/load 4, 127, 0;
    %flag_set/imm 4, 0;
    %store/vec4a v000001567f144cb0, 4, 0;
    %pushi/vec4 16384, 0, 16;
    %ix/load 4, 128, 0;
    %flag_set/imm 4, 0;
    %store/vec4a v000001567f144cb0, 4, 0;
    %pushi/vec4 16327, 0, 16;
    %ix/load 4, 129, 0;
    %flag_set/imm 4, 0;
    %store/vec4a v000001567f144cb0, 4, 0;
    %pushi/vec4 16268, 0, 16;
    %ix/load 4, 130, 0;
    %flag_set/imm 4, 0;
    %store/vec4a v000001567f144cb0, 4, 0;
    %pushi/vec4 16208, 0, 16;
    %ix/load 4, 131, 0;
    %flag_set/imm 4, 0;
    %store/vec4a v000001567f144cb0, 4, 0;
    %pushi/vec4 16146, 0, 16;
    %ix/load 4, 132, 0;
    %flag_set/imm 4, 0;
    %store/vec4a v000001567f144cb0, 4, 0;
    %pushi/vec4 16083, 0, 16;
    %ix/load 4, 133, 0;
    %flag_set/imm 4, 0;
    %store/vec4a v000001567f144cb0, 4, 0;
    %pushi/vec4 16018, 0, 16;
    %ix/load 4, 134, 0;
    %flag_set/imm 4, 0;
    %store/vec4a v000001567f144cb0, 4, 0;
    %pushi/vec4 15953, 0, 16;
    %ix/load 4, 135, 0;
    %flag_set/imm 4, 0;
    %store/vec4a v000001567f144cb0, 4, 0;
    %pushi/vec4 15885, 0, 16;
    %ix/load 4, 136, 0;
    %flag_set/imm 4, 0;
    %store/vec4a v000001567f144cb0, 4, 0;
    %pushi/vec4 15817, 0, 16;
    %ix/load 4, 137, 0;
    %flag_set/imm 4, 0;
    %store/vec4a v000001567f144cb0, 4, 0;
    %pushi/vec4 15747, 0, 16;
    %ix/load 4, 138, 0;
    %flag_set/imm 4, 0;
    %store/vec4a v000001567f144cb0, 4, 0;
    %pushi/vec4 15676, 0, 16;
    %ix/load 4, 139, 0;
    %flag_set/imm 4, 0;
    %store/vec4a v000001567f144cb0, 4, 0;
    %pushi/vec4 15603, 0, 16;
    %ix/load 4, 140, 0;
    %flag_set/imm 4, 0;
    %store/vec4a v000001567f144cb0, 4, 0;
    %pushi/vec4 15529, 0, 16;
    %ix/load 4, 141, 0;
    %flag_set/imm 4, 0;
    %store/vec4a v000001567f144cb0, 4, 0;
    %pushi/vec4 15454, 0, 16;
    %ix/load 4, 142, 0;
    %flag_set/imm 4, 0;
    %store/vec4a v000001567f144cb0, 4, 0;
    %pushi/vec4 15378, 0, 16;
    %ix/load 4, 143, 0;
    %flag_set/imm 4, 0;
    %store/vec4a v000001567f144cb0, 4, 0;
    %pushi/vec4 15300, 0, 16;
    %ix/load 4, 144, 0;
    %flag_set/imm 4, 0;
    %store/vec4a v000001567f144cb0, 4, 0;
    %pushi/vec4 15221, 0, 16;
    %ix/load 4, 145, 0;
    %flag_set/imm 4, 0;
    %store/vec4a v000001567f144cb0, 4, 0;
    %pushi/vec4 15141, 0, 16;
    %ix/load 4, 146, 0;
    %flag_set/imm 4, 0;
    %store/vec4a v000001567f144cb0, 4, 0;
    %pushi/vec4 15059, 0, 16;
    %ix/load 4, 147, 0;
    %flag_set/imm 4, 0;
    %store/vec4a v000001567f144cb0, 4, 0;
    %pushi/vec4 14976, 0, 16;
    %ix/load 4, 148, 0;
    %flag_set/imm 4, 0;
    %store/vec4a v000001567f144cb0, 4, 0;
    %pushi/vec4 14892, 0, 16;
    %ix/load 4, 149, 0;
    %flag_set/imm 4, 0;
    %store/vec4a v000001567f144cb0, 4, 0;
    %pushi/vec4 14807, 0, 16;
    %ix/load 4, 150, 0;
    %flag_set/imm 4, 0;
    %store/vec4a v000001567f144cb0, 4, 0;
    %pushi/vec4 14720, 0, 16;
    %ix/load 4, 151, 0;
    %flag_set/imm 4, 0;
    %store/vec4a v000001567f144cb0, 4, 0;
    %pushi/vec4 14632, 0, 16;
    %ix/load 4, 152, 0;
    %flag_set/imm 4, 0;
    %store/vec4a v000001567f144cb0, 4, 0;
    %pushi/vec4 14543, 0, 16;
    %ix/load 4, 153, 0;
    %flag_set/imm 4, 0;
    %store/vec4a v000001567f144cb0, 4, 0;
    %pushi/vec4 14453, 0, 16;
    %ix/load 4, 154, 0;
    %flag_set/imm 4, 0;
    %store/vec4a v000001567f144cb0, 4, 0;
    %pushi/vec4 14362, 0, 16;
    %ix/load 4, 155, 0;
    %flag_set/imm 4, 0;
    %store/vec4a v000001567f144cb0, 4, 0;
    %pushi/vec4 14269, 0, 16;
    %ix/load 4, 156, 0;
    %flag_set/imm 4, 0;
    %store/vec4a v000001567f144cb0, 4, 0;
    %pushi/vec4 14175, 0, 16;
    %ix/load 4, 157, 0;
    %flag_set/imm 4, 0;
    %store/vec4a v000001567f144cb0, 4, 0;
    %pushi/vec4 14080, 0, 16;
    %ix/load 4, 158, 0;
    %flag_set/imm 4, 0;
    %store/vec4a v000001567f144cb0, 4, 0;
    %pushi/vec4 13984, 0, 16;
    %ix/load 4, 159, 0;
    %flag_set/imm 4, 0;
    %store/vec4a v000001567f144cb0, 4, 0;
    %pushi/vec4 13887, 0, 16;
    %ix/load 4, 160, 0;
    %flag_set/imm 4, 0;
    %store/vec4a v000001567f144cb0, 4, 0;
    %pushi/vec4 13788, 0, 16;
    %ix/load 4, 161, 0;
    %flag_set/imm 4, 0;
    %store/vec4a v000001567f144cb0, 4, 0;
    %pushi/vec4 13689, 0, 16;
    %ix/load 4, 162, 0;
    %flag_set/imm 4, 0;
    %store/vec4a v000001567f144cb0, 4, 0;
    %pushi/vec4 13588, 0, 16;
    %ix/load 4, 163, 0;
    %flag_set/imm 4, 0;
    %store/vec4a v000001567f144cb0, 4, 0;
    %pushi/vec4 13486, 0, 16;
    %ix/load 4, 164, 0;
    %flag_set/imm 4, 0;
    %store/vec4a v000001567f144cb0, 4, 0;
    %pushi/vec4 13383, 0, 16;
    %ix/load 4, 165, 0;
    %flag_set/imm 4, 0;
    %store/vec4a v000001567f144cb0, 4, 0;
    %pushi/vec4 13279, 0, 16;
    %ix/load 4, 166, 0;
    %flag_set/imm 4, 0;
    %store/vec4a v000001567f144cb0, 4, 0;
    %pushi/vec4 13174, 0, 16;
    %ix/load 4, 167, 0;
    %flag_set/imm 4, 0;
    %store/vec4a v000001567f144cb0, 4, 0;
    %pushi/vec4 13068, 0, 16;
    %ix/load 4, 168, 0;
    %flag_set/imm 4, 0;
    %store/vec4a v000001567f144cb0, 4, 0;
    %pushi/vec4 12960, 0, 16;
    %ix/load 4, 169, 0;
    %flag_set/imm 4, 0;
    %store/vec4a v000001567f144cb0, 4, 0;
    %pushi/vec4 12852, 0, 16;
    %ix/load 4, 170, 0;
    %flag_set/imm 4, 0;
    %store/vec4a v000001567f144cb0, 4, 0;
    %pushi/vec4 12742, 0, 16;
    %ix/load 4, 171, 0;
    %flag_set/imm 4, 0;
    %store/vec4a v000001567f144cb0, 4, 0;
    %pushi/vec4 12631, 0, 16;
    %ix/load 4, 172, 0;
    %flag_set/imm 4, 0;
    %store/vec4a v000001567f144cb0, 4, 0;
    %pushi/vec4 12520, 0, 16;
    %ix/load 4, 173, 0;
    %flag_set/imm 4, 0;
    %store/vec4a v000001567f144cb0, 4, 0;
    %pushi/vec4 12407, 0, 16;
    %ix/load 4, 174, 0;
    %flag_set/imm 4, 0;
    %store/vec4a v000001567f144cb0, 4, 0;
    %pushi/vec4 12293, 0, 16;
    %ix/load 4, 175, 0;
    %flag_set/imm 4, 0;
    %store/vec4a v000001567f144cb0, 4, 0;
    %pushi/vec4 12178, 0, 16;
    %ix/load 4, 176, 0;
    %flag_set/imm 4, 0;
    %store/vec4a v000001567f144cb0, 4, 0;
    %pushi/vec4 12062, 0, 16;
    %ix/load 4, 177, 0;
    %flag_set/imm 4, 0;
    %store/vec4a v000001567f144cb0, 4, 0;
    %pushi/vec4 11945, 0, 16;
    %ix/load 4, 178, 0;
    %flag_set/imm 4, 0;
    %store/vec4a v000001567f144cb0, 4, 0;
    %pushi/vec4 11827, 0, 16;
    %ix/load 4, 179, 0;
    %flag_set/imm 4, 0;
    %store/vec4a v000001567f144cb0, 4, 0;
    %pushi/vec4 11708, 0, 16;
    %ix/load 4, 180, 0;
    %flag_set/imm 4, 0;
    %store/vec4a v000001567f144cb0, 4, 0;
    %pushi/vec4 11588, 0, 16;
    %ix/load 4, 181, 0;
    %flag_set/imm 4, 0;
    %store/vec4a v000001567f144cb0, 4, 0;
    %pushi/vec4 11466, 0, 16;
    %ix/load 4, 182, 0;
    %flag_set/imm 4, 0;
    %store/vec4a v000001567f144cb0, 4, 0;
    %pushi/vec4 11344, 0, 16;
    %ix/load 4, 183, 0;
    %flag_set/imm 4, 0;
    %store/vec4a v000001567f144cb0, 4, 0;
    %pushi/vec4 11221, 0, 16;
    %ix/load 4, 184, 0;
    %flag_set/imm 4, 0;
    %store/vec4a v000001567f144cb0, 4, 0;
    %pushi/vec4 11097, 0, 16;
    %ix/load 4, 185, 0;
    %flag_set/imm 4, 0;
    %store/vec4a v000001567f144cb0, 4, 0;
    %pushi/vec4 10972, 0, 16;
    %ix/load 4, 186, 0;
    %flag_set/imm 4, 0;
    %store/vec4a v000001567f144cb0, 4, 0;
    %pushi/vec4 10846, 0, 16;
    %ix/load 4, 187, 0;
    %flag_set/imm 4, 0;
    %store/vec4a v000001567f144cb0, 4, 0;
    %pushi/vec4 10718, 0, 16;
    %ix/load 4, 188, 0;
    %flag_set/imm 4, 0;
    %store/vec4a v000001567f144cb0, 4, 0;
    %pushi/vec4 10590, 0, 16;
    %ix/load 4, 189, 0;
    %flag_set/imm 4, 0;
    %store/vec4a v000001567f144cb0, 4, 0;
    %pushi/vec4 10461, 0, 16;
    %ix/load 4, 190, 0;
    %flag_set/imm 4, 0;
    %store/vec4a v000001567f144cb0, 4, 0;
    %pushi/vec4 10331, 0, 16;
    %ix/load 4, 191, 0;
    %flag_set/imm 4, 0;
    %store/vec4a v000001567f144cb0, 4, 0;
    %pushi/vec4 10200, 0, 16;
    %ix/load 4, 192, 0;
    %flag_set/imm 4, 0;
    %store/vec4a v000001567f144cb0, 4, 0;
    %pushi/vec4 10068, 0, 16;
    %ix/load 4, 193, 0;
    %flag_set/imm 4, 0;
    %store/vec4a v000001567f144cb0, 4, 0;
    %pushi/vec4 9935, 0, 16;
    %ix/load 4, 194, 0;
    %flag_set/imm 4, 0;
    %store/vec4a v000001567f144cb0, 4, 0;
    %pushi/vec4 9801, 0, 16;
    %ix/load 4, 195, 0;
    %flag_set/imm 4, 0;
    %store/vec4a v000001567f144cb0, 4, 0;
    %pushi/vec4 9666, 0, 16;
    %ix/load 4, 196, 0;
    %flag_set/imm 4, 0;
    %store/vec4a v000001567f144cb0, 4, 0;
    %pushi/vec4 9530, 0, 16;
    %ix/load 4, 197, 0;
    %flag_set/imm 4, 0;
    %store/vec4a v000001567f144cb0, 4, 0;
    %pushi/vec4 9394, 0, 16;
    %ix/load 4, 198, 0;
    %flag_set/imm 4, 0;
    %store/vec4a v000001567f144cb0, 4, 0;
    %pushi/vec4 9256, 0, 16;
    %ix/load 4, 199, 0;
    %flag_set/imm 4, 0;
    %store/vec4a v000001567f144cb0, 4, 0;
    %pushi/vec4 9117, 0, 16;
    %ix/load 4, 200, 0;
    %flag_set/imm 4, 0;
    %store/vec4a v000001567f144cb0, 4, 0;
    %pushi/vec4 8978, 0, 16;
    %ix/load 4, 201, 0;
    %flag_set/imm 4, 0;
    %store/vec4a v000001567f144cb0, 4, 0;
    %pushi/vec4 8837, 0, 16;
    %ix/load 4, 202, 0;
    %flag_set/imm 4, 0;
    %store/vec4a v000001567f144cb0, 4, 0;
    %pushi/vec4 8696, 0, 16;
    %ix/load 4, 203, 0;
    %flag_set/imm 4, 0;
    %store/vec4a v000001567f144cb0, 4, 0;
    %pushi/vec4 8554, 0, 16;
    %ix/load 4, 204, 0;
    %flag_set/imm 4, 0;
    %store/vec4a v000001567f144cb0, 4, 0;
    %pushi/vec4 8410, 0, 16;
    %ix/load 4, 205, 0;
    %flag_set/imm 4, 0;
    %store/vec4a v000001567f144cb0, 4, 0;
    %pushi/vec4 8266, 0, 16;
    %ix/load 4, 206, 0;
    %flag_set/imm 4, 0;
    %store/vec4a v000001567f144cb0, 4, 0;
    %pushi/vec4 8121, 0, 16;
    %ix/load 4, 207, 0;
    %flag_set/imm 4, 0;
    %store/vec4a v000001567f144cb0, 4, 0;
    %pushi/vec4 7975, 0, 16;
    %ix/load 4, 208, 0;
    %flag_set/imm 4, 0;
    %store/vec4a v000001567f144cb0, 4, 0;
    %pushi/vec4 7829, 0, 16;
    %ix/load 4, 209, 0;
    %flag_set/imm 4, 0;
    %store/vec4a v000001567f144cb0, 4, 0;
    %pushi/vec4 7681, 0, 16;
    %ix/load 4, 210, 0;
    %flag_set/imm 4, 0;
    %store/vec4a v000001567f144cb0, 4, 0;
    %pushi/vec4 7533, 0, 16;
    %ix/load 4, 211, 0;
    %flag_set/imm 4, 0;
    %store/vec4a v000001567f144cb0, 4, 0;
    %pushi/vec4 7383, 0, 16;
    %ix/load 4, 212, 0;
    %flag_set/imm 4, 0;
    %store/vec4a v000001567f144cb0, 4, 0;
    %pushi/vec4 7233, 0, 16;
    %ix/load 4, 213, 0;
    %flag_set/imm 4, 0;
    %store/vec4a v000001567f144cb0, 4, 0;
    %pushi/vec4 7082, 0, 16;
    %ix/load 4, 214, 0;
    %flag_set/imm 4, 0;
    %store/vec4a v000001567f144cb0, 4, 0;
    %pushi/vec4 6930, 0, 16;
    %ix/load 4, 215, 0;
    %flag_set/imm 4, 0;
    %store/vec4a v000001567f144cb0, 4, 0;
    %pushi/vec4 6777, 0, 16;
    %ix/load 4, 216, 0;
    %flag_set/imm 4, 0;
    %store/vec4a v000001567f144cb0, 4, 0;
    %pushi/vec4 6623, 0, 16;
    %ix/load 4, 217, 0;
    %flag_set/imm 4, 0;
    %store/vec4a v000001567f144cb0, 4, 0;
    %pushi/vec4 6469, 0, 16;
    %ix/load 4, 218, 0;
    %flag_set/imm 4, 0;
    %store/vec4a v000001567f144cb0, 4, 0;
    %pushi/vec4 6313, 0, 16;
    %ix/load 4, 219, 0;
    %flag_set/imm 4, 0;
    %store/vec4a v000001567f144cb0, 4, 0;
    %pushi/vec4 6157, 0, 16;
    %ix/load 4, 220, 0;
    %flag_set/imm 4, 0;
    %store/vec4a v000001567f144cb0, 4, 0;
    %pushi/vec4 6000, 0, 16;
    %ix/load 4, 221, 0;
    %flag_set/imm 4, 0;
    %store/vec4a v000001567f144cb0, 4, 0;
    %pushi/vec4 5842, 0, 16;
    %ix/load 4, 222, 0;
    %flag_set/imm 4, 0;
    %store/vec4a v000001567f144cb0, 4, 0;
    %pushi/vec4 5683, 0, 16;
    %ix/load 4, 223, 0;
    %flag_set/imm 4, 0;
    %store/vec4a v000001567f144cb0, 4, 0;
    %pushi/vec4 5524, 0, 16;
    %ix/load 4, 224, 0;
    %flag_set/imm 4, 0;
    %store/vec4a v000001567f144cb0, 4, 0;
    %pushi/vec4 5363, 0, 16;
    %ix/load 4, 225, 0;
    %flag_set/imm 4, 0;
    %store/vec4a v000001567f144cb0, 4, 0;
    %pushi/vec4 5202, 0, 16;
    %ix/load 4, 226, 0;
    %flag_set/imm 4, 0;
    %store/vec4a v000001567f144cb0, 4, 0;
    %pushi/vec4 5040, 0, 16;
    %ix/load 4, 227, 0;
    %flag_set/imm 4, 0;
    %store/vec4a v000001567f144cb0, 4, 0;
    %pushi/vec4 4877, 0, 16;
    %ix/load 4, 228, 0;
    %flag_set/imm 4, 0;
    %store/vec4a v000001567f144cb0, 4, 0;
    %pushi/vec4 4713, 0, 16;
    %ix/load 4, 229, 0;
    %flag_set/imm 4, 0;
    %store/vec4a v000001567f144cb0, 4, 0;
    %pushi/vec4 4549, 0, 16;
    %ix/load 4, 230, 0;
    %flag_set/imm 4, 0;
    %store/vec4a v000001567f144cb0, 4, 0;
    %pushi/vec4 4383, 0, 16;
    %ix/load 4, 231, 0;
    %flag_set/imm 4, 0;
    %store/vec4a v000001567f144cb0, 4, 0;
    %pushi/vec4 4217, 0, 16;
    %ix/load 4, 232, 0;
    %flag_set/imm 4, 0;
    %store/vec4a v000001567f144cb0, 4, 0;
    %pushi/vec4 4051, 0, 16;
    %ix/load 4, 233, 0;
    %flag_set/imm 4, 0;
    %store/vec4a v000001567f144cb0, 4, 0;
    %pushi/vec4 3883, 0, 16;
    %ix/load 4, 234, 0;
    %flag_set/imm 4, 0;
    %store/vec4a v000001567f144cb0, 4, 0;
    %pushi/vec4 3714, 0, 16;
    %ix/load 4, 235, 0;
    %flag_set/imm 4, 0;
    %store/vec4a v000001567f144cb0, 4, 0;
    %pushi/vec4 3545, 0, 16;
    %ix/load 4, 236, 0;
    %flag_set/imm 4, 0;
    %store/vec4a v000001567f144cb0, 4, 0;
    %pushi/vec4 3375, 0, 16;
    %ix/load 4, 237, 0;
    %flag_set/imm 4, 0;
    %store/vec4a v000001567f144cb0, 4, 0;
    %pushi/vec4 3204, 0, 16;
    %ix/load 4, 238, 0;
    %flag_set/imm 4, 0;
    %store/vec4a v000001567f144cb0, 4, 0;
    %pushi/vec4 3033, 0, 16;
    %ix/load 4, 239, 0;
    %flag_set/imm 4, 0;
    %store/vec4a v000001567f144cb0, 4, 0;
    %pushi/vec4 2860, 0, 16;
    %ix/load 4, 240, 0;
    %flag_set/imm 4, 0;
    %store/vec4a v000001567f144cb0, 4, 0;
    %pushi/vec4 2687, 0, 16;
    %ix/load 4, 241, 0;
    %flag_set/imm 4, 0;
    %store/vec4a v000001567f144cb0, 4, 0;
    %pushi/vec4 2513, 0, 16;
    %ix/load 4, 242, 0;
    %flag_set/imm 4, 0;
    %store/vec4a v000001567f144cb0, 4, 0;
    %pushi/vec4 2339, 0, 16;
    %ix/load 4, 243, 0;
    %flag_set/imm 4, 0;
    %store/vec4a v000001567f144cb0, 4, 0;
    %pushi/vec4 2163, 0, 16;
    %ix/load 4, 244, 0;
    %flag_set/imm 4, 0;
    %store/vec4a v000001567f144cb0, 4, 0;
    %pushi/vec4 1987, 0, 16;
    %ix/load 4, 245, 0;
    %flag_set/imm 4, 0;
    %store/vec4a v000001567f144cb0, 4, 0;
    %pushi/vec4 1810, 0, 16;
    %ix/load 4, 246, 0;
    %flag_set/imm 4, 0;
    %store/vec4a v000001567f144cb0, 4, 0;
    %pushi/vec4 1632, 0, 16;
    %ix/load 4, 247, 0;
    %flag_set/imm 4, 0;
    %store/vec4a v000001567f144cb0, 4, 0;
    %pushi/vec4 1454, 0, 16;
    %ix/load 4, 248, 0;
    %flag_set/imm 4, 0;
    %store/vec4a v000001567f144cb0, 4, 0;
    %pushi/vec4 1275, 0, 16;
    %ix/load 4, 249, 0;
    %flag_set/imm 4, 0;
    %store/vec4a v000001567f144cb0, 4, 0;
    %pushi/vec4 1095, 0, 16;
    %ix/load 4, 250, 0;
    %flag_set/imm 4, 0;
    %store/vec4a v000001567f144cb0, 4, 0;
    %pushi/vec4 914, 0, 16;
    %ix/load 4, 251, 0;
    %flag_set/imm 4, 0;
    %store/vec4a v000001567f144cb0, 4, 0;
    %pushi/vec4 733, 0, 16;
    %ix/load 4, 252, 0;
    %flag_set/imm 4, 0;
    %store/vec4a v000001567f144cb0, 4, 0;
    %pushi/vec4 551, 0, 16;
    %ix/load 4, 253, 0;
    %flag_set/imm 4, 0;
    %store/vec4a v000001567f144cb0, 4, 0;
    %pushi/vec4 368, 0, 16;
    %ix/load 4, 254, 0;
    %flag_set/imm 4, 0;
    %store/vec4a v000001567f144cb0, 4, 0;
    %pushi/vec4 184, 0, 16;
    %ix/load 4, 255, 0;
    %flag_set/imm 4, 0;
    %store/vec4a v000001567f144cb0, 4, 0;
    %pushi/vec4 0, 0, 16;
    %ix/load 4, 256, 0;
    %flag_set/imm 4, 0;
    %store/vec4a v000001567f144cb0, 4, 0;
    %end;
    .thread T_1;
    .scope S_000001567f112ce0;
T_2 ;
    %wait E_000001567f19dbd0;
    %load/vec4 v000001567f1f9260_0;
    %nor/r;
    %flag_set/vec4 8;
    %jmp/0xz  T_2.0, 8;
    %pushi/vec4 0, 0, 2;
    %assign/vec4 v000001567f1132b0_0, 0;
    %pushi/vec4 0, 0, 8;
    %assign/vec4 v000001567f0fb9b0_0, 0;
    %pushi/vec4 0, 0, 24;
    %assign/vec4 v000001567f144850_0, 0;
    %pushi/vec4 0, 0, 16;
    %assign/vec4 v000001567f1448f0_0, 0;
    %pushi/vec4 0, 0, 1;
    %assign/vec4 v000001567f1130f0_0, 0;
    %pushi/vec4 0, 0, 8;
    %assign/vec4 v000001567f144b70_0, 0;
    %jmp T_2.1;
T_2.0 ;
    %load/vec4 v000001567f1132b0_0;
    %dup/vec4;
    %pushi/vec4 0, 0, 2;
    %cmp/u;
    %jmp/1 T_2.2, 6;
    %dup/vec4;
    %pushi/vec4 1, 0, 2;
    %cmp/u;
    %jmp/1 T_2.3, 6;
    %dup/vec4;
    %pushi/vec4 2, 0, 2;
    %cmp/u;
    %jmp/1 T_2.4, 6;
    %pushi/vec4 0, 0, 2;
    %assign/vec4 v000001567f1132b0_0, 0;
    %jmp T_2.6;
T_2.2 ;
    %pushi/vec4 0, 0, 1;
    %assign/vec4 v000001567f1130f0_0, 0;
    %load/vec4 v000001567f1fa020_0;
    %flag_set/vec4 8;
    %jmp/0xz  T_2.7, 8;
    %pushi/vec4 0, 0, 8;
    %assign/vec4 v000001567f0fb9b0_0, 0;
    %pushi/vec4 0, 0, 24;
    %assign/vec4 v000001567f144850_0, 0;
    %pushi/vec4 1, 0, 2;
    %assign/vec4 v000001567f1132b0_0, 0;
T_2.7 ;
    %jmp T_2.6;
T_2.3 ;
    %load/vec4 v000001567f0fb9b0_0;
    %pad/u 10;
    %ix/vec4 4;
    %load/vec4a v000001567f144ad0, 4;
    %assign/vec4 v000001567f144b70_0, 0;
    %load/vec4 v000001567f144850_0;
    %load/vec4 v000001567f0fb9b0_0;
    %pad/u 10;
    %ix/vec4 5;
    %load/vec4a v000001567f144ad0, 5;
    %pad/u 10;
    %ix/vec4 4;
    %load/vec4a v000001567f144cb0, 4;
    %pad/u 24;
    %add;
    %assign/vec4 v000001567f144850_0, 0;
    %load/vec4 v000001567f0fb9b0_0;
    %cmpi/e 255, 0, 8;
    %jmp/0xz  T_2.9, 4;
    %pushi/vec4 2, 0, 2;
    %assign/vec4 v000001567f1132b0_0, 0;
    %jmp T_2.10;
T_2.9 ;
    %load/vec4 v000001567f0fb9b0_0;
    %addi 1, 0, 8;
    %assign/vec4 v000001567f0fb9b0_0, 0;
T_2.10 ;
    %jmp T_2.6;
T_2.4 ;
    %load/vec4 v000001567f144850_0;
    %parti/s 16, 8, 5;
    %assign/vec4 v000001567f1448f0_0, 0;
    %pushi/vec4 57344, 0, 16;
    %load/vec4 v000001567f144850_0;
    %parti/s 16, 8, 5;
    %cmp/u;
    %flag_get/vec4 4;
    %flag_get/vec4 5;
    %or;
    %assign/vec4 v000001567f1130f0_0, 0;
    %pushi/vec4 0, 0, 2;
    %assign/vec4 v000001567f1132b0_0, 0;
    %jmp T_2.6;
T_2.6 ;
    %pop/vec4 1;
T_2.1 ;
    %jmp T_2;
    .thread T_2;
# The file index is used to find the file name in the following table.
:file_names 3;
    "N/A";
    "<interactive>";
    "entropy_calc.v";
