#! /c/Source/iverilog-install/bin/vvp
:ivl_version "12.0 (devel)" "(s20150603-1539-g2693dd32b)";
:ivl_delay_selection "TYPICAL";
:vpi_time_precision - 12;
:vpi_module "C:\iverilog\lib\ivl\system.vpi";
:vpi_module "C:\iverilog\lib\ivl\vhdl_sys.vpi";
:vpi_module "C:\iverilog\lib\ivl\vhdl_textio.vpi";
:vpi_module "C:\iverilog\lib\ivl\v2005_math.vpi";
:vpi_module "C:\iverilog\lib\ivl\va_math.vpi";
S_0000014cbc0abf40 .scope module, "tb_pkt_parser" "tb_pkt_parser" 2 3;
 .timescale -9 -12;
v0000014cbc112d30_0 .var "byte_in", 7 0;
v0000014cbc112650_0 .var "byte_valid", 0 0;
v0000014cbc1126f0_0 .var "clk", 0 0;
v0000014cbc112830_0 .net "dst_ip", 31 0, v0000014cbc0aa640_0;  1 drivers
v0000014cbc112c90_0 .net "dst_port", 15 0, v0000014cbc0ba530_0;  1 drivers
v0000014cbc112e70_0 .var "frame_end", 0 0;
v0000014cbc112fb0_0 .var "frame_start", 0 0;
v0000014cbc113050_0 .net "hdr_valid", 0 0, v0000014cbc082c00_0;  1 drivers
v0000014cbc113700_0 .net "is_ack", 0 0, v0000014cbc112290_0;  1 drivers
v0000014cbc113d40_0 .net "is_arp_reply", 0 0, v0000014cbc112a10_0;  1 drivers
v0000014cbc114380_0 .net "is_fin", 0 0, v0000014cbc112330_0;  1 drivers
v0000014cbc114e20_0 .net "is_rst", 0 0, v0000014cbc1121f0_0;  1 drivers
v0000014cbc114600_0 .net "is_syn", 0 0, v0000014cbc112bf0_0;  1 drivers
v0000014cbc113de0_0 .net "is_syn_ack", 0 0, v0000014cbc1123d0_0;  1 drivers
v0000014cbc114880_0 .net "payload_byte", 7 0, v0000014cbc112970_0;  1 drivers
v0000014cbc114ec0_0 .net "payload_end", 0 0, v0000014cbc112470_0;  1 drivers
v0000014cbc114f60_0 .net "payload_start", 0 0, v0000014cbc112ab0_0;  1 drivers
v0000014cbc1144c0_0 .net "payload_valid", 0 0, v0000014cbc112790_0;  1 drivers
v0000014cbc1133e0_0 .net "protocol", 7 0, v0000014cbc1128d0_0;  1 drivers
v0000014cbc113e80_0 .var "rst_n", 0 0;
v0000014cbc113480_0 .net "src_ip", 31 0, v0000014cbc1125b0_0;  1 drivers
v0000014cbc113160_0 .net "src_port", 15 0, v0000014cbc112f10_0;  1 drivers
S_0000014cbc0aad40 .scope task, "end_frame" "end_frame" 2 80, 2 80 0, S_0000014cbc0abf40;
 .timescale -9 -12;
E_0000014cbc0b0590 .event posedge, v0000014cbc064f40_0;
TD_tb_pkt_parser.end_frame ;
    %wait E_0000014cbc0b0590;
    %pushi/vec4 1, 0, 1;
    %assign/vec4 v0000014cbc112e70_0, 0;
    %wait E_0000014cbc0b0590;
    %pushi/vec4 0, 0, 1;
    %assign/vec4 v0000014cbc112e70_0, 0;
    %end;
S_0000014cbc0a44e0 .scope task, "send_byte" "send_byte" 2 58, 2 58 0, S_0000014cbc0abf40;
 .timescale -9 -12;
v0000014cbc0a4670_0 .var "b", 7 0;
TD_tb_pkt_parser.send_byte ;
    %wait E_0000014cbc0b0590;
    %load/vec4 v0000014cbc0a4670_0;
    %assign/vec4 v0000014cbc112d30_0, 0;
    %pushi/vec4 1, 0, 1;
    %assign/vec4 v0000014cbc112650_0, 0;
    %wait E_0000014cbc0b0590;
    %pushi/vec4 0, 0, 1;
    %assign/vec4 v0000014cbc112650_0, 0;
    %end;
S_0000014cbc0ba3a0 .scope task, "start_frame" "start_frame" 2 71, 2 71 0, S_0000014cbc0abf40;
 .timescale -9 -12;
TD_tb_pkt_parser.start_frame ;
    %wait E_0000014cbc0b0590;
    %pushi/vec4 1, 0, 1;
    %assign/vec4 v0000014cbc112fb0_0, 0;
    %wait E_0000014cbc0b0590;
    %pushi/vec4 0, 0, 1;
    %assign/vec4 v0000014cbc112fb0_0, 0;
    %end;
S_0000014cbc0a4d50 .scope module, "u_dut" "pkt_header_parser" 2 25, 3 8 0, S_0000014cbc0abf40;
 .timescale 0 0;
    .port_info 0 /INPUT 1 "clk";
    .port_info 1 /INPUT 1 "rst_n";
    .port_info 2 /INPUT 8 "byte_in";
    .port_info 3 /INPUT 1 "byte_valid";
    .port_info 4 /INPUT 1 "frame_start";
    .port_info 5 /INPUT 1 "frame_end";
    .port_info 6 /OUTPUT 32 "src_ip";
    .port_info 7 /OUTPUT 32 "dst_ip";
    .port_info 8 /OUTPUT 16 "src_port";
    .port_info 9 /OUTPUT 16 "dst_port";
    .port_info 10 /OUTPUT 8 "protocol";
    .port_info 11 /OUTPUT 1 "is_syn";
    .port_info 12 /OUTPUT 1 "is_syn_ack";
    .port_info 13 /OUTPUT 1 "is_ack";
    .port_info 14 /OUTPUT 1 "is_fin";
    .port_info 15 /OUTPUT 1 "is_rst";
    .port_info 16 /OUTPUT 1 "is_arp_reply";
    .port_info 17 /OUTPUT 8 "payload_byte";
    .port_info 18 /OUTPUT 1 "payload_valid";
    .port_info 19 /OUTPUT 1 "payload_start";
    .port_info 20 /OUTPUT 1 "payload_end";
    .port_info 21 /OUTPUT 1 "hdr_valid";
P_0000014cbc05b840 .param/l "S_ARP_HDR" 1 3 111, C4<0101>;
P_0000014cbc05b878 .param/l "S_ETH_HDR" 1 3 107, C4<0001>;
P_0000014cbc05b8b0 .param/l "S_IDLE" 1 3 106, C4<0000>;
P_0000014cbc05b8e8 .param/l "S_IP_HDR" 1 3 108, C4<0010>;
P_0000014cbc05b920 .param/l "S_PAYLOAD" 1 3 112, C4<0110>;
P_0000014cbc05b958 .param/l "S_SKIP" 1 3 113, C4<0111>;
P_0000014cbc05b990 .param/l "S_TCP_HDR" 1 3 109, C4<0011>;
P_0000014cbc05b9c8 .param/l "S_UDP_HDR" 1 3 110, C4<0100>;
v0000014cbc01b8c0_0 .var "byte_count", 7 0;
v0000014cbc033360_0 .net "byte_in", 7 0, v0000014cbc112d30_0;  1 drivers
v0000014cbc0b9880_0 .net "byte_valid", 0 0, v0000014cbc112650_0;  1 drivers
v0000014cbc064f40_0 .net "clk", 0 0, v0000014cbc1126f0_0;  1 drivers
v0000014cbc0aa640_0 .var "dst_ip", 31 0;
v0000014cbc0ba530_0 .var "dst_port", 15 0;
v0000014cbc0a4ee0_0 .var "ethertype", 15 0;
v0000014cbc0a4f80_0 .net "frame_end", 0 0, v0000014cbc112e70_0;  1 drivers
v0000014cbc082b60_0 .net "frame_start", 0 0, v0000014cbc112fb0_0;  1 drivers
v0000014cbc082c00_0 .var "hdr_valid", 0 0;
v0000014cbc082ca0_0 .var "ihl_bytes", 7 0;
v0000014cbc082d40_0 .var "ip_hdr_remaining", 7 0;
v0000014cbc112290_0 .var "is_ack", 0 0;
v0000014cbc112a10_0 .var "is_arp_reply", 0 0;
v0000014cbc112330_0 .var "is_fin", 0 0;
v0000014cbc1121f0_0 .var "is_rst", 0 0;
v0000014cbc112bf0_0 .var "is_syn", 0 0;
v0000014cbc1123d0_0 .var "is_syn_ack", 0 0;
v0000014cbc112970_0 .var "payload_byte", 7 0;
v0000014cbc112470_0 .var "payload_end", 0 0;
v0000014cbc112ab0_0 .var "payload_start", 0 0;
v0000014cbc112790_0 .var "payload_valid", 0 0;
v0000014cbc1128d0_0 .var "protocol", 7 0;
v0000014cbc112510_0 .net "rst_n", 0 0, v0000014cbc113e80_0;  1 drivers
v0000014cbc1125b0_0 .var "src_ip", 31 0;
v0000014cbc112f10_0 .var "src_port", 15 0;
v0000014cbc112dd0_0 .var "state", 3 0;
v0000014cbc112b50_0 .var "tcp_data_offset_bytes", 7 0;
v0000014cbc112150_0 .var "tcp_hdr_remaining", 7 0;
E_0000014cbc0b0510/0 .event negedge, v0000014cbc112510_0;
E_0000014cbc0b0510/1 .event posedge, v0000014cbc064f40_0;
E_0000014cbc0b0510 .event/or E_0000014cbc0b0510/0, E_0000014cbc0b0510/1;
    .scope S_0000014cbc0a4d50;
T_3 ;
    %wait E_0000014cbc0b0510;
    %load/vec4 v0000014cbc112510_0;
    %nor/r;
    %flag_set/vec4 8;
    %jmp/0xz  T_3.0, 8;
    %pushi/vec4 0, 0, 4;
    %assign/vec4 v0000014cbc112dd0_0, 0;
    %pushi/vec4 0, 0, 8;
    %assign/vec4 v0000014cbc01b8c0_0, 0;
    %pushi/vec4 0, 0, 16;
    %assign/vec4 v0000014cbc0a4ee0_0, 0;
    %pushi/vec4 0, 0, 8;
    %assign/vec4 v0000014cbc082ca0_0, 0;
    %pushi/vec4 0, 0, 8;
    %assign/vec4 v0000014cbc082d40_0, 0;
    %pushi/vec4 0, 0, 8;
    %assign/vec4 v0000014cbc112b50_0, 0;
    %pushi/vec4 0, 0, 8;
    %assign/vec4 v0000014cbc112150_0, 0;
    %pushi/vec4 0, 0, 32;
    %assign/vec4 v0000014cbc1125b0_0, 0;
    %pushi/vec4 0, 0, 32;
    %assign/vec4 v0000014cbc0aa640_0, 0;
    %pushi/vec4 0, 0, 16;
    %assign/vec4 v0000014cbc112f10_0, 0;
    %pushi/vec4 0, 0, 16;
    %assign/vec4 v0000014cbc0ba530_0, 0;
    %pushi/vec4 0, 0, 8;
    %assign/vec4 v0000014cbc1128d0_0, 0;
    %pushi/vec4 0, 0, 1;
    %assign/vec4 v0000014cbc112bf0_0, 0;
    %pushi/vec4 0, 0, 1;
    %assign/vec4 v0000014cbc1123d0_0, 0;
    %pushi/vec4 0, 0, 1;
    %assign/vec4 v0000014cbc112290_0, 0;
    %pushi/vec4 0, 0, 1;
    %assign/vec4 v0000014cbc112330_0, 0;
    %pushi/vec4 0, 0, 1;
    %assign/vec4 v0000014cbc1121f0_0, 0;
    %pushi/vec4 0, 0, 1;
    %assign/vec4 v0000014cbc112a10_0, 0;
    %pushi/vec4 0, 0, 8;
    %assign/vec4 v0000014cbc112970_0, 0;
    %pushi/vec4 0, 0, 1;
    %assign/vec4 v0000014cbc112790_0, 0;
    %pushi/vec4 0, 0, 1;
    %assign/vec4 v0000014cbc112ab0_0, 0;
    %pushi/vec4 0, 0, 1;
    %assign/vec4 v0000014cbc112470_0, 0;
    %pushi/vec4 0, 0, 1;
    %assign/vec4 v0000014cbc082c00_0, 0;
    %jmp T_3.1;
T_3.0 ;
    %pushi/vec4 0, 0, 1;
    %assign/vec4 v0000014cbc112790_0, 0;
    %pushi/vec4 0, 0, 1;
    %assign/vec4 v0000014cbc112ab0_0, 0;
    %pushi/vec4 0, 0, 1;
    %assign/vec4 v0000014cbc112470_0, 0;
    %pushi/vec4 0, 0, 1;
    %assign/vec4 v0000014cbc082c00_0, 0;
    %load/vec4 v0000014cbc082b60_0;
    %flag_set/vec4 8;
    %jmp/0xz  T_3.2, 8;
    %pushi/vec4 1, 0, 4;
    %assign/vec4 v0000014cbc112dd0_0, 0;
    %pushi/vec4 0, 0, 8;
    %assign/vec4 v0000014cbc01b8c0_0, 0;
    %pushi/vec4 0, 0, 32;
    %assign/vec4 v0000014cbc1125b0_0, 0;
    %pushi/vec4 0, 0, 32;
    %assign/vec4 v0000014cbc0aa640_0, 0;
    %pushi/vec4 0, 0, 16;
    %assign/vec4 v0000014cbc112f10_0, 0;
    %pushi/vec4 0, 0, 16;
    %assign/vec4 v0000014cbc0ba530_0, 0;
    %pushi/vec4 0, 0, 8;
    %assign/vec4 v0000014cbc1128d0_0, 0;
    %pushi/vec4 0, 0, 1;
    %assign/vec4 v0000014cbc112bf0_0, 0;
    %pushi/vec4 0, 0, 1;
    %assign/vec4 v0000014cbc1123d0_0, 0;
    %pushi/vec4 0, 0, 1;
    %assign/vec4 v0000014cbc112290_0, 0;
    %pushi/vec4 0, 0, 1;
    %assign/vec4 v0000014cbc112330_0, 0;
    %pushi/vec4 0, 0, 1;
    %assign/vec4 v0000014cbc1121f0_0, 0;
    %pushi/vec4 0, 0, 1;
    %assign/vec4 v0000014cbc112a10_0, 0;
    %jmp T_3.3;
T_3.2 ;
    %load/vec4 v0000014cbc0a4f80_0;
    %flag_set/vec4 8;
    %jmp/0xz  T_3.4, 8;
    %pushi/vec4 1, 0, 1;
    %assign/vec4 v0000014cbc112470_0, 0;
    %pushi/vec4 0, 0, 4;
    %assign/vec4 v0000014cbc112dd0_0, 0;
    %jmp T_3.5;
T_3.4 ;
    %load/vec4 v0000014cbc0b9880_0;
    %flag_set/vec4 8;
    %jmp/0xz  T_3.6, 8;
    %load/vec4 v0000014cbc112dd0_0;
    %dup/vec4;
    %pushi/vec4 1, 0, 4;
    %cmp/u;
    %jmp/1 T_3.8, 6;
    %dup/vec4;
    %pushi/vec4 2, 0, 4;
    %cmp/u;
    %jmp/1 T_3.9, 6;
    %dup/vec4;
    %pushi/vec4 3, 0, 4;
    %cmp/u;
    %jmp/1 T_3.10, 6;
    %dup/vec4;
    %pushi/vec4 4, 0, 4;
    %cmp/u;
    %jmp/1 T_3.11, 6;
    %dup/vec4;
    %pushi/vec4 5, 0, 4;
    %cmp/u;
    %jmp/1 T_3.12, 6;
    %dup/vec4;
    %pushi/vec4 6, 0, 4;
    %cmp/u;
    %jmp/1 T_3.13, 6;
    %dup/vec4;
    %pushi/vec4 7, 0, 4;
    %cmp/u;
    %jmp/1 T_3.14, 6;
    %pushi/vec4 0, 0, 4;
    %assign/vec4 v0000014cbc112dd0_0, 0;
    %jmp T_3.16;
T_3.8 ;
    %load/vec4 v0000014cbc01b8c0_0;
    %dup/vec4;
    %pushi/vec4 12, 0, 8;
    %cmp/u;
    %jmp/1 T_3.17, 6;
    %dup/vec4;
    %pushi/vec4 13, 0, 8;
    %cmp/u;
    %jmp/1 T_3.18, 6;
    %load/vec4 v0000014cbc01b8c0_0;
    %addi 1, 0, 8;
    %assign/vec4 v0000014cbc01b8c0_0, 0;
    %jmp T_3.20;
T_3.17 ;
    %load/vec4 v0000014cbc033360_0;
    %ix/load 4, 8, 0;
    %ix/load 5, 0, 0;
    %flag_set/imm 4, 0;
    %assign/vec4/off/d v0000014cbc0a4ee0_0, 4, 5;
    %jmp T_3.20;
T_3.18 ;
    %load/vec4 v0000014cbc033360_0;
    %ix/load 4, 0, 0;
    %ix/load 5, 0, 0;
    %flag_set/imm 4, 0;
    %assign/vec4/off/d v0000014cbc0a4ee0_0, 4, 5;
    %pushi/vec4 0, 0, 8;
    %assign/vec4 v0000014cbc01b8c0_0, 0;
    %load/vec4 v0000014cbc0a4ee0_0;
    %parti/s 8, 8, 5;
    %load/vec4 v0000014cbc033360_0;
    %concat/vec4; draw_concat_vec4
    %dup/vec4;
    %pushi/vec4 2048, 0, 16;
    %cmp/u;
    %jmp/1 T_3.21, 6;
    %dup/vec4;
    %pushi/vec4 2054, 0, 16;
    %cmp/u;
    %jmp/1 T_3.22, 6;
    %pushi/vec4 7, 0, 4;
    %assign/vec4 v0000014cbc112dd0_0, 0;
    %jmp T_3.24;
T_3.21 ;
    %pushi/vec4 2, 0, 4;
    %assign/vec4 v0000014cbc112dd0_0, 0;
    %jmp T_3.24;
T_3.22 ;
    %pushi/vec4 5, 0, 4;
    %assign/vec4 v0000014cbc112dd0_0, 0;
    %jmp T_3.24;
T_3.24 ;
    %pop/vec4 1;
    %jmp T_3.20;
T_3.20 ;
    %pop/vec4 1;
    %load/vec4 v0000014cbc01b8c0_0;
    %cmpi/ne 13, 0, 8;
    %jmp/0xz  T_3.25, 4;
    %load/vec4 v0000014cbc01b8c0_0;
    %addi 1, 0, 8;
    %assign/vec4 v0000014cbc01b8c0_0, 0;
T_3.25 ;
    %jmp T_3.16;
T_3.9 ;
    %load/vec4 v0000014cbc01b8c0_0;
    %dup/vec4;
    %pushi/vec4 0, 0, 8;
    %cmp/u;
    %jmp/1 T_3.27, 6;
    %dup/vec4;
    %pushi/vec4 9, 0, 8;
    %cmp/u;
    %jmp/1 T_3.28, 6;
    %dup/vec4;
    %pushi/vec4 12, 0, 8;
    %cmp/u;
    %jmp/1 T_3.29, 6;
    %dup/vec4;
    %pushi/vec4 13, 0, 8;
    %cmp/u;
    %jmp/1 T_3.30, 6;
    %dup/vec4;
    %pushi/vec4 14, 0, 8;
    %cmp/u;
    %jmp/1 T_3.31, 6;
    %dup/vec4;
    %pushi/vec4 15, 0, 8;
    %cmp/u;
    %jmp/1 T_3.32, 6;
    %dup/vec4;
    %pushi/vec4 16, 0, 8;
    %cmp/u;
    %jmp/1 T_3.33, 6;
    %dup/vec4;
    %pushi/vec4 17, 0, 8;
    %cmp/u;
    %jmp/1 T_3.34, 6;
    %dup/vec4;
    %pushi/vec4 18, 0, 8;
    %cmp/u;
    %jmp/1 T_3.35, 6;
    %dup/vec4;
    %pushi/vec4 19, 0, 8;
    %cmp/u;
    %jmp/1 T_3.36, 6;
    %jmp T_3.37;
T_3.27 ;
    %load/vec4 v0000014cbc033360_0;
    %parti/s 4, 0, 2;
    %concati/vec4 0, 0, 2;
    %pad/u 8;
    %assign/vec4 v0000014cbc082ca0_0, 0;
    %load/vec4 v0000014cbc033360_0;
    %parti/s 4, 0, 2;
    %concati/vec4 0, 0, 2;
    %pad/u 8;
    %subi 1, 0, 8;
    %assign/vec4 v0000014cbc082d40_0, 0;
    %jmp T_3.37;
T_3.28 ;
    %load/vec4 v0000014cbc033360_0;
    %assign/vec4 v0000014cbc1128d0_0, 0;
    %jmp T_3.37;
T_3.29 ;
    %load/vec4 v0000014cbc033360_0;
    %ix/load 4, 24, 0;
    %ix/load 5, 0, 0;
    %flag_set/imm 4, 0;
    %assign/vec4/off/d v0000014cbc1125b0_0, 4, 5;
    %jmp T_3.37;
T_3.30 ;
    %load/vec4 v0000014cbc033360_0;
    %ix/load 4, 16, 0;
    %ix/load 5, 0, 0;
    %flag_set/imm 4, 0;
    %assign/vec4/off/d v0000014cbc1125b0_0, 4, 5;
    %jmp T_3.37;
T_3.31 ;
    %load/vec4 v0000014cbc033360_0;
    %ix/load 4, 8, 0;
    %ix/load 5, 0, 0;
    %flag_set/imm 4, 0;
    %assign/vec4/off/d v0000014cbc1125b0_0, 4, 5;
    %jmp T_3.37;
T_3.32 ;
    %load/vec4 v0000014cbc033360_0;
    %ix/load 4, 0, 0;
    %ix/load 5, 0, 0;
    %flag_set/imm 4, 0;
    %assign/vec4/off/d v0000014cbc1125b0_0, 4, 5;
    %jmp T_3.37;
T_3.33 ;
    %load/vec4 v0000014cbc033360_0;
    %ix/load 4, 24, 0;
    %ix/load 5, 0, 0;
    %flag_set/imm 4, 0;
    %assign/vec4/off/d v0000014cbc0aa640_0, 4, 5;
    %jmp T_3.37;
T_3.34 ;
    %load/vec4 v0000014cbc033360_0;
    %ix/load 4, 16, 0;
    %ix/load 5, 0, 0;
    %flag_set/imm 4, 0;
    %assign/vec4/off/d v0000014cbc0aa640_0, 4, 5;
    %jmp T_3.37;
T_3.35 ;
    %load/vec4 v0000014cbc033360_0;
    %ix/load 4, 8, 0;
    %ix/load 5, 0, 0;
    %flag_set/imm 4, 0;
    %assign/vec4/off/d v0000014cbc0aa640_0, 4, 5;
    %jmp T_3.37;
T_3.36 ;
    %load/vec4 v0000014cbc033360_0;
    %ix/load 4, 0, 0;
    %ix/load 5, 0, 0;
    %flag_set/imm 4, 0;
    %assign/vec4/off/d v0000014cbc0aa640_0, 4, 5;
    %jmp T_3.37;
T_3.37 ;
    %pop/vec4 1;
    %load/vec4 v0000014cbc01b8c0_0;
    %pad/u 32;
    %load/vec4 v0000014cbc082ca0_0;
    %pad/u 32;
    %subi 1, 0, 32;
    %cmp/e;
    %jmp/0xz  T_3.38, 4;
    %pushi/vec4 0, 0, 8;
    %assign/vec4 v0000014cbc01b8c0_0, 0;
    %load/vec4 v0000014cbc1128d0_0;
    %dup/vec4;
    %pushi/vec4 6, 0, 8;
    %cmp/u;
    %jmp/1 T_3.40, 6;
    %dup/vec4;
    %pushi/vec4 17, 0, 8;
    %cmp/u;
    %jmp/1 T_3.41, 6;
    %pushi/vec4 7, 0, 4;
    %assign/vec4 v0000014cbc112dd0_0, 0;
    %jmp T_3.43;
T_3.40 ;
    %pushi/vec4 3, 0, 4;
    %assign/vec4 v0000014cbc112dd0_0, 0;
    %jmp T_3.43;
T_3.41 ;
    %pushi/vec4 4, 0, 4;
    %assign/vec4 v0000014cbc112dd0_0, 0;
    %jmp T_3.43;
T_3.43 ;
    %pop/vec4 1;
    %jmp T_3.39;
T_3.38 ;
    %load/vec4 v0000014cbc01b8c0_0;
    %addi 1, 0, 8;
    %assign/vec4 v0000014cbc01b8c0_0, 0;
T_3.39 ;
    %jmp T_3.16;
T_3.10 ;
    %load/vec4 v0000014cbc01b8c0_0;
    %dup/vec4;
    %pushi/vec4 0, 0, 8;
    %cmp/u;
    %jmp/1 T_3.44, 6;
    %dup/vec4;
    %pushi/vec4 1, 0, 8;
    %cmp/u;
    %jmp/1 T_3.45, 6;
    %dup/vec4;
    %pushi/vec4 2, 0, 8;
    %cmp/u;
    %jmp/1 T_3.46, 6;
    %dup/vec4;
    %pushi/vec4 3, 0, 8;
    %cmp/u;
    %jmp/1 T_3.47, 6;
    %dup/vec4;
    %pushi/vec4 12, 0, 8;
    %cmp/u;
    %jmp/1 T_3.48, 6;
    %dup/vec4;
    %pushi/vec4 13, 0, 8;
    %cmp/u;
    %jmp/1 T_3.49, 6;
    %jmp T_3.50;
T_3.44 ;
    %load/vec4 v0000014cbc033360_0;
    %ix/load 4, 8, 0;
    %ix/load 5, 0, 0;
    %flag_set/imm 4, 0;
    %assign/vec4/off/d v0000014cbc112f10_0, 4, 5;
    %jmp T_3.50;
T_3.45 ;
    %load/vec4 v0000014cbc033360_0;
    %ix/load 4, 0, 0;
    %ix/load 5, 0, 0;
    %flag_set/imm 4, 0;
    %assign/vec4/off/d v0000014cbc112f10_0, 4, 5;
    %jmp T_3.50;
T_3.46 ;
    %load/vec4 v0000014cbc033360_0;
    %ix/load 4, 8, 0;
    %ix/load 5, 0, 0;
    %flag_set/imm 4, 0;
    %assign/vec4/off/d v0000014cbc0ba530_0, 4, 5;
    %jmp T_3.50;
T_3.47 ;
    %load/vec4 v0000014cbc033360_0;
    %ix/load 4, 0, 0;
    %ix/load 5, 0, 0;
    %flag_set/imm 4, 0;
    %assign/vec4/off/d v0000014cbc0ba530_0, 4, 5;
    %jmp T_3.50;
T_3.48 ;
    %load/vec4 v0000014cbc033360_0;
    %parti/s 4, 4, 4;
    %concati/vec4 0, 0, 2;
    %pad/u 8;
    %assign/vec4 v0000014cbc112b50_0, 0;
    %load/vec4 v0000014cbc033360_0;
    %parti/s 4, 4, 4;
    %concati/vec4 0, 0, 2;
    %pad/u 8;
    %subi 1, 0, 8;
    %assign/vec4 v0000014cbc112150_0, 0;
    %jmp T_3.50;
T_3.49 ;
    %load/vec4 v0000014cbc033360_0;
    %parti/s 1, 0, 2;
    %assign/vec4 v0000014cbc112330_0, 0;
    %load/vec4 v0000014cbc033360_0;
    %parti/s 1, 1, 2;
    %assign/vec4 v0000014cbc112bf0_0, 0;
    %load/vec4 v0000014cbc033360_0;
    %parti/s 1, 2, 3;
    %assign/vec4 v0000014cbc1121f0_0, 0;
    %load/vec4 v0000014cbc033360_0;
    %parti/s 1, 4, 4;
    %assign/vec4 v0000014cbc112290_0, 0;
    %load/vec4 v0000014cbc033360_0;
    %parti/s 1, 1, 2;
    %load/vec4 v0000014cbc033360_0;
    %parti/s 1, 4, 4;
    %and;
    %assign/vec4 v0000014cbc1123d0_0, 0;
    %jmp T_3.50;
T_3.50 ;
    %pop/vec4 1;
    %load/vec4 v0000014cbc01b8c0_0;
    %cmpi/e 19, 0, 8;
    %jmp/0xz  T_3.51, 4;
    %pushi/vec4 0, 0, 8;
    %assign/vec4 v0000014cbc01b8c0_0, 0;
    %pushi/vec4 1, 0, 1;
    %assign/vec4 v0000014cbc082c00_0, 0;
    %pushi/vec4 1, 0, 1;
    %assign/vec4 v0000014cbc112ab0_0, 0;
    %pushi/vec4 6, 0, 4;
    %assign/vec4 v0000014cbc112dd0_0, 0;
    %jmp T_3.52;
T_3.51 ;
    %load/vec4 v0000014cbc01b8c0_0;
    %addi 1, 0, 8;
    %assign/vec4 v0000014cbc01b8c0_0, 0;
T_3.52 ;
    %jmp T_3.16;
T_3.11 ;
    %load/vec4 v0000014cbc01b8c0_0;
    %dup/vec4;
    %pushi/vec4 0, 0, 8;
    %cmp/u;
    %jmp/1 T_3.53, 6;
    %dup/vec4;
    %pushi/vec4 1, 0, 8;
    %cmp/u;
    %jmp/1 T_3.54, 6;
    %dup/vec4;
    %pushi/vec4 2, 0, 8;
    %cmp/u;
    %jmp/1 T_3.55, 6;
    %dup/vec4;
    %pushi/vec4 3, 0, 8;
    %cmp/u;
    %jmp/1 T_3.56, 6;
    %dup/vec4;
    %pushi/vec4 7, 0, 8;
    %cmp/u;
    %jmp/1 T_3.57, 6;
    %jmp T_3.58;
T_3.53 ;
    %load/vec4 v0000014cbc033360_0;
    %ix/load 4, 8, 0;
    %ix/load 5, 0, 0;
    %flag_set/imm 4, 0;
    %assign/vec4/off/d v0000014cbc112f10_0, 4, 5;
    %jmp T_3.58;
T_3.54 ;
    %load/vec4 v0000014cbc033360_0;
    %ix/load 4, 0, 0;
    %ix/load 5, 0, 0;
    %flag_set/imm 4, 0;
    %assign/vec4/off/d v0000014cbc112f10_0, 4, 5;
    %jmp T_3.58;
T_3.55 ;
    %load/vec4 v0000014cbc033360_0;
    %ix/load 4, 8, 0;
    %ix/load 5, 0, 0;
    %flag_set/imm 4, 0;
    %assign/vec4/off/d v0000014cbc0ba530_0, 4, 5;
    %jmp T_3.58;
T_3.56 ;
    %load/vec4 v0000014cbc033360_0;
    %ix/load 4, 0, 0;
    %ix/load 5, 0, 0;
    %flag_set/imm 4, 0;
    %assign/vec4/off/d v0000014cbc0ba530_0, 4, 5;
    %jmp T_3.58;
T_3.57 ;
    %pushi/vec4 1, 0, 1;
    %assign/vec4 v0000014cbc082c00_0, 0;
    %pushi/vec4 1, 0, 1;
    %assign/vec4 v0000014cbc112ab0_0, 0;
    %pushi/vec4 0, 0, 8;
    %assign/vec4 v0000014cbc01b8c0_0, 0;
    %pushi/vec4 6, 0, 4;
    %assign/vec4 v0000014cbc112dd0_0, 0;
    %jmp T_3.58;
T_3.58 ;
    %pop/vec4 1;
    %load/vec4 v0000014cbc01b8c0_0;
    %cmpi/ne 7, 0, 8;
    %jmp/0xz  T_3.59, 4;
    %load/vec4 v0000014cbc01b8c0_0;
    %addi 1, 0, 8;
    %assign/vec4 v0000014cbc01b8c0_0, 0;
T_3.59 ;
    %jmp T_3.16;
T_3.12 ;
    %load/vec4 v0000014cbc01b8c0_0;
    %dup/vec4;
    %pushi/vec4 6, 0, 8;
    %cmp/u;
    %jmp/1 T_3.61, 6;
    %dup/vec4;
    %pushi/vec4 7, 0, 8;
    %cmp/u;
    %jmp/1 T_3.62, 6;
    %jmp T_3.63;
T_3.61 ;
    %jmp T_3.63;
T_3.62 ;
    %load/vec4 v0000014cbc033360_0;
    %pushi/vec4 2, 0, 8;
    %cmp/e;
    %flag_get/vec4 4;
    %assign/vec4 v0000014cbc112a10_0, 0;
    %pushi/vec4 1, 0, 1;
    %assign/vec4 v0000014cbc082c00_0, 0;
    %jmp T_3.63;
T_3.63 ;
    %pop/vec4 1;
    %load/vec4 v0000014cbc01b8c0_0;
    %cmpi/e 27, 0, 8;
    %jmp/0xz  T_3.64, 4;
    %pushi/vec4 7, 0, 4;
    %assign/vec4 v0000014cbc112dd0_0, 0;
    %pushi/vec4 0, 0, 8;
    %assign/vec4 v0000014cbc01b8c0_0, 0;
    %jmp T_3.65;
T_3.64 ;
    %load/vec4 v0000014cbc01b8c0_0;
    %addi 1, 0, 8;
    %assign/vec4 v0000014cbc01b8c0_0, 0;
T_3.65 ;
    %jmp T_3.16;
T_3.13 ;
    %load/vec4 v0000014cbc033360_0;
    %assign/vec4 v0000014cbc112970_0, 0;
    %pushi/vec4 1, 0, 1;
    %assign/vec4 v0000014cbc112790_0, 0;
    %jmp T_3.16;
T_3.14 ;
    %jmp T_3.16;
T_3.16 ;
    %pop/vec4 1;
T_3.6 ;
T_3.5 ;
T_3.3 ;
T_3.1 ;
    %jmp T_3;
    .thread T_3;
    .scope S_0000014cbc0abf40;
T_4 ;
    %pushi/vec4 0, 0, 1;
    %store/vec4 v0000014cbc1126f0_0, 0, 1;
    %pushi/vec4 0, 0, 1;
    %store/vec4 v0000014cbc113e80_0, 0, 1;
    %pushi/vec4 0, 0, 8;
    %store/vec4 v0000014cbc112d30_0, 0, 8;
    %pushi/vec4 0, 0, 1;
    %store/vec4 v0000014cbc112650_0, 0, 1;
    %pushi/vec4 0, 0, 1;
    %store/vec4 v0000014cbc112fb0_0, 0, 1;
    %pushi/vec4 0, 0, 1;
    %store/vec4 v0000014cbc112e70_0, 0, 1;
    %end;
    .thread T_4;
    .scope S_0000014cbc0abf40;
T_5 ;
    %delay 4000, 0;
    %load/vec4 v0000014cbc1126f0_0;
    %inv;
    %store/vec4 v0000014cbc1126f0_0, 0, 1;
    %jmp T_5;
    .thread T_5;
    .scope S_0000014cbc0abf40;
T_6 ;
    %vpi_call 2 53 "$dumpfile", "tb_pkt_parser.vcd" {0 0 0};
    %vpi_call 2 54 "$dumpvars", 32'sb00000000000000000000000000000000, S_0000014cbc0abf40 {0 0 0};
    %end;
    .thread T_6;
    .scope S_0000014cbc0abf40;
T_7 ;
    %pushi/vec4 0, 0, 1;
    %store/vec4 v0000014cbc113e80_0, 0, 1;
    %pushi/vec4 4, 0, 32;
T_7.0 %dup/vec4;
    %pushi/vec4 0, 0, 32;
    %cmp/s;
    %jmp/1xz T_7.1, 5;
    %jmp/1 T_7.1, 4;
    %pushi/vec4 1, 0, 32;
    %sub;
    %wait E_0000014cbc0b0590;
    %jmp T_7.0;
T_7.1 ;
    %pop/vec4 1;
    %pushi/vec4 1, 0, 1;
    %store/vec4 v0000014cbc113e80_0, 0, 1;
    %pushi/vec4 2, 0, 32;
T_7.2 %dup/vec4;
    %pushi/vec4 0, 0, 32;
    %cmp/s;
    %jmp/1xz T_7.3, 5;
    %jmp/1 T_7.3, 4;
    %pushi/vec4 1, 0, 32;
    %sub;
    %wait E_0000014cbc0b0590;
    %jmp T_7.2;
T_7.3 ;
    %pop/vec4 1;
    %vpi_call 2 103 "$display", "--- TEST 1: IPv4/UDP ---" {0 0 0};
    %fork TD_tb_pkt_parser.start_frame, S_0000014cbc0ba3a0;
    %join;
    %pushi/vec4 255, 0, 8;
    %store/vec4 v0000014cbc0a4670_0, 0, 8;
    %fork TD_tb_pkt_parser.send_byte, S_0000014cbc0a44e0;
    %join;
    %pushi/vec4 255, 0, 8;
    %store/vec4 v0000014cbc0a4670_0, 0, 8;
    %fork TD_tb_pkt_parser.send_byte, S_0000014cbc0a44e0;
    %join;
    %pushi/vec4 255, 0, 8;
    %store/vec4 v0000014cbc0a4670_0, 0, 8;
    %fork TD_tb_pkt_parser.send_byte, S_0000014cbc0a44e0;
    %join;
    %pushi/vec4 255, 0, 8;
    %store/vec4 v0000014cbc0a4670_0, 0, 8;
    %fork TD_tb_pkt_parser.send_byte, S_0000014cbc0a44e0;
    %join;
    %pushi/vec4 255, 0, 8;
    %store/vec4 v0000014cbc0a4670_0, 0, 8;
    %fork TD_tb_pkt_parser.send_byte, S_0000014cbc0a44e0;
    %join;
    %pushi/vec4 255, 0, 8;
    %store/vec4 v0000014cbc0a4670_0, 0, 8;
    %fork TD_tb_pkt_parser.send_byte, S_0000014cbc0a44e0;
    %join;
    %pushi/vec4 170, 0, 8;
    %store/vec4 v0000014cbc0a4670_0, 0, 8;
    %fork TD_tb_pkt_parser.send_byte, S_0000014cbc0a44e0;
    %join;
    %pushi/vec4 187, 0, 8;
    %store/vec4 v0000014cbc0a4670_0, 0, 8;
    %fork TD_tb_pkt_parser.send_byte, S_0000014cbc0a44e0;
    %join;
    %pushi/vec4 204, 0, 8;
    %store/vec4 v0000014cbc0a4670_0, 0, 8;
    %fork TD_tb_pkt_parser.send_byte, S_0000014cbc0a44e0;
    %join;
    %pushi/vec4 221, 0, 8;
    %store/vec4 v0000014cbc0a4670_0, 0, 8;
    %fork TD_tb_pkt_parser.send_byte, S_0000014cbc0a44e0;
    %join;
    %pushi/vec4 238, 0, 8;
    %store/vec4 v0000014cbc0a4670_0, 0, 8;
    %fork TD_tb_pkt_parser.send_byte, S_0000014cbc0a44e0;
    %join;
    %pushi/vec4 255, 0, 8;
    %store/vec4 v0000014cbc0a4670_0, 0, 8;
    %fork TD_tb_pkt_parser.send_byte, S_0000014cbc0a44e0;
    %join;
    %pushi/vec4 8, 0, 8;
    %store/vec4 v0000014cbc0a4670_0, 0, 8;
    %fork TD_tb_pkt_parser.send_byte, S_0000014cbc0a44e0;
    %join;
    %pushi/vec4 0, 0, 8;
    %store/vec4 v0000014cbc0a4670_0, 0, 8;
    %fork TD_tb_pkt_parser.send_byte, S_0000014cbc0a44e0;
    %join;
    %pushi/vec4 69, 0, 8;
    %store/vec4 v0000014cbc0a4670_0, 0, 8;
    %fork TD_tb_pkt_parser.send_byte, S_0000014cbc0a44e0;
    %join;
    %pushi/vec4 0, 0, 8;
    %store/vec4 v0000014cbc0a4670_0, 0, 8;
    %fork TD_tb_pkt_parser.send_byte, S_0000014cbc0a44e0;
    %join;
    %pushi/vec4 0, 0, 8;
    %store/vec4 v0000014cbc0a4670_0, 0, 8;
    %fork TD_tb_pkt_parser.send_byte, S_0000014cbc0a44e0;
    %join;
    %pushi/vec4 28, 0, 8;
    %store/vec4 v0000014cbc0a4670_0, 0, 8;
    %fork TD_tb_pkt_parser.send_byte, S_0000014cbc0a44e0;
    %join;
    %pushi/vec4 0, 0, 8;
    %store/vec4 v0000014cbc0a4670_0, 0, 8;
    %fork TD_tb_pkt_parser.send_byte, S_0000014cbc0a44e0;
    %join;
    %pushi/vec4 1, 0, 8;
    %store/vec4 v0000014cbc0a4670_0, 0, 8;
    %fork TD_tb_pkt_parser.send_byte, S_0000014cbc0a44e0;
    %join;
    %pushi/vec4 0, 0, 8;
    %store/vec4 v0000014cbc0a4670_0, 0, 8;
    %fork TD_tb_pkt_parser.send_byte, S_0000014cbc0a44e0;
    %join;
    %pushi/vec4 0, 0, 8;
    %store/vec4 v0000014cbc0a4670_0, 0, 8;
    %fork TD_tb_pkt_parser.send_byte, S_0000014cbc0a44e0;
    %join;
    %pushi/vec4 64, 0, 8;
    %store/vec4 v0000014cbc0a4670_0, 0, 8;
    %fork TD_tb_pkt_parser.send_byte, S_0000014cbc0a44e0;
    %join;
    %pushi/vec4 17, 0, 8;
    %store/vec4 v0000014cbc0a4670_0, 0, 8;
    %fork TD_tb_pkt_parser.send_byte, S_0000014cbc0a44e0;
    %join;
    %pushi/vec4 0, 0, 8;
    %store/vec4 v0000014cbc0a4670_0, 0, 8;
    %fork TD_tb_pkt_parser.send_byte, S_0000014cbc0a44e0;
    %join;
    %pushi/vec4 0, 0, 8;
    %store/vec4 v0000014cbc0a4670_0, 0, 8;
    %fork TD_tb_pkt_parser.send_byte, S_0000014cbc0a44e0;
    %join;
    %pushi/vec4 192, 0, 8;
    %store/vec4 v0000014cbc0a4670_0, 0, 8;
    %fork TD_tb_pkt_parser.send_byte, S_0000014cbc0a44e0;
    %join;
    %pushi/vec4 168, 0, 8;
    %store/vec4 v0000014cbc0a4670_0, 0, 8;
    %fork TD_tb_pkt_parser.send_byte, S_0000014cbc0a44e0;
    %join;
    %pushi/vec4 1, 0, 8;
    %store/vec4 v0000014cbc0a4670_0, 0, 8;
    %fork TD_tb_pkt_parser.send_byte, S_0000014cbc0a44e0;
    %join;
    %pushi/vec4 10, 0, 8;
    %store/vec4 v0000014cbc0a4670_0, 0, 8;
    %fork TD_tb_pkt_parser.send_byte, S_0000014cbc0a44e0;
    %join;
    %pushi/vec4 8, 0, 8;
    %store/vec4 v0000014cbc0a4670_0, 0, 8;
    %fork TD_tb_pkt_parser.send_byte, S_0000014cbc0a44e0;
    %join;
    %pushi/vec4 8, 0, 8;
    %store/vec4 v0000014cbc0a4670_0, 0, 8;
    %fork TD_tb_pkt_parser.send_byte, S_0000014cbc0a44e0;
    %join;
    %pushi/vec4 8, 0, 8;
    %store/vec4 v0000014cbc0a4670_0, 0, 8;
    %fork TD_tb_pkt_parser.send_byte, S_0000014cbc0a44e0;
    %join;
    %pushi/vec4 8, 0, 8;
    %store/vec4 v0000014cbc0a4670_0, 0, 8;
    %fork TD_tb_pkt_parser.send_byte, S_0000014cbc0a44e0;
    %join;
    %pushi/vec4 19, 0, 8;
    %store/vec4 v0000014cbc0a4670_0, 0, 8;
    %fork TD_tb_pkt_parser.send_byte, S_0000014cbc0a44e0;
    %join;
    %pushi/vec4 136, 0, 8;
    %store/vec4 v0000014cbc0a4670_0, 0, 8;
    %fork TD_tb_pkt_parser.send_byte, S_0000014cbc0a44e0;
    %join;
    %pushi/vec4 0, 0, 8;
    %store/vec4 v0000014cbc0a4670_0, 0, 8;
    %fork TD_tb_pkt_parser.send_byte, S_0000014cbc0a44e0;
    %join;
    %pushi/vec4 53, 0, 8;
    %store/vec4 v0000014cbc0a4670_0, 0, 8;
    %fork TD_tb_pkt_parser.send_byte, S_0000014cbc0a44e0;
    %join;
    %pushi/vec4 0, 0, 8;
    %store/vec4 v0000014cbc0a4670_0, 0, 8;
    %fork TD_tb_pkt_parser.send_byte, S_0000014cbc0a44e0;
    %join;
    %pushi/vec4 8, 0, 8;
    %store/vec4 v0000014cbc0a4670_0, 0, 8;
    %fork TD_tb_pkt_parser.send_byte, S_0000014cbc0a44e0;
    %join;
    %pushi/vec4 0, 0, 8;
    %store/vec4 v0000014cbc0a4670_0, 0, 8;
    %fork TD_tb_pkt_parser.send_byte, S_0000014cbc0a44e0;
    %join;
    %pushi/vec4 0, 0, 8;
    %store/vec4 v0000014cbc0a4670_0, 0, 8;
    %fork TD_tb_pkt_parser.send_byte, S_0000014cbc0a44e0;
    %join;
    %pushi/vec4 171, 0, 8;
    %store/vec4 v0000014cbc0a4670_0, 0, 8;
    %fork TD_tb_pkt_parser.send_byte, S_0000014cbc0a44e0;
    %join;
    %pushi/vec4 205, 0, 8;
    %store/vec4 v0000014cbc0a4670_0, 0, 8;
    %fork TD_tb_pkt_parser.send_byte, S_0000014cbc0a44e0;
    %join;
    %pushi/vec4 239, 0, 8;
    %store/vec4 v0000014cbc0a4670_0, 0, 8;
    %fork TD_tb_pkt_parser.send_byte, S_0000014cbc0a44e0;
    %join;
    %pushi/vec4 1, 0, 8;
    %store/vec4 v0000014cbc0a4670_0, 0, 8;
    %fork TD_tb_pkt_parser.send_byte, S_0000014cbc0a44e0;
    %join;
    %fork TD_tb_pkt_parser.end_frame, S_0000014cbc0aad40;
    %join;
    %pushi/vec4 4, 0, 32;
T_7.4 %dup/vec4;
    %pushi/vec4 0, 0, 32;
    %cmp/s;
    %jmp/1xz T_7.5, 5;
    %jmp/1 T_7.5, 4;
    %pushi/vec4 1, 0, 32;
    %sub;
    %wait E_0000014cbc0b0590;
    %jmp T_7.4;
T_7.5 ;
    %pop/vec4 1;
    %load/vec4 v0000014cbc113480_0;
    %cmpi/e 3232235786, 0, 32;
    %jmp/0xz  T_7.6, 4;
    %vpi_call 2 147 "$display", "PASS: src_ip = 192.168.1.10" {0 0 0};
    %jmp T_7.7;
T_7.6 ;
    %vpi_call 2 149 "$display", "FAIL: src_ip = %h (expected C0A8010A)", v0000014cbc113480_0 {0 0 0};
T_7.7 ;
    %load/vec4 v0000014cbc112830_0;
    %cmpi/e 134744072, 0, 32;
    %jmp/0xz  T_7.8, 4;
    %vpi_call 2 152 "$display", "PASS: dst_ip = 8.8.8.8" {0 0 0};
    %jmp T_7.9;
T_7.8 ;
    %vpi_call 2 154 "$display", "FAIL: dst_ip = %h (expected 08080808)", v0000014cbc112830_0 {0 0 0};
T_7.9 ;
    %load/vec4 v0000014cbc1133e0_0;
    %cmpi/e 17, 0, 8;
    %jmp/0xz  T_7.10, 4;
    %vpi_call 2 157 "$display", "PASS: protocol = UDP" {0 0 0};
    %jmp T_7.11;
T_7.10 ;
    %vpi_call 2 159 "$display", "FAIL: protocol = %h (expected 11)", v0000014cbc1133e0_0 {0 0 0};
T_7.11 ;
    %load/vec4 v0000014cbc113160_0;
    %cmpi/e 5000, 0, 16;
    %jmp/0xz  T_7.12, 4;
    %vpi_call 2 162 "$display", "PASS: src_port = 5000" {0 0 0};
    %jmp T_7.13;
T_7.12 ;
    %vpi_call 2 164 "$display", "FAIL: src_port = %h (expected 1388)", v0000014cbc113160_0 {0 0 0};
T_7.13 ;
    %load/vec4 v0000014cbc112c90_0;
    %cmpi/e 53, 0, 16;
    %jmp/0xz  T_7.14, 4;
    %vpi_call 2 167 "$display", "PASS: dst_port = 53" {0 0 0};
    %jmp T_7.15;
T_7.14 ;
    %vpi_call 2 169 "$display", "FAIL: dst_port = %h (expected 0035)", v0000014cbc112c90_0 {0 0 0};
T_7.15 ;
    %pushi/vec4 4, 0, 32;
T_7.16 %dup/vec4;
    %pushi/vec4 0, 0, 32;
    %cmp/s;
    %jmp/1xz T_7.17, 5;
    %jmp/1 T_7.17, 4;
    %pushi/vec4 1, 0, 32;
    %sub;
    %wait E_0000014cbc0b0590;
    %jmp T_7.16;
T_7.17 ;
    %pop/vec4 1;
    %vpi_call 2 181 "$display", "--- TEST 2: IPv4/TCP SYN ---" {0 0 0};
    %fork TD_tb_pkt_parser.start_frame, S_0000014cbc0ba3a0;
    %join;
    %pushi/vec4 255, 0, 8;
    %store/vec4 v0000014cbc0a4670_0, 0, 8;
    %fork TD_tb_pkt_parser.send_byte, S_0000014cbc0a44e0;
    %join;
    %pushi/vec4 255, 0, 8;
    %store/vec4 v0000014cbc0a4670_0, 0, 8;
    %fork TD_tb_pkt_parser.send_byte, S_0000014cbc0a44e0;
    %join;
    %pushi/vec4 255, 0, 8;
    %store/vec4 v0000014cbc0a4670_0, 0, 8;
    %fork TD_tb_pkt_parser.send_byte, S_0000014cbc0a44e0;
    %join;
    %pushi/vec4 255, 0, 8;
    %store/vec4 v0000014cbc0a4670_0, 0, 8;
    %fork TD_tb_pkt_parser.send_byte, S_0000014cbc0a44e0;
    %join;
    %pushi/vec4 255, 0, 8;
    %store/vec4 v0000014cbc0a4670_0, 0, 8;
    %fork TD_tb_pkt_parser.send_byte, S_0000014cbc0a44e0;
    %join;
    %pushi/vec4 255, 0, 8;
    %store/vec4 v0000014cbc0a4670_0, 0, 8;
    %fork TD_tb_pkt_parser.send_byte, S_0000014cbc0a44e0;
    %join;
    %pushi/vec4 17, 0, 8;
    %store/vec4 v0000014cbc0a4670_0, 0, 8;
    %fork TD_tb_pkt_parser.send_byte, S_0000014cbc0a44e0;
    %join;
    %pushi/vec4 34, 0, 8;
    %store/vec4 v0000014cbc0a4670_0, 0, 8;
    %fork TD_tb_pkt_parser.send_byte, S_0000014cbc0a44e0;
    %join;
    %pushi/vec4 51, 0, 8;
    %store/vec4 v0000014cbc0a4670_0, 0, 8;
    %fork TD_tb_pkt_parser.send_byte, S_0000014cbc0a44e0;
    %join;
    %pushi/vec4 68, 0, 8;
    %store/vec4 v0000014cbc0a4670_0, 0, 8;
    %fork TD_tb_pkt_parser.send_byte, S_0000014cbc0a44e0;
    %join;
    %pushi/vec4 85, 0, 8;
    %store/vec4 v0000014cbc0a4670_0, 0, 8;
    %fork TD_tb_pkt_parser.send_byte, S_0000014cbc0a44e0;
    %join;
    %pushi/vec4 102, 0, 8;
    %store/vec4 v0000014cbc0a4670_0, 0, 8;
    %fork TD_tb_pkt_parser.send_byte, S_0000014cbc0a44e0;
    %join;
    %pushi/vec4 8, 0, 8;
    %store/vec4 v0000014cbc0a4670_0, 0, 8;
    %fork TD_tb_pkt_parser.send_byte, S_0000014cbc0a44e0;
    %join;
    %pushi/vec4 0, 0, 8;
    %store/vec4 v0000014cbc0a4670_0, 0, 8;
    %fork TD_tb_pkt_parser.send_byte, S_0000014cbc0a44e0;
    %join;
    %pushi/vec4 69, 0, 8;
    %store/vec4 v0000014cbc0a4670_0, 0, 8;
    %fork TD_tb_pkt_parser.send_byte, S_0000014cbc0a44e0;
    %join;
    %pushi/vec4 0, 0, 8;
    %store/vec4 v0000014cbc0a4670_0, 0, 8;
    %fork TD_tb_pkt_parser.send_byte, S_0000014cbc0a44e0;
    %join;
    %pushi/vec4 0, 0, 8;
    %store/vec4 v0000014cbc0a4670_0, 0, 8;
    %fork TD_tb_pkt_parser.send_byte, S_0000014cbc0a44e0;
    %join;
    %pushi/vec4 40, 0, 8;
    %store/vec4 v0000014cbc0a4670_0, 0, 8;
    %fork TD_tb_pkt_parser.send_byte, S_0000014cbc0a44e0;
    %join;
    %pushi/vec4 0, 0, 8;
    %store/vec4 v0000014cbc0a4670_0, 0, 8;
    %fork TD_tb_pkt_parser.send_byte, S_0000014cbc0a44e0;
    %join;
    %pushi/vec4 2, 0, 8;
    %store/vec4 v0000014cbc0a4670_0, 0, 8;
    %fork TD_tb_pkt_parser.send_byte, S_0000014cbc0a44e0;
    %join;
    %pushi/vec4 0, 0, 8;
    %store/vec4 v0000014cbc0a4670_0, 0, 8;
    %fork TD_tb_pkt_parser.send_byte, S_0000014cbc0a44e0;
    %join;
    %pushi/vec4 0, 0, 8;
    %store/vec4 v0000014cbc0a4670_0, 0, 8;
    %fork TD_tb_pkt_parser.send_byte, S_0000014cbc0a44e0;
    %join;
    %pushi/vec4 64, 0, 8;
    %store/vec4 v0000014cbc0a4670_0, 0, 8;
    %fork TD_tb_pkt_parser.send_byte, S_0000014cbc0a44e0;
    %join;
    %pushi/vec4 6, 0, 8;
    %store/vec4 v0000014cbc0a4670_0, 0, 8;
    %fork TD_tb_pkt_parser.send_byte, S_0000014cbc0a44e0;
    %join;
    %pushi/vec4 0, 0, 8;
    %store/vec4 v0000014cbc0a4670_0, 0, 8;
    %fork TD_tb_pkt_parser.send_byte, S_0000014cbc0a44e0;
    %join;
    %pushi/vec4 0, 0, 8;
    %store/vec4 v0000014cbc0a4670_0, 0, 8;
    %fork TD_tb_pkt_parser.send_byte, S_0000014cbc0a44e0;
    %join;
    %pushi/vec4 10, 0, 8;
    %store/vec4 v0000014cbc0a4670_0, 0, 8;
    %fork TD_tb_pkt_parser.send_byte, S_0000014cbc0a44e0;
    %join;
    %pushi/vec4 0, 0, 8;
    %store/vec4 v0000014cbc0a4670_0, 0, 8;
    %fork TD_tb_pkt_parser.send_byte, S_0000014cbc0a44e0;
    %join;
    %pushi/vec4 0, 0, 8;
    %store/vec4 v0000014cbc0a4670_0, 0, 8;
    %fork TD_tb_pkt_parser.send_byte, S_0000014cbc0a44e0;
    %join;
    %pushi/vec4 1, 0, 8;
    %store/vec4 v0000014cbc0a4670_0, 0, 8;
    %fork TD_tb_pkt_parser.send_byte, S_0000014cbc0a44e0;
    %join;
    %pushi/vec4 10, 0, 8;
    %store/vec4 v0000014cbc0a4670_0, 0, 8;
    %fork TD_tb_pkt_parser.send_byte, S_0000014cbc0a44e0;
    %join;
    %pushi/vec4 0, 0, 8;
    %store/vec4 v0000014cbc0a4670_0, 0, 8;
    %fork TD_tb_pkt_parser.send_byte, S_0000014cbc0a44e0;
    %join;
    %pushi/vec4 0, 0, 8;
    %store/vec4 v0000014cbc0a4670_0, 0, 8;
    %fork TD_tb_pkt_parser.send_byte, S_0000014cbc0a44e0;
    %join;
    %pushi/vec4 2, 0, 8;
    %store/vec4 v0000014cbc0a4670_0, 0, 8;
    %fork TD_tb_pkt_parser.send_byte, S_0000014cbc0a44e0;
    %join;
    %pushi/vec4 48, 0, 8;
    %store/vec4 v0000014cbc0a4670_0, 0, 8;
    %fork TD_tb_pkt_parser.send_byte, S_0000014cbc0a44e0;
    %join;
    %pushi/vec4 57, 0, 8;
    %store/vec4 v0000014cbc0a4670_0, 0, 8;
    %fork TD_tb_pkt_parser.send_byte, S_0000014cbc0a44e0;
    %join;
    %pushi/vec4 0, 0, 8;
    %store/vec4 v0000014cbc0a4670_0, 0, 8;
    %fork TD_tb_pkt_parser.send_byte, S_0000014cbc0a44e0;
    %join;
    %pushi/vec4 80, 0, 8;
    %store/vec4 v0000014cbc0a4670_0, 0, 8;
    %fork TD_tb_pkt_parser.send_byte, S_0000014cbc0a44e0;
    %join;
    %pushi/vec4 0, 0, 8;
    %store/vec4 v0000014cbc0a4670_0, 0, 8;
    %fork TD_tb_pkt_parser.send_byte, S_0000014cbc0a44e0;
    %join;
    %pushi/vec4 0, 0, 8;
    %store/vec4 v0000014cbc0a4670_0, 0, 8;
    %fork TD_tb_pkt_parser.send_byte, S_0000014cbc0a44e0;
    %join;
    %pushi/vec4 0, 0, 8;
    %store/vec4 v0000014cbc0a4670_0, 0, 8;
    %fork TD_tb_pkt_parser.send_byte, S_0000014cbc0a44e0;
    %join;
    %pushi/vec4 1, 0, 8;
    %store/vec4 v0000014cbc0a4670_0, 0, 8;
    %fork TD_tb_pkt_parser.send_byte, S_0000014cbc0a44e0;
    %join;
    %pushi/vec4 0, 0, 8;
    %store/vec4 v0000014cbc0a4670_0, 0, 8;
    %fork TD_tb_pkt_parser.send_byte, S_0000014cbc0a44e0;
    %join;
    %pushi/vec4 0, 0, 8;
    %store/vec4 v0000014cbc0a4670_0, 0, 8;
    %fork TD_tb_pkt_parser.send_byte, S_0000014cbc0a44e0;
    %join;
    %pushi/vec4 0, 0, 8;
    %store/vec4 v0000014cbc0a4670_0, 0, 8;
    %fork TD_tb_pkt_parser.send_byte, S_0000014cbc0a44e0;
    %join;
    %pushi/vec4 0, 0, 8;
    %store/vec4 v0000014cbc0a4670_0, 0, 8;
    %fork TD_tb_pkt_parser.send_byte, S_0000014cbc0a44e0;
    %join;
    %pushi/vec4 80, 0, 8;
    %store/vec4 v0000014cbc0a4670_0, 0, 8;
    %fork TD_tb_pkt_parser.send_byte, S_0000014cbc0a44e0;
    %join;
    %pushi/vec4 0, 0, 8;
    %store/vec4 v0000014cbc0a4670_0, 0, 8;
    %fork TD_tb_pkt_parser.send_byte, S_0000014cbc0a44e0;
    %join;
    %pushi/vec4 2, 0, 8;
    %store/vec4 v0000014cbc0a4670_0, 0, 8;
    %fork TD_tb_pkt_parser.send_byte, S_0000014cbc0a44e0;
    %join;
    %pushi/vec4 255, 0, 8;
    %store/vec4 v0000014cbc0a4670_0, 0, 8;
    %fork TD_tb_pkt_parser.send_byte, S_0000014cbc0a44e0;
    %join;
    %pushi/vec4 255, 0, 8;
    %store/vec4 v0000014cbc0a4670_0, 0, 8;
    %fork TD_tb_pkt_parser.send_byte, S_0000014cbc0a44e0;
    %join;
    %pushi/vec4 0, 0, 8;
    %store/vec4 v0000014cbc0a4670_0, 0, 8;
    %fork TD_tb_pkt_parser.send_byte, S_0000014cbc0a44e0;
    %join;
    %pushi/vec4 0, 0, 8;
    %store/vec4 v0000014cbc0a4670_0, 0, 8;
    %fork TD_tb_pkt_parser.send_byte, S_0000014cbc0a44e0;
    %join;
    %pushi/vec4 0, 0, 8;
    %store/vec4 v0000014cbc0a4670_0, 0, 8;
    %fork TD_tb_pkt_parser.send_byte, S_0000014cbc0a44e0;
    %join;
    %pushi/vec4 0, 0, 8;
    %store/vec4 v0000014cbc0a4670_0, 0, 8;
    %fork TD_tb_pkt_parser.send_byte, S_0000014cbc0a44e0;
    %join;
    %fork TD_tb_pkt_parser.end_frame, S_0000014cbc0aad40;
    %join;
    %pushi/vec4 4, 0, 32;
T_7.18 %dup/vec4;
    %pushi/vec4 0, 0, 32;
    %cmp/s;
    %jmp/1xz T_7.19, 5;
    %jmp/1 T_7.19, 4;
    %pushi/vec4 1, 0, 32;
    %sub;
    %wait E_0000014cbc0b0590;
    %jmp T_7.18;
T_7.19 ;
    %pop/vec4 1;
    %load/vec4 v0000014cbc1133e0_0;
    %cmpi/e 6, 0, 8;
    %jmp/0xz  T_7.20, 4;
    %vpi_call 2 227 "$display", "PASS: protocol = TCP" {0 0 0};
    %jmp T_7.21;
T_7.20 ;
    %vpi_call 2 229 "$display", "FAIL: protocol = %h (expected 06)", v0000014cbc1133e0_0 {0 0 0};
T_7.21 ;
    %load/vec4 v0000014cbc114600_0;
    %flag_set/vec4 9;
    %flag_get/vec4 9;
    %jmp/0 T_7.24, 9;
    %load/vec4 v0000014cbc113700_0;
    %nor/r;
    %and;
T_7.24;
    %flag_set/vec4 8;
    %jmp/0xz  T_7.22, 8;
    %vpi_call 2 232 "$display", "PASS: SYN flag set, ACK clear" {0 0 0};
    %jmp T_7.23;
T_7.22 ;
    %vpi_call 2 234 "$display", "FAIL: SYN=%b ACK=%b (expected SYN=1 ACK=0)", v0000014cbc114600_0, v0000014cbc113700_0 {0 0 0};
T_7.23 ;
    %load/vec4 v0000014cbc112c90_0;
    %cmpi/e 80, 0, 16;
    %jmp/0xz  T_7.25, 4;
    %vpi_call 2 237 "$display", "PASS: dst_port = 80" {0 0 0};
    %jmp T_7.26;
T_7.25 ;
    %vpi_call 2 239 "$display", "FAIL: dst_port = %h (expected 0050)", v0000014cbc112c90_0 {0 0 0};
T_7.26 ;
    %pushi/vec4 4, 0, 32;
T_7.27 %dup/vec4;
    %pushi/vec4 0, 0, 32;
    %cmp/s;
    %jmp/1xz T_7.28, 5;
    %jmp/1 T_7.28, 4;
    %pushi/vec4 1, 0, 32;
    %sub;
    %wait E_0000014cbc0b0590;
    %jmp T_7.27;
T_7.28 ;
    %pop/vec4 1;
    %vpi_call 2 242 "$display", "Simulation complete." {0 0 0};
    %vpi_call 2 243 "$finish" {0 0 0};
    %end;
    .thread T_7;
# The file index is used to find the file name in the following table.
:file_names 4;
    "N/A";
    "<interactive>";
    "tb_pkt_parser.v";
    "pkt_header_parser.v";
